#
# A fatal error has been detected by the Java Runtime Environment:
#
#  SIGSEGV (0xb) at pc=0x00007efc93edb152, pid=32294, tid=0x00007efc94b325c0
#
# JRE version: OpenJDK Runtime Environment (8.0_222-b05) (build 1.8.0_222-b05)
# Java VM: OpenJDK 64-Bit Server VM (25.222-b05 mixed mode linux-amd64 compressed oops)
# Problematic frame:
# V  [libjvm.so+0x64b152]
#
# Core dump written. Default location: /media/storage/home/code/libnji/tools/njic/core or core.32294
#
# If you would like to submit a bug report, please visit:
#   http://bugreport.java.com/bugreport/crash.jsp
#

---------------  T H R E A D  ---------------

Current thread (0x000055d2157fd800):  JavaThread "main" [_thread_in_vm, id=32294, stack(0x00007ffde0ece000,0x00007ffde0fce000)]

siginfo: si_signo: 11 (SIGSEGV), si_code: 1 (SEGV_MAPERR), si_addr: 0x0000000000000000

Registers:
RAX=0x00007efc9430aa88, RBX=0x000055d2157fd800, RCX=0x000055d215803300, RDX=0x000055d2157e9e48
RSP=0x00007ffde0fcc5c0, RBP=0x00007ffde0fcc640, RSI=0x000055d2157fd800, RDI=0x000055d2157fd800
R8 =0x00007efc94e88a10, R9 =0x00007efc9467db40, R10=0x00007ffde0fcc5a0, R11=0x00007efc93edb0e0
R12=0x0000000000000000, R13=0x0000000000000000, R14=0x0000000000000000, R15=0x00007efc94601320
RIP=0x00007efc93edb152, EFLAGS=0x0000000000010246, CSGSFS=0x002b000000000033, ERR=0x0000000000000004
  TRAPNO=0x000000000000000e

Top of Stack: (sp=0x00007ffde0fcc5c0)
0x00007ffde0fcc5c0:   000055d2157fd800 000055d2157e9e40
0x00007ffde0fcc5d0:   00007efc0000053e 00007efc9430aa88
0x00007ffde0fcc5e0:   00007efc94a5afcc 00007efc9467e440
0x00007ffde0fcc5f0:   00007efc94597b40 00007efc94d848de
0x00007ffde0fcc600:   00007efc94d85380 00007efc9467211d
0x00007ffde0fcc610:   00007efc946be9b0 00007ffde0fcc6f0
0x00007ffde0fcc620:   00007ffde0fcc788 00007ffde0fcc650
0x00007ffde0fcc630:   0000000000000000 00007efc94601320
0x00007ffde0fcc640:   00007ffde0fcc650 00007efc946006d0
0x00007ffde0fcc650:   000000000000000e 00007ffde0fcc790
0x00007ffde0fcc660:   00007ffde0fcc740 00007efc946000a0
0x00007ffde0fcc670:   0000000000000001 0000000000000000
0x00007ffde0fcc680:   00007ffde0fcc870 00007efc93edb0e0
0x00007ffde0fcc690:   00007ffde0fcc780 00007ffde0fcc650
0x00007ffde0fcc6a0:   00007ffde0fcc790 00007ffde0fcc5a0
0x00007ffde0fcc6b0:   00007ffde0fcc870 0000000000000000
0x00007ffde0fcc6c0:   00007efc00000003 00007ffde0fcc6ec
0x00007ffde0fcc6d0:   00007ffde0fcc6e8 00007ffde0fcc768
0x00007ffde0fcc6e0:   00007efc94e81220 0000000000000001
0x00007ffde0fcc6f0:   000055d200000002 00007ffde0fcc790
0x00007ffde0fcc700:   00007ffde0fcc8d0 d5b2838d141d8400
0x00007ffde0fcc710:   00007ffde0fcc870 00007ffde0fcc790
0x00007ffde0fcc720:   0000000000000003 00007ffde0fcc870
0x00007ffde0fcc730:   0000000000000000 0000000000000000
0x00007ffde0fcc740:   00007ffde0fcc8d0 00007efc9466fda7
0x00007ffde0fcc750:   00007efc9467ded0 00007efc9467ded0
0x00007ffde0fcc760:   00007efc9467e030 00007efc9466ea81
0x00007ffde0fcc770:   00007ffde0fcc7b0 00007ffde0fcc7d0
0x00007ffde0fcc780:   00007ffde0fcc7f0 00007efc9466f6ff
0x00007ffde0fcc790:   0000000000000003 00007efc9466fb41
0x00007ffde0fcc7a0:   00007efc9467ded0 00007efc946bed70
0x00007ffde0fcc7b0:   000055d2157fd9e0 0000000000000000 

Instructions: (pc=0x00007efc93edb152)
0x00007efc93edb132:   5d 80 48 c7 45 88 00 00 00 00 74 0a 48 8d 7d 80
0x00007efc93edb142:   67 e8 c8 7f 27 00 41 f6 c5 01 0f 85 e6 00 00 00
0x00007efc93edb152:   4d 8b 6d 00 48 8d 05 37 87 65 00 48 8d 15 66 71
0x00007efc93edb162:   65 00 48 63 00 4c 01 e8 80 3a 00 0f 85 9d 00 00 

Register to memory mapping:

RAX=0x00007efc9430aa88: <offset 0xa7aa88> in /usr/lib/jvm/java-8-openjdk/jre/lib/amd64/server/libjvm.so at 0x00007efc93890000
RBX=0x000055d2157fd800 is a thread
RCX=0x000055d215803300 is an unknown value
RDX=0x000055d2157e9e48 is an unknown value
RSP=0x00007ffde0fcc5c0 is pointing into the stack for thread: 0x000055d2157fd800
RBP=0x00007ffde0fcc640 is pointing into the stack for thread: 0x000055d2157fd800
RSI=0x000055d2157fd800 is a thread
RDI=0x000055d2157fd800 is a thread
R8 =0x00007efc94e88a10: _Py_ZeroStruct+0 in /usr/lib/libpython2.7.so.1.0 at 0x00007efc94c83000
R9 =0x00007efc9467db40: PyCArg_Type+0 in /usr/lib/python2.7/lib-dynload/_ctypes.so at 0x00007efc9465f000
R10=0x00007ffde0fcc5a0 is pointing into the stack for thread: 0x000055d2157fd800
R11=0x00007efc93edb0e0: <offset 0x64b0e0> in /usr/lib/jvm/java-8-openjdk/jre/lib/amd64/server/libjvm.so at 0x00007efc93890000
R12=0x0000000000000000 is an unknown value
R13=0x0000000000000000 is an unknown value
R14=0x0000000000000000 is an unknown value
R15=0x00007efc94601320: <offset 0x7320> in /usr/lib/libffi.so.6 at 0x00007efc945fa000


Stack: [0x00007ffde0ece000,0x00007ffde0fce000],  sp=0x00007ffde0fcc5c0,  free space=1017k
Native frames: (J=compiled Java code, j=interpreted, Vv=VM code, C=native code)
V  [libjvm.so+0x64b152]
C  [libffi.so.6+0x66d0]  ffi_call_unix64+0x4c
C  0x00007ffde0fcc790


---------------  P R O C E S S  ---------------

Java Threads: ( => current thread )
  0x000055d21591a800 JavaThread "Service Thread" daemon [_thread_blocked, id=32329, stack(0x00007efc698d9000,0x00007efc699da000)]
  0x000055d215917800 JavaThread "C1 CompilerThread11" daemon [_thread_blocked, id=32328, stack(0x00007efc699db000,0x00007efc69adb000)]
  0x000055d215915800 JavaThread "C1 CompilerThread10" daemon [_thread_blocked, id=32327, stack(0x00007efc69adc000,0x00007efc69bdc000)]
  0x000055d215913800 JavaThread "C1 CompilerThread9" daemon [_thread_blocked, id=32326, stack(0x00007efc69bdd000,0x00007efc69cdd000)]
  0x000055d215911000 JavaThread "C1 CompilerThread8" daemon [_thread_blocked, id=32325, stack(0x00007efc69cde000,0x00007efc69dde000)]
  0x000055d21590f000 JavaThread "C2 CompilerThread7" daemon [_thread_blocked, id=32324, stack(0x00007efc69ddf000,0x00007efc69edf000)]
  0x000055d21590d000 JavaThread "C2 CompilerThread6" daemon [_thread_blocked, id=32323, stack(0x00007efc69ee0000,0x00007efc69fe0000)]
  0x000055d21590b000 JavaThread "C2 CompilerThread5" daemon [_thread_blocked, id=32322, stack(0x00007efc69fe1000,0x00007efc6a0e1000)]
  0x000055d215901000 JavaThread "C2 CompilerThread4" daemon [_thread_blocked, id=32321, stack(0x00007efc6a0e2000,0x00007efc6a1e2000)]
  0x000055d2158fe800 JavaThread "C2 CompilerThread3" daemon [_thread_blocked, id=32320, stack(0x00007efc6a1e3000,0x00007efc6a2e3000)]
  0x000055d2158fc800 JavaThread "C2 CompilerThread2" daemon [_thread_blocked, id=32319, stack(0x00007efc6a2e4000,0x00007efc6a3e4000)]
  0x000055d2158fa800 JavaThread "C2 CompilerThread1" daemon [_thread_blocked, id=32318, stack(0x00007efc6a3e5000,0x00007efc6a4e5000)]
  0x000055d2158f8000 JavaThread "C2 CompilerThread0" daemon [_thread_blocked, id=32317, stack(0x00007efc6a4e6000,0x00007efc6a5e6000)]
  0x000055d2158f6800 JavaThread "Signal Dispatcher" daemon [_thread_blocked, id=32316, stack(0x00007efc6a5e6000,0x00007efc6a6e7000)]
  0x000055d2158c5800 JavaThread "Finalizer" daemon [_thread_blocked, id=32315, stack(0x00007efc6a6e7000,0x00007efc6a7e8000)]
  0x000055d2158c3000 JavaThread "Reference Handler" daemon [_thread_blocked, id=32314, stack(0x00007efc6a7e8000,0x00007efc6a8e9000)]
=>0x000055d2157fd800 JavaThread "main" [_thread_in_vm, id=32294, stack(0x00007ffde0ece000,0x00007ffde0fce000)]

Other Threads:
  0x000055d2158b9800 VMThread [stack: 0x00007efc6a8ea000,0x00007efc6a9ea000] [id=32313]
  0x000055d21591d000 WatcherThread [stack: 0x00007efc697d9000,0x00007efc698d9000] [id=32330]

VM state:not at safepoint (normal execution)

VM Mutex/Monitor currently owned by a thread: None

heap address: 0x00000004cdc00000, size: 12068 MB, Compressed Oops mode: Zero based, Oop shift amount: 3
Narrow klass base: 0x0000000000000000, Narrow klass shift: 3
Compressed class space size: 1073741824 Address: 0x00000007c0000000

Heap:
 PSYoungGen      total 225792K, used 3870K [0x00000006c4980000, 0x00000006d4580000, 0x00000007c0000000)
  eden space 193536K, 2% used [0x00000006c4980000,0x00000006c4d47af0,0x00000006d0680000)
  from space 32256K, 0% used [0x00000006d2600000,0x00000006d2600000,0x00000006d4580000)
  to   space 32256K, 0% used [0x00000006d0680000,0x00000006d0680000,0x00000006d2600000)
 ParOldGen       total 516096K, used 0K [0x00000004cdc00000, 0x00000004ed400000, 0x00000006c4980000)
  object space 516096K, 0% used [0x00000004cdc00000,0x00000004cdc00000,0x00000004ed400000)
 Metaspace       used 2190K, capacity 4480K, committed 4480K, reserved 1056768K
  class space    used 233K, capacity 384K, committed 384K, reserved 1048576K

Card table byte_map: [0x00007efc82ac1000,0x00007efc84254000] byte_map_base: 0x00007efc80453000

Marking Bits: (ParMarkBitMap*) 0x00007efc9453bc40
 Begin Bits: [0x00007efbf06e0000, 0x00007efbfc370000)
 End Bits:   [0x00007efbfc370000, 0x00007efc08000000)

Polling page: 0x00007efc950af000

CodeCache: size=245760Kb used=2751Kb max_used=2760Kb free=243008Kb
 bounds [0x00007efc84614000, 0x00007efc848d4000, 0x00007efc93614000]
 total_blobs=225 nmethods=3 adapters=136
 compilation: enabled

Compilation events (5 events):
Event: 0.064 Thread 0x000055d215911000    1       3       java.lang.String::equals (81 bytes)
Event: 0.064 Thread 0x000055d215915800    2       3       java.lang.Object::<init> (1 bytes)
Event: 0.065 Thread 0x000055d215911000 nmethod 1 0x00007efc8482e590 code [0x00007efc8482e720, 0x00007efc8482ec70]
Event: 0.065 Thread 0x000055d215915800 nmethod 2 0x00007efc8482e190 code [0x00007efc8482e300, 0x00007efc8482e450]
Event: 0.065 Thread 0x000055d215913800    3       3       java.lang.String::indexOf (70 bytes)

GC Heap History (0 events):
No events

Deoptimization events (0 events):
No events

Classes redefined (0 events):
No events

Internal exceptions (3 events):
Event: 0.034 Thread 0x000055d2157fd800 Exception <a 'java/lang/NoSuchMethodError': Method sun.misc.Unsafe.defineClass(Ljava/lang/String;[BII)Ljava/lang/Class; name or signature does not match> (0x00000006c4987cb0) thrown at [/build/java8-openjdk/src/jdk8u-jdk8u222-b05/hotspot/src/share/vm/prim
Event: 0.034 Thread 0x000055d2157fd800 Exception <a 'java/lang/NoSuchMethodError': Method sun.misc.Unsafe.prefetchRead(Ljava/lang/Object;J)V name or signature does not match> (0x00000006c4987f98) thrown at [/build/java8-openjdk/src/jdk8u-jdk8u222-b05/hotspot/src/share/vm/prims/jni.cpp, line 40
Event: 0.065 Thread 0x000055d2157fd800 Exception <a 'java/lang/NullPointerException'> (0x00000006c49d0ca8) thrown at [/build/java8-openjdk/src/jdk8u-jdk8u222-b05/hotspot/src/share/vm/prims/jni.cpp, line 1342]

Events (10 events):
Event: 0.063 loading class java/lang/invoke/MethodHandleStatics done
Event: 0.064 loading class java/lang/invoke/MethodHandleStatics$1
Event: 0.064 loading class java/lang/invoke/MethodHandleStatics$1 done
Event: 0.064 Thread 0x000055d21591a800 Thread added: 0x000055d21591a800
Event: 0.064 loading class sun/misc/PostVMInitHook
Event: 0.064 loading class sun/misc/PostVMInitHook done
Event: 0.065 loading class java/io/UnsupportedEncodingException
Event: 0.065 loading class java/io/IOException
Event: 0.065 loading class java/io/IOException done
Event: 0.065 loading class java/io/UnsupportedEncodingException done


Dynamic libraries:
4cdc00000-4ed400000 rw-p 00000000 00:00 0 
4ed400000-6c4980000 ---p 00000000 00:00 0 
6c4980000-6d4580000 rw-p 00000000 00:00 0 
6d4580000-7c0000000 ---p 00000000 00:00 0 
7c0000000-7c0060000 rw-p 00000000 00:00 0 
7c0060000-800000000 ---p 00000000 00:00 0 
55d215391000-55d215392000 r--p 00000000 08:33 3978670                    /usr/bin/python2.7
55d215392000-55d215393000 r-xp 00001000 08:33 3978670                    /usr/bin/python2.7
55d215393000-55d215394000 r--p 00002000 08:33 3978670                    /usr/bin/python2.7
55d215394000-55d215395000 r--p 00002000 08:33 3978670                    /usr/bin/python2.7
55d215395000-55d215396000 rw-p 00003000 08:33 3978670                    /usr/bin/python2.7
55d2156f8000-55d21592b000 rw-p 00000000 00:00 0                          [heap]
7efbac000000-7efbac021000 rw-p 00000000 00:00 0 
7efbac021000-7efbb0000000 ---p 00000000 00:00 0 
7efbb0000000-7efbb0021000 rw-p 00000000 00:00 0 
7efbb0021000-7efbb4000000 ---p 00000000 00:00 0 
7efbb4000000-7efbb4021000 rw-p 00000000 00:00 0 
7efbb4021000-7efbb8000000 ---p 00000000 00:00 0 
7efbb8000000-7efbb8021000 rw-p 00000000 00:00 0 
7efbb8021000-7efbbc000000 ---p 00000000 00:00 0 
7efbbc000000-7efbbc021000 rw-p 00000000 00:00 0 
7efbbc021000-7efbc0000000 ---p 00000000 00:00 0 
7efbc0000000-7efbc0021000 rw-p 00000000 00:00 0 
7efbc0021000-7efbc4000000 ---p 00000000 00:00 0 
7efbc4000000-7efbc4021000 rw-p 00000000 00:00 0 
7efbc4021000-7efbc8000000 ---p 00000000 00:00 0 
7efbc8000000-7efbc8021000 rw-p 00000000 00:00 0 
7efbc8021000-7efbcc000000 ---p 00000000 00:00 0 
7efbcc000000-7efbcc021000 rw-p 00000000 00:00 0 
7efbcc021000-7efbd0000000 ---p 00000000 00:00 0 
7efbd0000000-7efbd0021000 rw-p 00000000 00:00 0 
7efbd0021000-7efbd4000000 ---p 00000000 00:00 0 
7efbd4000000-7efbd4021000 rw-p 00000000 00:00 0 
7efbd4021000-7efbd8000000 ---p 00000000 00:00 0 
7efbd8000000-7efbd8021000 rw-p 00000000 00:00 0 
7efbd8021000-7efbdc000000 ---p 00000000 00:00 0 
7efbdc000000-7efbdc07f000 rw-p 00000000 00:00 0 
7efbdc07f000-7efbe0000000 ---p 00000000 00:00 0 
7efbe0000000-7efbe0021000 rw-p 00000000 00:00 0 
7efbe0021000-7efbe4000000 ---p 00000000 00:00 0 
7efbe4000000-7efbe4021000 rw-p 00000000 00:00 0 
7efbe4021000-7efbe8000000 ---p 00000000 00:00 0 
7efbe8000000-7efbe8021000 rw-p 00000000 00:00 0 
7efbe8021000-7efbec000000 ---p 00000000 00:00 0 
7efbec000000-7efbec021000 rw-p 00000000 00:00 0 
7efbec021000-7efbf0000000 ---p 00000000 00:00 0 
7efbf06e0000-7efc08000000 rw-p 00000000 00:00 0 
7efc08000000-7efc08021000 rw-p 00000000 00:00 0 
7efc08021000-7efc0c000000 ---p 00000000 00:00 0 
7efc0c000000-7efc0c021000 rw-p 00000000 00:00 0 
7efc0c021000-7efc10000000 ---p 00000000 00:00 0 
7efc10000000-7efc10021000 rw-p 00000000 00:00 0 
7efc10021000-7efc14000000 ---p 00000000 00:00 0 
7efc18000000-7efc18021000 rw-p 00000000 00:00 0 
7efc18021000-7efc1c000000 ---p 00000000 00:00 0 
7efc20000000-7efc20021000 rw-p 00000000 00:00 0 
7efc20021000-7efc24000000 ---p 00000000 00:00 0 
7efc28000000-7efc28021000 rw-p 00000000 00:00 0 
7efc28021000-7efc2c000000 ---p 00000000 00:00 0 
7efc30000000-7efc30021000 rw-p 00000000 00:00 0 
7efc30021000-7efc34000000 ---p 00000000 00:00 0 
7efc38000000-7efc38021000 rw-p 00000000 00:00 0 
7efc38021000-7efc3c000000 ---p 00000000 00:00 0 
7efc40000000-7efc40021000 rw-p 00000000 00:00 0 
7efc40021000-7efc44000000 ---p 00000000 00:00 0 
7efc48000000-7efc48021000 rw-p 00000000 00:00 0 
7efc48021000-7efc4c000000 ---p 00000000 00:00 0 
7efc50000000-7efc50021000 rw-p 00000000 00:00 0 
7efc50021000-7efc54000000 ---p 00000000 00:00 0 
7efc58000000-7efc58021000 rw-p 00000000 00:00 0 
7efc58021000-7efc5c000000 ---p 00000000 00:00 0 
7efc5c000000-7efc5c021000 rw-p 00000000 00:00 0 
7efc5c021000-7efc60000000 ---p 00000000 00:00 0 
7efc60000000-7efc60021000 rw-p 00000000 00:00 0 
7efc60021000-7efc64000000 ---p 00000000 00:00 0 
7efc64000000-7efc64021000 rw-p 00000000 00:00 0 
7efc64021000-7efc68000000 ---p 00000000 00:00 0 
7efc697d8000-7efc697d9000 ---p 00000000 00:00 0 
7efc697d9000-7efc698d9000 rw-p 00000000 00:00 0 
7efc698d9000-7efc698dc000 ---p 00000000 00:00 0 
7efc698dc000-7efc699da000 rw-p 00000000 00:00 0 
7efc699da000-7efc699db000 ---p 00000000 00:00 0 
7efc699db000-7efc699de000 ---p 00000000 00:00 0 
7efc699de000-7efc69adb000 rw-p 00000000 00:00 0 
7efc69adb000-7efc69adc000 ---p 00000000 00:00 0 
7efc69adc000-7efc69adf000 ---p 00000000 00:00 0 
7efc69adf000-7efc69bdc000 rw-p 00000000 00:00 0 
7efc69bdc000-7efc69bdd000 ---p 00000000 00:00 0 
7efc69bdd000-7efc69be0000 ---p 00000000 00:00 0 
7efc69be0000-7efc69cdd000 rw-p 00000000 00:00 0 
7efc69cdd000-7efc69cde000 ---p 00000000 00:00 0 
7efc69cde000-7efc69ce1000 ---p 00000000 00:00 0 
7efc69ce1000-7efc69dde000 rw-p 00000000 00:00 0 
7efc69dde000-7efc69ddf000 ---p 00000000 00:00 0 
7efc69ddf000-7efc69de2000 ---p 00000000 00:00 0 
7efc69de2000-7efc69edf000 rw-p 00000000 00:00 0 
7efc69edf000-7efc69ee0000 ---p 00000000 00:00 0 
7efc69ee0000-7efc69ee3000 ---p 00000000 00:00 0 
7efc69ee3000-7efc69fe0000 rw-p 00000000 00:00 0 
7efc69fe0000-7efc69fe1000 ---p 00000000 00:00 0 
7efc69fe1000-7efc69fe4000 ---p 00000000 00:00 0 
7efc69fe4000-7efc6a0e1000 rw-p 00000000 00:00 0 
7efc6a0e1000-7efc6a0e2000 ---p 00000000 00:00 0 
7efc6a0e2000-7efc6a0e5000 ---p 00000000 00:00 0 
7efc6a0e5000-7efc6a1e2000 rw-p 00000000 00:00 0 
7efc6a1e2000-7efc6a1e3000 ---p 00000000 00:00 0 
7efc6a1e3000-7efc6a1e6000 ---p 00000000 00:00 0 
7efc6a1e6000-7efc6a2e3000 rw-p 00000000 00:00 0 
7efc6a2e3000-7efc6a2e4000 ---p 00000000 00:00 0 
7efc6a2e4000-7efc6a2e7000 ---p 00000000 00:00 0 
7efc6a2e7000-7efc6a3e4000 rw-p 00000000 00:00 0 
7efc6a3e4000-7efc6a3e5000 ---p 00000000 00:00 0 
7efc6a3e5000-7efc6a3e8000 ---p 00000000 00:00 0 
7efc6a3e8000-7efc6a4e5000 rw-p 00000000 00:00 0 
7efc6a4e5000-7efc6a4e6000 ---p 00000000 00:00 0 
7efc6a4e6000-7efc6a4e9000 ---p 00000000 00:00 0 
7efc6a4e9000-7efc6a5e6000 rw-p 00000000 00:00 0 
7efc6a5e6000-7efc6a5e9000 ---p 00000000 00:00 0 
7efc6a5e9000-7efc6a6e7000 rw-p 00000000 00:00 0 
7efc6a6e7000-7efc6a6ea000 ---p 00000000 00:00 0 
7efc6a6ea000-7efc6a7e8000 rw-p 00000000 00:00 0 
7efc6a7e8000-7efc6a7eb000 ---p 00000000 00:00 0 
7efc6a7eb000-7efc6a8e9000 rw-p 00000000 00:00 0 
7efc6a8e9000-7efc6a8ea000 ---p 00000000 00:00 0 
7efc6a8ea000-7efc6c000000 rw-p 00000000 00:00 0 
7efc6c000000-7efc6c021000 rw-p 00000000 00:00 0 
7efc6c021000-7efc70000000 ---p 00000000 00:00 0 
7efc7000b000-7efc725ce000 rw-p 00000000 00:00 0 
7efc725ce000-7efc7279d000 r--s 03c3d000 08:33 4597824                    /usr/lib/jvm/java-8-openjdk/jre/lib/rt.jar
7efc7279d000-7efc74000000 rw-p 00000000 00:00 0 
7efc74000000-7efc74021000 rw-p 00000000 00:00 0 
7efc74021000-7efc78000000 ---p 00000000 00:00 0 
7efc78000000-7efc78021000 rw-p 00000000 00:00 0 
7efc78021000-7efc7c000000 ---p 00000000 00:00 0 
7efc7c000000-7efc7c021000 rw-p 00000000 00:00 0 
7efc7c021000-7efc80000000 ---p 00000000 00:00 0 
7efc8000c000-7efc8040c000 rw-p 00000000 00:00 0 
7efc8040c000-7efc8080c000 ---p 00000000 00:00 0 
7efc8080c000-7efc808f8000 rw-p 00000000 00:00 0 
7efc808f8000-7efc808f9000 ---p 00000000 00:00 0 
7efc808f9000-7efc809f9000 rw-p 00000000 00:00 0 
7efc809f9000-7efc809fa000 ---p 00000000 00:00 0 
7efc809fa000-7efc80afa000 rw-p 00000000 00:00 0 
7efc80afa000-7efc80afb000 ---p 00000000 00:00 0 
7efc80afb000-7efc80bfb000 rw-p 00000000 00:00 0 
7efc80bfb000-7efc80bfc000 ---p 00000000 00:00 0 
7efc80bfc000-7efc80cfc000 rw-p 00000000 00:00 0 
7efc80cfc000-7efc80cfd000 ---p 00000000 00:00 0 
7efc80cfd000-7efc80dfd000 rw-p 00000000 00:00 0 
7efc80dfd000-7efc80dfe000 ---p 00000000 00:00 0 
7efc80dfe000-7efc80efe000 rw-p 00000000 00:00 0 
7efc80efe000-7efc80eff000 ---p 00000000 00:00 0 
7efc80eff000-7efc80fff000 rw-p 00000000 00:00 0 
7efc80fff000-7efc81000000 ---p 00000000 00:00 0 
7efc81000000-7efc81100000 rw-p 00000000 00:00 0 
7efc81100000-7efc81101000 ---p 00000000 00:00 0 
7efc81101000-7efc81201000 rw-p 00000000 00:00 0 
7efc81201000-7efc81202000 ---p 00000000 00:00 0 
7efc81202000-7efc81302000 rw-p 00000000 00:00 0 
7efc81302000-7efc81303000 ---p 00000000 00:00 0 
7efc81303000-7efc81403000 rw-p 00000000 00:00 0 
7efc81403000-7efc81404000 ---p 00000000 00:00 0 
7efc81404000-7efc81504000 rw-p 00000000 00:00 0 
7efc81504000-7efc81505000 ---p 00000000 00:00 0 
7efc81505000-7efc81605000 rw-p 00000000 00:00 0 
7efc81605000-7efc81606000 ---p 00000000 00:00 0 
7efc81606000-7efc81706000 rw-p 00000000 00:00 0 
7efc81706000-7efc81707000 ---p 00000000 00:00 0 
7efc81707000-7efc81807000 rw-p 00000000 00:00 0 
7efc81807000-7efc81808000 ---p 00000000 00:00 0 
7efc81808000-7efc81908000 rw-p 00000000 00:00 0 
7efc81908000-7efc81909000 ---p 00000000 00:00 0 
7efc81909000-7efc81a09000 rw-p 00000000 00:00 0 
7efc81a09000-7efc81a0a000 ---p 00000000 00:00 0 
7efc81a0a000-7efc81c06000 rw-p 00000000 00:00 0 
7efc81c06000-7efc82ac1000 ---p 00000000 00:00 0 
7efc82ac1000-7efc82bbd000 rw-p 00000000 00:00 0 
7efc82bbd000-7efc83a77000 ---p 00000000 00:00 0 
7efc83a77000-7efc83af6000 rw-p 00000000 00:00 0 
7efc83af6000-7efc84253000 ---p 00000000 00:00 0 
7efc84253000-7efc8425f000 rw-p 00000000 00:00 0 
7efc8425f000-7efc84614000 ---p 00000000 00:00 0 
7efc84614000-7efc848d4000 rwxp 00000000 00:00 0 
7efc848d4000-7efc93614000 ---p 00000000 00:00 0 
7efc93614000-7efc9362a000 r-xp 00000000 08:33 3983937                    /usr/lib/libz.so.1.2.11
7efc9362a000-7efc93829000 ---p 00016000 08:33 3983937                    /usr/lib/libz.so.1.2.11
7efc93829000-7efc9382a000 r--p 00015000 08:33 3983937                    /usr/lib/libz.so.1.2.11
7efc9382a000-7efc9382b000 rw-p 00016000 08:33 3983937                    /usr/lib/libz.so.1.2.11
7efc9383c000-7efc93885000 rw-p 00000000 00:00 0 
7efc93885000-7efc93888000 r--p 00000000 08:33 4597631                    /usr/lib/jvm/java-8-openjdk/jre/lib/amd64/libzip.so
7efc93888000-7efc9388c000 r-xp 00003000 08:33 4597631                    /usr/lib/jvm/java-8-openjdk/jre/lib/amd64/libzip.so
7efc9388c000-7efc9388e000 r--p 00007000 08:33 4597631                    /usr/lib/jvm/java-8-openjdk/jre/lib/amd64/libzip.so
7efc9388e000-7efc9388f000 r--p 00008000 08:33 4597631                    /usr/lib/jvm/java-8-openjdk/jre/lib/amd64/libzip.so
7efc9388f000-7efc93890000 rw-p 00009000 08:33 4597631                    /usr/lib/jvm/java-8-openjdk/jre/lib/amd64/libzip.so
7efc93890000-7efc93a81000 r--p 00000000 08:33 4865635                    /usr/lib/jvm/java-8-openjdk/jre/lib/amd64/server/libjvm.so
7efc93a81000-7efc942c9000 r-xp 001f1000 08:33 4865635                    /usr/lib/jvm/java-8-openjdk/jre/lib/amd64/server/libjvm.so
7efc942c9000-7efc9446b000 r--p 00a39000 08:33 4865635                    /usr/lib/jvm/java-8-openjdk/jre/lib/amd64/server/libjvm.so
7efc9446b000-7efc94500000 r--p 00bda000 08:33 4865635                    /usr/lib/jvm/java-8-openjdk/jre/lib/amd64/server/libjvm.so
7efc94500000-7efc94528000 rw-p 00c6f000 08:33 4865635                    /usr/lib/jvm/java-8-openjdk/jre/lib/amd64/server/libjvm.so
7efc94528000-7efc945d8000 rw-p 00000000 00:00 0 
7efc945de000-7efc945e6000 rw-s 00000000 00:2c 951229                     /tmp/hsperfdata_brock/32294
7efc945e6000-7efc945e9000 r--p 00000000 08:33 3935343                    /usr/lib/libnss_files-2.29.so
7efc945e9000-7efc945f0000 r-xp 00003000 08:33 3935343                    /usr/lib/libnss_files-2.29.so
7efc945f0000-7efc945f2000 r--p 0000a000 08:33 3935343                    /usr/lib/libnss_files-2.29.so
7efc945f2000-7efc945f3000 r--p 0000b000 08:33 3935343                    /usr/lib/libnss_files-2.29.so
7efc945f3000-7efc945f4000 rw-p 0000c000 08:33 3935343                    /usr/lib/libnss_files-2.29.so
7efc945f4000-7efc945fa000 rw-p 00000000 00:00 0 
7efc945fa000-7efc945fc000 r--p 00000000 08:33 3945485                    /usr/lib/libffi.so.6.0.4
7efc945fc000-7efc94601000 r-xp 00002000 08:33 3945485                    /usr/lib/libffi.so.6.0.4
7efc94601000-7efc94602000 r--p 00007000 08:33 3945485                    /usr/lib/libffi.so.6.0.4
7efc94602000-7efc94603000 ---p 00008000 08:33 3945485                    /usr/lib/libffi.so.6.0.4
7efc94603000-7efc94604000 r--p 00008000 08:33 3945485                    /usr/lib/libffi.so.6.0.4
7efc94604000-7efc94605000 rw-p 00009000 08:33 3945485                    /usr/lib/libffi.so.6.0.4
7efc9460b000-7efc94618000 r--p 00000000 08:33 4597434                    /usr/lib/jvm/java-8-openjdk/jre/lib/amd64/libjava.so
7efc94618000-7efc9462e000 r-xp 0000d000 08:33 4597434                    /usr/lib/jvm/java-8-openjdk/jre/lib/amd64/libjava.so
7efc9462e000-7efc94635000 r--p 00023000 08:33 4597434                    /usr/lib/jvm/java-8-openjdk/jre/lib/amd64/libjava.so
7efc94635000-7efc94636000 r--p 00029000 08:33 4597434                    /usr/lib/jvm/java-8-openjdk/jre/lib/amd64/libjava.so
7efc94636000-7efc94637000 rw-p 0002a000 08:33 4597434                    /usr/lib/jvm/java-8-openjdk/jre/lib/amd64/libjava.so
7efc94637000-7efc94638000 rw-p 00000000 00:00 0 
7efc94638000-7efc9463d000 r--p 00000000 08:33 4597630                    /usr/lib/jvm/java-8-openjdk/jre/lib/amd64/libverify.so
7efc9463d000-7efc94644000 r-xp 00005000 08:33 4597630                    /usr/lib/jvm/java-8-openjdk/jre/lib/amd64/libverify.so
7efc94644000-7efc94646000 r--p 0000c000 08:33 4597630                    /usr/lib/jvm/java-8-openjdk/jre/lib/amd64/libverify.so
7efc94646000-7efc94648000 r--p 0000d000 08:33 4597630                    /usr/lib/jvm/java-8-openjdk/jre/lib/amd64/libverify.so
7efc94648000-7efc94649000 rw-p 0000f000 08:33 4597630                    /usr/lib/jvm/java-8-openjdk/jre/lib/amd64/libverify.so
7efc94649000-7efc9464c000 r--p 00000000 08:33 3935360                    /usr/lib/librt-2.29.so
7efc9464c000-7efc94650000 r-xp 00003000 08:33 3935360                    /usr/lib/librt-2.29.so
7efc94650000-7efc94652000 r--p 00007000 08:33 3935360                    /usr/lib/librt-2.29.so
7efc94652000-7efc94653000 r--p 00008000 08:33 3935360                    /usr/lib/librt-2.29.so
7efc94653000-7efc94654000 rw-p 00009000 08:33 3935360                    /usr/lib/librt-2.29.so
7efc94654000-7efc94657000 r--p 00000000 08:33 4463468                    /usr/lib/python2.7/lib-dynload/_struct.so
7efc94657000-7efc9465a000 r-xp 00003000 08:33 4463468                    /usr/lib/python2.7/lib-dynload/_struct.so
7efc9465a000-7efc9465c000 r--p 00006000 08:33 4463468                    /usr/lib/python2.7/lib-dynload/_struct.so
7efc9465c000-7efc9465d000 r--p 00007000 08:33 4463468                    /usr/lib/python2.7/lib-dynload/_struct.so
7efc9465d000-7efc9465f000 rw-p 00008000 08:33 4463468                    /usr/lib/python2.7/lib-dynload/_struct.so
7efc9465f000-7efc94666000 r--p 00000000 08:33 4463428                    /usr/lib/python2.7/lib-dynload/_ctypes.so
7efc94666000-7efc94674000 r-xp 00007000 08:33 4463428                    /usr/lib/python2.7/lib-dynload/_ctypes.so
7efc94674000-7efc9467a000 r--p 00015000 08:33 4463428                    /usr/lib/python2.7/lib-dynload/_ctypes.so
7efc9467a000-7efc9467b000 r--p 0001a000 08:33 4463428                    /usr/lib/python2.7/lib-dynload/_ctypes.so
7efc9467b000-7efc9467f000 rw-p 0001b000 08:33 4463428                    /usr/lib/python2.7/lib-dynload/_ctypes.so
7efc9467f000-7efc94681000 r--p 00000000 08:33 4463508                    /usr/lib/python2.7/lib-dynload/time.so
7efc94681000-7efc94683000 r-xp 00002000 08:33 4463508                    /usr/lib/python2.7/lib-dynload/time.so
7efc94683000-7efc94684000 r--p 00004000 08:33 4463508                    /usr/lib/python2.7/lib-dynload/time.so
7efc94684000-7efc94685000 r--p 00004000 08:33 4463508                    /usr/lib/python2.7/lib-dynload/time.so
7efc94685000-7efc94687000 rw-p 00005000 08:33 4463508                    /usr/lib/python2.7/lib-dynload/time.so
7efc94687000-7efc9468a000 r--p 00000000 08:33 4463492                    /usr/lib/python2.7/lib-dynload/itertools.so
7efc9468a000-7efc9468f000 r-xp 00003000 08:33 4463492                    /usr/lib/python2.7/lib-dynload/itertools.so
7efc9468f000-7efc94691000 r--p 00008000 08:33 4463492                    /usr/lib/python2.7/lib-dynload/itertools.so
7efc94691000-7efc94692000 ---p 0000a000 08:33 4463492                    /usr/lib/python2.7/lib-dynload/itertools.so
7efc94692000-7efc94693000 r--p 0000a000 08:33 4463492                    /usr/lib/python2.7/lib-dynload/itertools.so
7efc94693000-7efc94698000 rw-p 0000b000 08:33 4463492                    /usr/lib/python2.7/lib-dynload/itertools.so
7efc94698000-7efc94718000 rw-p 00000000 00:00 0 
7efc94718000-7efc949fe000 r--p 00000000 08:33 3993396                    /usr/lib/locale/locale-archive
7efc949fe000-7efc94b33000 rw-p 00000000 00:00 0 
7efc94b33000-7efc94b42000 r--p 00000000 08:33 3935311                    /usr/lib/libm-2.29.so
7efc94b42000-7efc94bde000 r-xp 0000f000 08:33 3935311                    /usr/lib/libm-2.29.so
7efc94bde000-7efc94c77000 r--p 000ab000 08:33 3935311                    /usr/lib/libm-2.29.so
7efc94c77000-7efc94c78000 r--p 00143000 08:33 3935311                    /usr/lib/libm-2.29.so
7efc94c78000-7efc94c79000 rw-p 00144000 08:33 3935311                    /usr/lib/libm-2.29.so
7efc94c79000-7efc94c7a000 r--p 00000000 08:33 3935367                    /usr/lib/libutil-2.29.so
7efc94c7a000-7efc94c7b000 r-xp 00001000 08:33 3935367                    /usr/lib/libutil-2.29.so
7efc94c7b000-7efc94c7c000 r--p 00002000 08:33 3935367                    /usr/lib/libutil-2.29.so
7efc94c7c000-7efc94c7d000 r--p 00002000 08:33 3935367                    /usr/lib/libutil-2.29.so
7efc94c7d000-7efc94c7e000 rw-p 00003000 08:33 3935367                    /usr/lib/libutil-2.29.so
7efc94c7e000-7efc94c7f000 r--p 00000000 08:33 3935303                    /usr/lib/libdl-2.29.so
7efc94c7f000-7efc94c80000 r-xp 00001000 08:33 3935303                    /usr/lib/libdl-2.29.so
7efc94c80000-7efc94c81000 r--p 00002000 08:33 3935303                    /usr/lib/libdl-2.29.so
7efc94c81000-7efc94c82000 r--p 00002000 08:33 3935303                    /usr/lib/libdl-2.29.so
7efc94c82000-7efc94c83000 rw-p 00003000 08:33 3935303                    /usr/lib/libdl-2.29.so
7efc94c83000-7efc94cc0000 r--p 00000000 08:33 3980765                    /usr/lib/libpython2.7.so.1.0
7efc94cc0000-7efc94e08000 r-xp 0003d000 08:33 3980765                    /usr/lib/libpython2.7.so.1.0
7efc94e08000-7efc94e67000 r--p 00185000 08:33 3980765                    /usr/lib/libpython2.7.so.1.0
7efc94e67000-7efc94e6b000 r--p 001e3000 08:33 3980765                    /usr/lib/libpython2.7.so.1.0
7efc94e6b000-7efc94ea7000 rw-p 001e7000 08:33 3980765                    /usr/lib/libpython2.7.so.1.0
7efc94ea7000-7efc94ec8000 rw-p 00000000 00:00 0 
7efc94ec8000-7efc94eed000 r--p 00000000 08:33 3935291                    /usr/lib/libc-2.29.so
7efc94eed000-7efc95037000 r-xp 00025000 08:33 3935291                    /usr/lib/libc-2.29.so
7efc95037000-7efc95080000 r--p 0016f000 08:33 3935291                    /usr/lib/libc-2.29.so
7efc95080000-7efc95081000 ---p 001b8000 08:33 3935291                    /usr/lib/libc-2.29.so
7efc95081000-7efc95084000 r--p 001b8000 08:33 3935291                    /usr/lib/libc-2.29.so
7efc95084000-7efc95087000 rw-p 001bb000 08:33 3935291                    /usr/lib/libc-2.29.so
7efc95087000-7efc9508b000 rw-p 00000000 00:00 0 
7efc9508b000-7efc95092000 r--p 00000000 08:33 3935351                    /usr/lib/libpthread-2.29.so
7efc95092000-7efc950a1000 r-xp 00007000 08:33 3935351                    /usr/lib/libpthread-2.29.so
7efc950a1000-7efc950a6000 r--p 00016000 08:33 3935351                    /usr/lib/libpthread-2.29.so
7efc950a6000-7efc950a7000 r--p 0001a000 08:33 3935351                    /usr/lib/libpthread-2.29.so
7efc950a7000-7efc950a8000 rw-p 0001b000 08:33 3935351                    /usr/lib/libpthread-2.29.so
7efc950a8000-7efc950af000 rw-p 00000000 00:00 0 
7efc950af000-7efc950b0000 r--p 00000000 00:00 0 
7efc950b0000-7efc950b2000 r--p 00000000 08:33 4463483                    /usr/lib/python2.7/lib-dynload/cStringIO.so
7efc950b2000-7efc950b4000 r-xp 00002000 08:33 4463483                    /usr/lib/python2.7/lib-dynload/cStringIO.so
7efc950b4000-7efc950b5000 r--p 00004000 08:33 4463483                    /usr/lib/python2.7/lib-dynload/cStringIO.so
7efc950b5000-7efc950b6000 r--p 00004000 08:33 4463483                    /usr/lib/python2.7/lib-dynload/cStringIO.so
7efc950b6000-7efc950b8000 rw-p 00005000 08:33 4463483                    /usr/lib/python2.7/lib-dynload/cStringIO.so
7efc950b8000-7efc950ba000 r--p 00000000 08:33 4463505                    /usr/lib/python2.7/lib-dynload/strop.so
7efc950ba000-7efc950bd000 r-xp 00002000 08:33 4463505                    /usr/lib/python2.7/lib-dynload/strop.so
7efc950bd000-7efc950be000 r--p 00005000 08:33 4463505                    /usr/lib/python2.7/lib-dynload/strop.so
7efc950be000-7efc950bf000 r--p 00005000 08:33 4463505                    /usr/lib/python2.7/lib-dynload/strop.so
7efc950bf000-7efc950c1000 rw-p 00006000 08:33 4463505                    /usr/lib/python2.7/lib-dynload/strop.so
7efc950c1000-7efc950c3000 r--p 00000000 08:33 4463454                    /usr/lib/python2.7/lib-dynload/_locale.so
7efc950c3000-7efc950c5000 r-xp 00002000 08:33 4463454                    /usr/lib/python2.7/lib-dynload/_locale.so
7efc950c5000-7efc950c6000 r--p 00004000 08:33 4463454                    /usr/lib/python2.7/lib-dynload/_locale.so
7efc950c6000-7efc950c7000 r--p 00004000 08:33 4463454                    /usr/lib/python2.7/lib-dynload/_locale.so
7efc950c7000-7efc950c8000 rw-p 00005000 08:33 4463454                    /usr/lib/python2.7/lib-dynload/_locale.so
7efc950c8000-7efc95108000 rw-p 00000000 00:00 0 
7efc95108000-7efc9510a000 r--p 00000000 08:33 3935264                    /usr/lib/ld-2.29.so
7efc9510a000-7efc95129000 r-xp 00002000 08:33 3935264                    /usr/lib/ld-2.29.so
7efc95129000-7efc95131000 r--p 00021000 08:33 3935264                    /usr/lib/ld-2.29.so
7efc95131000-7efc95132000 rwxp 00000000 00:00 0 
7efc95132000-7efc95133000 r--p 00029000 08:33 3935264                    /usr/lib/ld-2.29.so
7efc95133000-7efc95134000 rw-p 0002a000 08:33 3935264                    /usr/lib/ld-2.29.so
7efc95134000-7efc95135000 rw-p 00000000 00:00 0 
7ffde0ece000-7ffde0ed1000 ---p 00000000 00:00 0 
7ffde0ed1000-7ffde0fce000 rw-p 00000000 00:00 0                          [stack]
7ffde0fd6000-7ffde0fd9000 r--p 00000000 00:00 0                          [vvar]
7ffde0fd9000-7ffde0fda000 r-xp 00000000 00:00 0                          [vdso]

VM Arguments:
java_command: <unknown>
java_class_path (initial): <not set>
Launcher Type: generic

Environment Variables:
PATH=/usr/local/bin:/usr/local/sbin:/usr/bin:/usr/lib/jvm/default/bin:/usr/bin/site_perl:/usr/bin/vendor_perl:/usr/bin/core_perl:/home/brock/.bin:/home/brock/.local/bin:/home/brock/010editor
USERNAME=brock
SHELL=/bin/bash
DISPLAY=:1

Signal Handlers:
SIGSEGV: [libjvm.so+0xa09100], sa_mask[0]=11111111011111111101111111111110, sa_flags=SA_RESTART|SA_SIGINFO
SIGBUS: [libjvm.so+0xa09100], sa_mask[0]=11111111011111111101111111111110, sa_flags=SA_RESTART|SA_SIGINFO
SIGFPE: [libjvm.so+0x86be80], sa_mask[0]=11111111011111111101111111111110, sa_flags=SA_RESTART|SA_SIGINFO
SIGPIPE: [libjvm.so+0x86be80], sa_mask[0]=11111111011111111101111111111110, sa_flags=SA_RESTART|SA_SIGINFO
SIGXFSZ: [libjvm.so+0x86be80], sa_mask[0]=11111111011111111101111111111110, sa_flags=SA_RESTART|SA_SIGINFO
SIGILL: [libjvm.so+0x86be80], sa_mask[0]=11111111011111111101111111111110, sa_flags=SA_RESTART|SA_SIGINFO
SIGUSR1: SIG_DFL, sa_mask[0]=00000000000000000000000000000000, sa_flags=none
SIGUSR2: [libjvm.so+0x86bd40], sa_mask[0]=00000000000000000000000000000000, sa_flags=SA_RESTART|SA_SIGINFO
SIGHUP: [libjvm.so+0x86c120], sa_mask[0]=11111111011111111101111111111110, sa_flags=SA_RESTART|SA_SIGINFO
SIGINT: [libjvm.so+0x86c120], sa_mask[0]=11111111011111111101111111111110, sa_flags=SA_RESTART|SA_SIGINFO
SIGTERM: [libjvm.so+0x86c120], sa_mask[0]=11111111011111111101111111111110, sa_flags=SA_RESTART|SA_SIGINFO
SIGQUIT: [libjvm.so+0x86c120], sa_mask[0]=11111111011111111101111111111110, sa_flags=SA_RESTART|SA_SIGINFO


---------------  S Y S T E M  ---------------

OS:LSB_VERSION=1.4
DISTRIB_ID=Arch
DISTRIB_RELEASE=rolling
DISTRIB_DESCRIPTION="Arch Linux"

uname:Linux 5.2.2-zen1-1-zen #1 ZEN SMP PREEMPT Sun Jul 21 19:18:42 UTC 2019 x86_64
libc:glibc 2.29 NPTL 2.29 
rlimit: STACK 8192k, CORE infinity, NPROC 193016, NOFILE 1048576, AS infinity
load average:0.22 0.22 0.28

/proc/meminfo:
MemTotal:       49429836 kB
MemFree:        31102100 kB
MemAvailable:   41862224 kB
Buffers:          528248 kB
Cached:         10741944 kB
SwapCached:            0 kB
Active:         10274688 kB
Inactive:        6896368 kB
Active(anon):    5915412 kB
Inactive(anon):   381960 kB
Active(file):    4359276 kB
Inactive(file):  6514408 kB
Unevictable:          64 kB
Mlocked:              64 kB
SwapTotal:       4194300 kB
SwapFree:        4194300 kB
Dirty:              1400 kB
Writeback:             0 kB
AnonPages:       5779356 kB
Mapped:          1213280 kB
Shmem:            396520 kB
KReclaimable:     453624 kB
Slab:             677492 kB
SReclaimable:     453624 kB
SUnreclaim:       223868 kB
KernelStack:       26476 kB
PageTables:        52504 kB
NFS_Unstable:          0 kB
Bounce:                0 kB
WritebackTmp:          0 kB
CommitLimit:    28909216 kB
Committed_AS:   15944980 kB
VmallocTotal:   34359738367 kB
VmallocUsed:           0 kB
VmallocChunk:          0 kB
Percpu:            22016 kB
HardwareCorrupted:     0 kB
AnonHugePages:   1855488 kB
ShmemHugePages:        0 kB
ShmemPmdMapped:        0 kB
HugePages_Total:       0
HugePages_Free:        0
HugePages_Rsvd:        0
HugePages_Surp:        0
Hugepagesize:       2048 kB
Hugetlb:               0 kB
DirectMap4k:      673428 kB
DirectMap2M:    20281344 kB
DirectMap1G:    29360128 kB

container (cgroup) information:
container_type: cgroupv1
cpu_cpuset_cpus: 0-23
cpu_memory_nodes: 0-1
active_processor_count: 24
cpu_quota: -1
cpu_period: 100000
cpu_shares: -1
memory_limit_in_bytes: -1
memory_and_swap_limit_in_bytes: -1
memory_soft_limit_in_bytes: -1
memory_usage_in_bytes: 771145728
memory_max_usage_in_bytes: 838811648


CPU:total 24 (initial active 24) (6 cores per cpu, 2 threads per core) family 6 model 44 stepping 2, cmov, cx8, fxsr, mmx, sse, sse2, sse3, ssse3, sse4.1, sse4.2, popcnt, aes, clmul, ht, tsc, tscinvbit, tscinv

/proc/cpuinfo:
processor	: 0
vendor_id	: GenuineIntel
cpu family	: 6
model		: 44
model name	: Intel(R) Xeon(R) CPU           X5660  @ 2.80GHz
stepping	: 2
microcode	: 0x1f
cpu MHz		: 1647.275
cache size	: 12288 KB
physical id	: 0
siblings	: 12
core id		: 0
cpu cores	: 6
apicid		: 0
initial apicid	: 0
fpu		: yes
fpu_exception	: yes
cpuid level	: 11
wp		: yes
flags		: fpu vme de pse tsc msr pae mce cx8 apic sep mtrr pge mca cmov pat pse36 clflush dts acpi mmx fxsr sse sse2 ss ht tm pbe syscall nx pdpe1gb rdtscp lm constant_tsc arch_perfmon pebs bts rep_good nopl xtopology nonstop_tsc cpuid aperfmperf pni pclmulqdq dtes64 monitor ds_cpl vmx smx est tm2 ssse3 cx16 xtpr pdcm pcid dca sse4_1 sse4_2 popcnt aes lahf_lm epb pti ssbd ibrs ibpb stibp tpr_shadow vnmi flexpriority ept vpid dtherm ida arat flush_l1d
bugs		: cpu_meltdown spectre_v1 spectre_v2 spec_store_bypass l1tf mds
bogomips	: 5588.70
clflush size	: 64
cache_alignment	: 64
address sizes	: 40 bits physical, 48 bits virtual
power management:

processor	: 1
vendor_id	: GenuineIntel
cpu family	: 6
model		: 44
model name	: Intel(R) Xeon(R) CPU           X5660  @ 2.80GHz
stepping	: 2
microcode	: 0x1f
cpu MHz		: 1596.131
cache size	: 12288 KB
physical id	: 0
siblings	: 12
core id		: 1
cpu cores	: 6
apicid		: 2
initial apicid	: 2
fpu		: yes
fpu_exception	: yes
cpuid level	: 11
wp		: yes
flags		: fpu vme de pse tsc msr pae mce cx8 apic sep mtrr pge mca cmov pat pse36 clflush dts acpi mmx fxsr sse sse2 ss ht tm pbe syscall nx pdpe1gb rdtscp lm constant_tsc arch_perfmon pebs bts rep_good nopl xtopology nonstop_tsc cpuid aperfmperf pni pclmulqdq dtes64 monitor ds_cpl vmx smx est tm2 ssse3 cx16 xtpr pdcm pcid dca sse4_1 sse4_2 popcnt aes lahf_lm epb pti ssbd ibrs ibpb stibp tpr_shadow vnmi flexpriority ept vpid dtherm ida arat flush_l1d
bugs		: cpu_meltdown spectre_v1 spectre_v2 spec_store_bypass l1tf mds
bogomips	: 5588.70
clflush size	: 64
cache_alignment	: 64
address sizes	: 40 bits physical, 48 bits virtual
power management:

processor	: 2
vendor_id	: GenuineIntel
cpu family	: 6
model		: 44
model name	: Intel(R) Xeon(R) CPU           X5660  @ 2.80GHz
stepping	: 2
microcode	: 0x1f
cpu MHz		: 1596.007
cache size	: 12288 KB
physical id	: 0
siblings	: 12
core id		: 2
cpu cores	: 6
apicid		: 4
initial apicid	: 4
fpu		: yes
fpu_exception	: yes
cpuid level	: 11
wp		: yes
flags		: fpu vme de pse tsc msr pae mce cx8 apic sep mtrr pge mca cmov pat pse36 clflush dts acpi mmx fxsr sse sse2 ss ht tm pbe syscall nx pdpe1gb rdtscp lm constant_tsc arch_perfmon pebs bts rep_good nopl xtopology nonstop_tsc cpuid aperfmperf pni pclmulqdq dtes64 monitor ds_cpl vmx smx est tm2 ssse3 cx16 xtpr pdcm pcid dca sse4_1 sse4_2 popcnt aes lahf_lm epb pti ssbd ibrs ibpb stibp tpr_shadow vnmi flexpriority ept vpid dtherm ida arat flush_l1d
bugs		: cpu_meltdown spectre_v1 spectre_v2 spec_store_bypass l1tf mds
bogomips	: 5588.70
clflush size	: 64
cache_alignment	: 64
address sizes	: 40 bits physical, 48 bits virtual
power management:

processor	: 3
vendor_id	: GenuineIntel
cpu family	: 6
model		: 44
model name	: Intel(R) Xeon(R) CPU           X5660  @ 2.80GHz
stepping	: 2
microcode	: 0x1f
cpu MHz		: 1616.271
cache size	: 12288 KB
physical id	: 0
siblings	: 12
core id		: 8
cpu cores	: 6
apicid		: 16
initial apicid	: 16
fpu		: yes
fpu_exception	: yes
cpuid level	: 11
wp		: yes
flags		: fpu vme de pse tsc msr pae mce cx8 apic sep mtrr pge mca cmov pat pse36 clflush dts acpi mmx fxsr sse sse2 ss ht tm pbe syscall nx pdpe1gb rdtscp lm constant_tsc arch_perfmon pebs bts rep_good nopl xtopology nonstop_tsc cpuid aperfmperf pni pclmulqdq dtes64 monitor ds_cpl vmx smx est tm2 ssse3 cx16 xtpr pdcm pcid dca sse4_1 sse4_2 popcnt aes lahf_lm epb pti ssbd ibrs ibpb stibp tpr_shadow vnmi flexpriority ept vpid dtherm ida arat flush_l1d
bugs		: cpu_meltdown spectre_v1 spectre_v2 spec_store_bypass l1tf mds
bogomips	: 5588.70
clflush size	: 64
cache_alignment	: 64
address sizes	: 40 bits physical, 48 bits virtual
power management:

processor	: 4
vendor_id	: GenuineIntel
cpu family	: 6
model		: 44
model name	: Intel(R) Xeon(R) CPU           X5660  @ 2.80GHz
stepping	: 2
microcode	: 0x1f
cpu MHz		: 1596.034
cache size	: 12288 KB
physical id	: 0
siblings	: 12
core id		: 9
cpu cores	: 6
apicid		: 18
initial apicid	: 18
fpu		: yes
fpu_exception	: yes
cpuid level	: 11
wp		: yes
flags		: fpu vme de pse tsc msr pae mce cx8 apic sep mtrr pge mca cmov pat pse36 clflush dts acpi mmx fxsr sse sse2 ss ht tm pbe syscall nx pdpe1gb rdtscp lm constant_tsc arch_perfmon pebs bts rep_good nopl xtopology nonstop_tsc cpuid aperfmperf pni pclmulqdq dtes64 monitor ds_cpl vmx smx est tm2 ssse3 cx16 xtpr pdcm pcid dca sse4_1 sse4_2 popcnt aes lahf_lm epb pti ssbd ibrs ibpb stibp tpr_shadow vnmi flexpriority ept vpid dtherm ida arat flush_l1d
bugs		: cpu_meltdown spectre_v1 spectre_v2 spec_store_bypass l1tf mds
bogomips	: 5588.70
clflush size	: 64
cache_alignment	: 64
address sizes	: 40 bits physical, 48 bits virtual
power management:

processor	: 5
vendor_id	: GenuineIntel
cpu family	: 6
model		: 44
model name	: Intel(R) Xeon(R) CPU           X5660  @ 2.80GHz
stepping	: 2
microcode	: 0x1f
cpu MHz		: 1596.123
cache size	: 12288 KB
physical id	: 0
siblings	: 12
core id		: 10
cpu cores	: 6
apicid		: 20
initial apicid	: 20
fpu		: yes
fpu_exception	: yes
cpuid level	: 11
wp		: yes
flags		: fpu vme de pse tsc msr pae mce cx8 apic sep mtrr pge mca cmov pat pse36 clflush dts acpi mmx fxsr sse sse2 ss ht tm pbe syscall nx pdpe1gb rdtscp lm constant_tsc arch_perfmon pebs bts rep_good nopl xtopology nonstop_tsc cpuid aperfmperf pni pclmulqdq dtes64 monitor ds_cpl vmx smx est tm2 ssse3 cx16 xtpr pdcm pcid dca sse4_1 sse4_2 popcnt aes lahf_lm epb pti ssbd ibrs ibpb stibp tpr_shadow vnmi flexpriority ept vpid dtherm ida arat flush_l1d
bugs		: cpu_meltdown spectre_v1 spectre_v2 spec_store_bypass l1tf mds
bogomips	: 5588.70
clflush size	: 64
cache_alignment	: 64
address sizes	: 40 bits physical, 48 bits virtual
power management:

processor	: 6
vendor_id	: GenuineIntel
cpu family	: 6
model		: 44
model name	: Intel(R) Xeon(R) CPU           X5660  @ 2.80GHz
stepping	: 2
microcode	: 0x1f
cpu MHz		: 2081.275
cache size	: 12288 KB
physical id	: 1
siblings	: 12
core id		: 0
cpu cores	: 6
apicid		: 32
initial apicid	: 32
fpu		: yes
fpu_exception	: yes
cpuid level	: 11
wp		: yes
flags		: fpu vme de pse tsc msr pae mce cx8 apic sep mtrr pge mca cmov pat pse36 clflush dts acpi mmx fxsr sse sse2 ss ht tm pbe syscall nx pdpe1gb rdtscp lm constant_tsc arch_perfmon pebs bts rep_good nopl xtopology nonstop_tsc cpuid aperfmperf pni pclmulqdq dtes64 monitor ds_cpl vmx smx est tm2 ssse3 cx16 xtpr pdcm pcid dca sse4_1 sse4_2 popcnt aes lahf_lm epb pti ssbd ibrs ibpb stibp tpr_shadow vnmi flexpriority ept vpid dtherm ida arat flush_l1d
bugs		: cpu_meltdown spectre_v1 spectre_v2 spec_store_bypass l1tf mds
bogomips	: 5588.79
clflush size	: 64
cache_alignment	: 64
address sizes	: 40 bits physical, 48 bits virtual
power management:

processor	: 7
vendor_id	: GenuineIntel
cpu family	: 6
model		: 44
model name	: Intel(R) Xeon(R) CPU           X5660  @ 2.80GHz
stepping	: 2
microcode	: 0x1f
cpu MHz		: 2058.791
cache size	: 12288 KB
physical id	: 1
siblings	: 12
core id		: 1
cpu cores	: 6
apicid		: 34
initial apicid	: 34
fpu		: yes
fpu_exception	: yes
cpuid level	: 11
wp		: yes
flags		: fpu vme de pse tsc msr pae mce cx8 apic sep mtrr pge mca cmov pat pse36 clflush dts acpi mmx fxsr sse sse2 ss ht tm pbe syscall nx pdpe1gb rdtscp lm constant_tsc arch_perfmon pebs bts rep_good nopl xtopology nonstop_tsc cpuid aperfmperf pni pclmulqdq dtes64 monitor ds_cpl vmx smx est tm2 ssse3 cx16 xtpr pdcm pcid dca sse4_1 sse4_2 popcnt aes lahf_lm epb pti ssbd ibrs ibpb stibp tpr_shadow vnmi flexpriority ept vpid dtherm ida arat flush_l1d
bugs		: cpu_meltdown spectre_v1 spectre_v2 spec_store_bypass l1tf mds
bogomips	: 5588.79
clflush size	: 64
cache_alignment	: 64
address sizes	: 40 bits physical, 48 bits virtual
power management:

processor	: 8
vendor_id	: GenuineIntel
cpu family	: 6
model		: 44
model name	: Intel(R) Xeon(R) CPU           X5660  @ 2.80GHz
stepping	: 2
microcode	: 0x1f
cpu MHz		: 2287.896
cache size	: 12288 KB
physical id	: 1
siblings	: 12
core id		: 2
cpu cores	: 6
apicid		: 36
initial apicid	: 36
fpu		: yes
fpu_exception	: yes
cpuid level	: 11
wp		: yes
flags		: fpu vme de pse tsc msr pae mce cx8 apic sep mtrr pge mca cmov pat pse36 clflush dts acpi mmx fxsr sse sse2 ss ht tm pbe syscall nx pdpe1gb rdtscp lm constant_tsc arch_perfmon pebs bts rep_good nopl xtopology nonstop_tsc cpuid aperfmperf pni pclmulqdq dtes64 monitor ds_cpl vmx smx est tm2 ssse3 cx16 xtpr pdcm pcid dca sse4_1 sse4_2 popcnt aes lahf_lm epb pti ssbd ibrs ibpb stibp tpr_shadow vnmi flexpriority ept vpid dtherm ida arat flush_l1d
bugs		: cpu_meltdown spectre_v1 spectre_v2 spec_store_bypass l1tf mds
bogomips	: 5588.79
clflush size	: 64
cache_alignment	: 64
address sizes	: 40 bits physical, 48 bits virtual
power management:

processor	: 9
vendor_id	: GenuineIntel
cpu family	: 6
model		: 44
model name	: Intel(R) Xeon(R) CPU           X5660  @ 2.80GHz
stepping	: 2
microcode	: 0x1f
cpu MHz		: 2352.268
cache size	: 12288 KB
physical id	: 1
siblings	: 12
core id		: 8
cpu cores	: 6
apicid		: 48
initial apicid	: 48
fpu		: yes
fpu_exception	: yes
cpuid level	: 11
wp		: yes
flags		: fpu vme de pse tsc msr pae mce cx8 apic sep mtrr pge mca cmov pat pse36 clflush dts acpi mmx fxsr sse sse2 ss ht tm pbe syscall nx pdpe1gb rdtscp lm constant_tsc arch_perfmon pebs bts rep_good nopl xtopology nonstop_tsc cpuid aperfmperf pni pclmulqdq dtes64 monitor ds_cpl vmx smx est tm2 ssse3 cx16 xtpr pdcm pcid dca sse4_1 sse4_2 popcnt aes lahf_lm epb pti ssbd ibrs ibpb stibp tpr_shadow vnmi flexpriority ept vpid dtherm ida arat flush_l1d
bugs		: cpu_meltdown spectre_v1 spectre_v2 spec_store_bypass l1tf mds
bogomips	: 5588.79
clflush size	: 64
cache_alignment	: 64
address sizes	: 40 bits physical, 48 bits virtual
power management:

processor	: 10
vendor_id	: GenuineIntel
cpu family	: 6
model		: 44
model name	: Intel(R) Xeon(R) CPU           X5660  @ 2.80GHz
stepping	: 2
microcode	: 0x1f
cpu MHz		: 1983.876
cache size	: 12288 KB
physical id	: 1
siblings	: 12
core id		: 9
cpu cores	: 6
apicid		: 50
initial apicid	: 50
fpu		: yes
fpu_exception	: yes
cpuid level	: 11
wp		: yes
flags		: fpu vme de pse tsc msr pae mce cx8 apic sep mtrr pge mca cmov pat pse36 clflush dts acpi mmx fxsr sse sse2 ss ht tm pbe syscall nx pdpe1gb rdtscp lm constant_tsc arch_perfmon pebs bts rep_good nopl xtopology nonstop_tsc cpuid aperfmperf pni pclmulqdq dtes64 monitor ds_cpl vmx smx est tm2 ssse3 cx16 xtpr pdcm pcid dca sse4_1 sse4_2 popcnt aes lahf_lm epb pti ssbd ibrs ibpb stibp tpr_shadow vnmi flexpriority ept vpid dtherm ida arat flush_l1d
bugs		: cpu_meltdown spectre_v1 spectre_v2 spec_store_bypass l1tf mds
bogomips	: 5588.79
clflush size	: 64
cache_alignment	: 64
address sizes	: 40 bits physical, 48 bits virtual
power management:

processor	: 11
vendor_id	: GenuineIntel
cpu family	: 6
model		: 44
model name	: Intel(R) Xeon(R) CPU           X5660  @ 2.80GHz
stepping	: 2
microcode	: 0x1f
cpu MHz		: 2308.727
cache size	: 12288 KB
physical id	: 1
siblings	: 12
core id		: 10
cpu cores	: 6
apicid		: 52
initial apicid	: 52
fpu		: yes
fpu_exception	: yes
cpuid level	: 11
wp		: yes
flags		: fpu vme de pse tsc msr pae mce cx8 apic sep mtrr pge mca cmov pat pse36 clflush dts acpi mmx fxsr sse sse2 ss ht tm pbe syscall nx pdpe1gb rdtscp lm constant_tsc arch_perfmon pebs bts rep_good nopl xtopology nonstop_tsc cpuid aperfmperf pni pclmulqdq dtes64 monitor ds_cpl vmx smx est tm2 ssse3 cx16 xtpr pdcm pcid dca sse4_1 sse4_2 popcnt aes lahf_lm epb pti ssbd ibrs ibpb stibp tpr_shadow vnmi flexpriority ept vpid dtherm ida arat flush_l1d
bugs		: cpu_meltdown spectre_v1 spectre_v2 spec_store_bypass l1tf mds
bogomips	: 5588.79
clflush size	: 64
cache_alignment	: 64
address sizes	: 40 bits physical, 48 bits virtual
power management:

processor	: 12
vendor_id	: GenuineIntel
cpu family	: 6
model		: 44
model name	: Intel(R) Xeon(R) CPU           X5660  @ 2.80GHz
stepping	: 2
microcode	: 0x1f
cpu MHz		: 1596.015
cache size	: 12288 KB
physical id	: 0
siblings	: 12
core id		: 0
cpu cores	: 6
apicid		: 1
initial apicid	: 1
fpu		: yes
fpu_exception	: yes
cpuid level	: 11
wp		: yes
flags		: fpu vme de pse tsc msr pae mce cx8 apic sep mtrr pge mca cmov pat pse36 clflush dts acpi mmx fxsr sse sse2 ss ht tm pbe syscall nx pdpe1gb rdtscp lm constant_tsc arch_perfmon pebs bts rep_good nopl xtopology nonstop_tsc cpuid aperfmperf pni pclmulqdq dtes64 monitor ds_cpl vmx smx est tm2 ssse3 cx16 xtpr pdcm pcid dca sse4_1 sse4_2 popcnt aes lahf_lm epb pti ssbd ibrs ibpb stibp tpr_shadow vnmi flexpriority ept vpid dtherm ida arat flush_l1d
bugs		: cpu_meltdown spectre_v1 spectre_v2 spec_store_bypass l1tf mds
bogomips	: 5588.70
clflush size	: 64
cache_alignment	: 64
address sizes	: 40 bits physical, 48 bits virtual
power management:

processor	: 13
vendor_id	: GenuineIntel
cpu family	: 6
model		: 44
model name	: Intel(R) Xeon(R) CPU           X5660  @ 2.80GHz
stepping	: 2
microcode	: 0x1f
cpu MHz		: 1597.789
cache size	: 12288 KB
physical id	: 0
siblings	: 12
core id		: 1
cpu cores	: 6
apicid		: 3
initial apicid	: 3
fpu		: yes
fpu_exception	: yes
cpuid level	: 11
wp		: yes
flags		: fpu vme de pse tsc msr pae mce cx8 apic sep mtrr pge mca cmov pat pse36 clflush dts acpi mmx fxsr sse sse2 ss ht tm pbe syscall nx pdpe1gb rdtscp lm constant_tsc arch_perfmon pebs bts rep_good nopl xtopology nonstop_tsc cpuid aperfmperf pni pclmulqdq dtes64 monitor ds_cpl vmx smx est tm2 ssse3 cx16 xtpr pdcm pcid dca sse4_1 sse4_2 popcnt aes lahf_lm epb pti ssbd ibrs ibpb stibp tpr_shadow vnmi flexpriority ept vpid dtherm ida arat flush_l1d
bugs		: cpu_meltdown spectre_v1 spectre_v2 spec_store_bypass l1tf mds
bogomips	: 5588.70
clflush size	: 64
cache_alignment	: 64
address sizes	: 40 bits physical, 48 bits virtual
power management:

processor	: 14
vendor_id	: GenuineIntel
cpu family	: 6
model		: 44
model name	: Intel(R) Xeon(R) CPU           X5660  @ 2.80GHz
stepping	: 2
microcode	: 0x1f
cpu MHz		: 1596.080
cache size	: 12288 KB
physical id	: 0
siblings	: 12
core id		: 2
cpu cores	: 6
apicid		: 5
initial apicid	: 5
fpu		: yes
fpu_exception	: yes
cpuid level	: 11
wp		: yes
flags		: fpu vme de pse tsc msr pae mce cx8 apic sep mtrr pge mca cmov pat pse36 clflush dts acpi mmx fxsr sse sse2 ss ht tm pbe syscall nx pdpe1gb rdtscp lm constant_tsc arch_perfmon pebs bts rep_good nopl xtopology nonstop_tsc cpuid aperfmperf pni pclmulqdq dtes64 monitor ds_cpl vmx smx est tm2 ssse3 cx16 xtpr pdcm pcid dca sse4_1 sse4_2 popcnt aes lahf_lm epb pti ssbd ibrs ibpb stibp tpr_shadow vnmi flexpriority ept vpid dtherm ida arat flush_l1d
bugs		: cpu_meltdown spectre_v1 spectre_v2 spec_store_bypass l1tf mds
bogomips	: 5588.70
clflush size	: 64
cache_alignment	: 64
address sizes	: 40 bits physical, 48 bits virtual
power management:

processor	: 15
vendor_id	: GenuineIntel
cpu family	: 6
model		: 44
model name	: Intel(R) Xeon(R) CPU           X5660  @ 2.80GHz
stepping	: 2
microcode	: 0x1f
cpu MHz		: 1595.806
cache size	: 12288 KB
physical id	: 0
siblings	: 12
core id		: 8
cpu cores	: 6
apicid		: 17
initial apicid	: 17
fpu		: yes
fpu_exception	: yes
cpuid level	: 11
wp		: yes
flags		: fpu vme de pse tsc msr pae mce cx8 apic sep mtrr pge mca cmov pat pse36 clflush dts acpi mmx fxsr sse sse2 ss ht tm pbe syscall nx pdpe1gb rdtscp lm constant_tsc arch_perfmon pebs bts rep_good nopl xtopology nonstop_tsc cpuid aperfmperf pni pclmulqdq dtes64 monitor ds_cpl vmx smx est tm2 ssse3 cx16 xtpr pdcm pcid dca sse4_1 sse4_2 popcnt aes lahf_lm epb pti ssbd ibrs ibpb stibp tpr_shadow vnmi flexpriority ept vpid dtherm ida arat flush_l1d
bugs		: cpu_meltdown spectre_v1 spectre_v2 spec_store_bypass l1tf mds
bogomips	: 5588.70
clflush size	: 64
cache_alignment	: 64
address sizes	: 40 bits physical, 48 bits virtual
power management:

processor	: 16
vendor_id	: GenuineIntel
cpu family	: 6
model		: 44
model name	: Intel(R) Xeon(R) CPU           X5660  @ 2.80GHz
stepping	: 2
microcode	: 0x1f
cpu MHz		: 1595.997
cache size	: 12288 KB
physical id	: 0
siblings	: 12
core id		: 9
cpu cores	: 6
apicid		: 19
initial apicid	: 19
fpu		: yes
fpu_exception	: yes
cpuid level	: 11
wp		: yes
flags		: fpu vme de pse tsc msr pae mce cx8 apic sep mtrr pge mca cmov pat pse36 clflush dts acpi mmx fxsr sse sse2 ss ht tm pbe syscall nx pdpe1gb rdtscp lm constant_tsc arch_perfmon pebs bts rep_good nopl xtopology nonstop_tsc cpuid aperfmperf pni pclmulqdq dtes64 monitor ds_cpl vmx smx est tm2 ssse3 cx16 xtpr pdcm pcid dca sse4_1 sse4_2 popcnt aes lahf_lm epb pti ssbd ibrs ibpb stibp tpr_shadow vnmi flexpriority ept vpid dtherm ida arat flush_l1d
bugs		: cpu_meltdown spectre_v1 spectre_v2 spec_store_bypass l1tf mds
bogomips	: 5588.70
clflush size	: 64
cache_alignment	: 64
address sizes	: 40 bits physical, 48 bits virtual
power management:

processor	: 17
vendor_id	: GenuineIntel
cpu family	: 6
model		: 44
model name	: Intel(R) Xeon(R) CPU           X5660  @ 2.80GHz
stepping	: 2
microcode	: 0x1f
cpu MHz		: 1595.873
cache size	: 12288 KB
physical id	: 0
siblings	: 12
core id		: 10
cpu cores	: 6
apicid		: 21
initial apicid	: 21
fpu		: yes
fpu_exception	: yes
cpuid level	: 11
wp		: yes
flags		: fpu vme de pse tsc msr pae mce cx8 apic sep mtrr pge mca cmov pat pse36 clflush dts acpi mmx fxsr sse sse2 ss ht tm pbe syscall nx pdpe1gb rdtscp lm constant_tsc arch_perfmon pebs bts rep_good nopl xtopology nonstop_tsc cpuid aperfmperf pni pclmulqdq dtes64 monitor ds_cpl vmx smx est tm2 ssse3 cx16 xtpr pdcm pcid dca sse4_1 sse4_2 popcnt aes lahf_lm epb pti ssbd ibrs ibpb stibp tpr_shadow vnmi flexpriority ept vpid dtherm ida arat flush_l1d
bugs		: cpu_meltdown spectre_v1 spectre_v2 spec_store_bypass l1tf mds
bogomips	: 5588.70
clflush size	: 64
cache_alignment	: 64
address sizes	: 40 bits physical, 48 bits virtual
power management:

processor	: 18
vendor_id	: GenuineIntel
cpu family	: 6
model		: 44
model name	: Intel(R) Xeon(R) CPU           X5660  @ 2.80GHz
stepping	: 2
microcode	: 0x1f
cpu MHz		: 2349.458
cache size	: 12288 KB
physical id	: 1
siblings	: 12
core id		: 0
cpu cores	: 6
apicid		: 33
initial apicid	: 33
fpu		: yes
fpu_exception	: yes
cpuid level	: 11
wp		: yes
flags		: fpu vme de pse tsc msr pae mce cx8 apic sep mtrr pge mca cmov pat pse36 clflush dts acpi mmx fxsr sse sse2 ss ht tm pbe syscall nx pdpe1gb rdtscp lm constant_tsc arch_perfmon pebs bts rep_good nopl xtopology nonstop_tsc cpuid aperfmperf pni pclmulqdq dtes64 monitor ds_cpl vmx smx est tm2 ssse3 cx16 xtpr pdcm pcid dca sse4_1 sse4_2 popcnt aes lahf_lm epb pti ssbd ibrs ibpb stibp tpr_shadow vnmi flexpriority ept vpid dtherm ida arat flush_l1d
bugs		: cpu_meltdown spectre_v1 spectre_v2 spec_store_bypass l1tf mds
bogomips	: 5588.79
clflush size	: 64
cache_alignment	: 64
address sizes	: 40 bits physical, 48 bits virtual
power management:

processor	: 19
vendor_id	: GenuineIntel
cpu family	: 6
model		: 44
model name	: Intel(R) Xeon(R) CPU           X5660  @ 2.80GHz
stepping	: 2
microcode	: 0x1f
cpu MHz		: 1919.519
cache size	: 12288 KB
physical id	: 1
siblings	: 12
core id		: 1
cpu cores	: 6
apicid		: 35
initial apicid	: 35
fpu		: yes
fpu_exception	: yes
cpuid level	: 11
wp		: yes
flags		: fpu vme de pse tsc msr pae mce cx8 apic sep mtrr pge mca cmov pat pse36 clflush dts acpi mmx fxsr sse sse2 ss ht tm pbe syscall nx pdpe1gb rdtscp lm constant_tsc arch_perfmon pebs bts rep_good nopl xtopology nonstop_tsc cpuid aperfmperf pni pclmulqdq dtes64 monitor ds_cpl vmx smx est tm2 ssse3 cx16 xtpr pdcm pcid dca sse4_1 sse4_2 popcnt aes lahf_lm epb pti ssbd ibrs ibpb stibp tpr_shadow vnmi flexpriority ept vpid dtherm ida arat flush_l1d
bugs		: cpu_meltdown spectre_v1 spectre_v2 spec_store_bypass l1tf mds
bogomips	: 5588.79
clflush size	: 64
cache_alignment	: 64
address sizes	: 40 bits physical, 48 bits virtual
power management:

processor	: 20
vendor_id	: GenuineIntel
cpu family	: 6
model		: 44
model name	: Intel(R) Xeon(R) CPU           X5660  @ 2.80GHz
stepping	: 2
microcode	: 0x1f
cpu MHz		: 1866.499
cache size	: 12288 KB
physical id	: 1
siblings	: 12
core id		: 2
cpu cores	: 6
apicid		: 37
initial apicid	: 37
fpu		: yes
fpu_exception	: yes
cpuid level	: 11
wp		: yes
flags		: fpu vme de pse tsc msr pae mce cx8 apic sep mtrr pge mca cmov pat pse36 clflush dts acpi mmx fxsr sse sse2 ss ht tm pbe syscall nx pdpe1gb rdtscp lm constant_tsc arch_perfmon pebs bts rep_good nopl xtopology nonstop_tsc cpuid aperfmperf pni pclmulqdq dtes64 monitor ds_cpl vmx smx est tm2 ssse3 cx16 xtpr pdcm pcid dca sse4_1 sse4_2 popcnt aes lahf_lm epb pti ssbd ibrs ibpb stibp tpr_shadow vnmi flexpriority ept vpid dtherm ida arat flush_l1d
bugs		: cpu_meltdown spectre_v1 spectre_v2 spec_store_bypass l1tf mds
bogomips	: 5588.79
clflush size	: 64
cache_alignment	: 64
address sizes	: 40 bits physical, 48 bits virtual
power management:

processor	: 21
vendor_id	: GenuineIntel
cpu family	: 6
model		: 44
model name	: Intel(R) Xeon(R) CPU           X5660  @ 2.80GHz
stepping	: 2
microcode	: 0x1f
cpu MHz		: 2728.353
cache size	: 12288 KB
physical id	: 1
siblings	: 12
core id		: 8
cpu cores	: 6
apicid		: 49
initial apicid	: 49
fpu		: yes
fpu_exception	: yes
cpuid level	: 11
wp		: yes
flags		: fpu vme de pse tsc msr pae mce cx8 apic sep mtrr pge mca cmov pat pse36 clflush dts acpi mmx fxsr sse sse2 ss ht tm pbe syscall nx pdpe1gb rdtscp lm constant_tsc arch_perfmon pebs bts rep_good nopl xtopology nonstop_tsc cpuid aperfmperf pni pclmulqdq dtes64 monitor ds_cpl vmx smx est tm2 ssse3 cx16 xtpr pdcm pcid dca sse4_1 sse4_2 popcnt aes lahf_lm epb pti ssbd ibrs ibpb stibp tpr_shadow vnmi flexpriority ept vpid dtherm ida arat flush_l1d
bugs		: cpu_meltdown spectre_v1 spectre_v2 spec_store_bypass l1tf mds
bogomips	: 5588.79
clflush size	: 64
cache_alignment	: 64
address sizes	: 40 bits physical, 48 bits virtual
power management:

processor	: 22
vendor_id	: GenuineIntel
cpu family	: 6
model		: 44
model name	: Intel(R) Xeon(R) CPU           X5660  @ 2.80GHz
stepping	: 2
microcode	: 0x1f
cpu MHz		: 1848.238
cache size	: 12288 KB
physical id	: 1
siblings	: 12
core id		: 9
cpu cores	: 6
apicid		: 51
initial apicid	: 51
fpu		: yes
fpu_exception	: yes
cpuid level	: 11
wp		: yes
flags		: fpu vme de pse tsc msr pae mce cx8 apic sep mtrr pge mca cmov pat pse36 clflush dts acpi mmx fxsr sse sse2 ss ht tm pbe syscall nx pdpe1gb rdtscp lm constant_tsc arch_perfmon pebs bts rep_good nopl xtopology nonstop_tsc cpuid aperfmperf pni pclmulqdq dtes64 monitor ds_cpl vmx smx est tm2 ssse3 cx16 xtpr pdcm pcid dca sse4_1 sse4_2 popcnt aes lahf_lm epb pti ssbd ibrs ibpb stibp tpr_shadow vnmi flexpriority ept vpid dtherm ida arat flush_l1d
bugs		: cpu_meltdown spectre_v1 spectre_v2 spec_store_bypass l1tf mds
bogomips	: 5588.79
clflush size	: 64
cache_alignment	: 64
address sizes	: 40 bits physical, 48 bits virtual
power management:

processor	: 23
vendor_id	: GenuineIntel
cpu family	: 6
model		: 44
model name	: Intel(R) Xeon(R) CPU           X5660  @ 2.80GHz
stepping	: 2
microcode	: 0x1f
cpu MHz		: 2328.053
cache size	: 12288 KB
physical id	: 1
siblings	: 12
core id		: 10
cpu cores	: 6
apicid		: 53
initial apicid	: 53
fpu		: yes
fpu_exception	: yes
cpuid level	: 11
wp		: yes
flags		: fpu vme de pse tsc msr pae mce cx8 apic sep mtrr pge mca cmov pat pse36 clflush dts acpi mmx fxsr sse sse2 ss ht tm pbe syscall nx pdpe1gb rdtscp lm constant_tsc arch_perfmon pebs bts rep_good nopl xtopology nonstop_tsc cpuid aperfmperf pni pclmulqdq dtes64 monitor ds_cpl vmx smx est tm2 ssse3 cx16 xtpr pdcm pcid dca sse4_1 sse4_2 popcnt aes lahf_lm epb pti ssbd ibrs ibpb stibp tpr_shadow vnmi flexpriority ept vpid dtherm ida arat flush_l1d
bugs		: cpu_meltdown spectre_v1 spectre_v2 spec_store_bypass l1tf mds
bogomips	: 5588.79
clflush size	: 64
cache_alignment	: 64
address sizes	: 40 bits physical, 48 bits virtual
power management:



Memory: 4k page, physical 49429836k(31102092k free), swap 4194300k(4194300k free)

vm_info: OpenJDK 64-Bit Server VM (25.222-b05) for linux-amd64 JRE (1.8.0_222-b05), built on Jun 18 2019 08:19:03 by "builduser" with gcc 8.3.0

time: Thu Aug  8 21:41:24 2019
timezone: AEST
elapsed time: 0 seconds (0d 0h 0m 0s)

