#
# A fatal error has been detected by the Java Runtime Environment:
#
#  SIGSEGV (0xb) at pc=0x00007fb2c43cb152, pid=31688, tid=0x00007fb2c50225c0
#
# JRE version: OpenJDK Runtime Environment (8.0_222-b05) (build 1.8.0_222-b05)
# Java VM: OpenJDK 64-Bit Server VM (25.222-b05 mixed mode linux-amd64 compressed oops)
# Problematic frame:
# V  [libjvm.so+0x64b152]
#
# Core dump written. Default location: /media/storage/home/code/libnji/tools/njic/core or core.31688
#
# If you would like to submit a bug report, please visit:
#   http://bugreport.java.com/bugreport/crash.jsp
#

---------------  T H R E A D  ---------------

Current thread (0x000055777aaf1000):  JavaThread "main" [_thread_in_vm, id=31688, stack(0x00007ffe97f53000,0x00007ffe98053000)]

siginfo: si_signo: 11 (SIGSEGV), si_code: 1 (SEGV_MAPERR), si_addr: 0x0000000000000000

Registers:
RAX=0x00007fb2c47faa88, RBX=0x000055777aaf1000, RCX=0x000055777aaba920, RDX=0x000055777aa44c18
RSP=0x00007ffe98050040, RBP=0x00007ffe980500c0, RSI=0x000055777aaf1000, RDI=0x000055777aaf1000
R8 =0x00007fb2c5378a10, R9 =0x00007fb2c4b6db40, R10=0x00007ffe98050020, R11=0x00007fb2c43cb0e0
R12=0x0000000000000000, R13=0x0000000000000000, R14=0x0000000000000000, R15=0x00007fb2c4af1320
RIP=0x00007fb2c43cb152, EFLAGS=0x0000000000010246, CSGSFS=0x002b000000000033, ERR=0x0000000000000004
  TRAPNO=0x000000000000000e

Top of Stack: (sp=0x00007ffe98050040)
0x00007ffe98050040:   000055777aaf1000 000055777aa44c10
0x00007ffe98050050:   00007fb20000053e 00007fb2c47faa88
0x00007ffe98050060:   00007fb2c4f4afcc 00007fb2c4b6e440
0x00007ffe98050070:   00007fb2c4a87b40 00007fb2c52748de
0x00007ffe98050080:   00007fb2c5275380 00007fb2c4b6211d
0x00007ffe98050090:   00007fb2c4baeab0 00007ffe98050170
0x00007ffe980500a0:   00007ffe98050208 00007ffe980500d0
0x00007ffe980500b0:   0000000000000000 00007fb2c4af1320
0x00007ffe980500c0:   00007ffe980500d0 00007fb2c4af06d0
0x00007ffe980500d0:   000000000000000e 00007ffe98050210
0x00007ffe980500e0:   00007ffe980501c0 00007fb2c4af00a0
0x00007ffe980500f0:   0000000000000001 0000000000000000
0x00007ffe98050100:   00007ffe980502f0 00007fb2c43cb0e0
0x00007ffe98050110:   00007ffe98050200 00007ffe980500d0
0x00007ffe98050120:   00007ffe98050210 00007ffe98050020
0x00007ffe98050130:   00007ffe980502f0 0000000000000000
0x00007ffe98050140:   00007fb200000003 00007ffe9805016c
0x00007ffe98050150:   00007ffe98050168 00007ffe980501e8
0x00007ffe98050160:   00007fb2c5371220 0000000000000001
0x00007ffe98050170:   0000557700000002 00007ffe98050210
0x00007ffe98050180:   00007ffe98050350 99146b6e460c1f00
0x00007ffe98050190:   00007ffe980502f0 00007ffe98050210
0x00007ffe980501a0:   0000000000000003 00007ffe980502f0
0x00007ffe980501b0:   0000000000000000 0000000000000000
0x00007ffe980501c0:   00007ffe98050350 00007fb2c4b5fda7
0x00007ffe980501d0:   00007fb2c4b6ded0 00007fb2c4b6ded0
0x00007ffe980501e0:   00007fb2c4b6e030 00007fb2c4b5ea81
0x00007ffe980501f0:   00007ffe98050230 00007ffe98050250
0x00007ffe98050200:   00007ffe98050270 00007fb2c4b5f6ff
0x00007ffe98050210:   0000000000000003 00007fb2c4b5fb41
0x00007ffe98050220:   00007fb2c4b6ded0 00007fb2c4bae6f0
0x00007ffe98050230:   000055777aaf11e0 0000000000000000 

Instructions: (pc=0x00007fb2c43cb152)
0x00007fb2c43cb132:   5d 80 48 c7 45 88 00 00 00 00 74 0a 48 8d 7d 80
0x00007fb2c43cb142:   67 e8 c8 7f 27 00 41 f6 c5 01 0f 85 e6 00 00 00
0x00007fb2c43cb152:   4d 8b 6d 00 48 8d 05 37 87 65 00 48 8d 15 66 71
0x00007fb2c43cb162:   65 00 48 63 00 4c 01 e8 80 3a 00 0f 85 9d 00 00 

Register to memory mapping:

RAX=0x00007fb2c47faa88: <offset 0xa7aa88> in /usr/lib/jvm/java-8-openjdk/jre/lib/amd64/server/libjvm.so at 0x00007fb2c3d80000
RBX=0x000055777aaf1000 is a thread
RCX=0x000055777aaba920 is an unknown value
RDX=0x000055777aa44c18 is an unknown value
RSP=0x00007ffe98050040 is pointing into the stack for thread: 0x000055777aaf1000
RBP=0x00007ffe980500c0 is pointing into the stack for thread: 0x000055777aaf1000
RSI=0x000055777aaf1000 is a thread
RDI=0x000055777aaf1000 is a thread
R8 =0x00007fb2c5378a10: _Py_ZeroStruct+0 in /usr/lib/libpython2.7.so.1.0 at 0x00007fb2c5173000
R9 =0x00007fb2c4b6db40: PyCArg_Type+0 in /usr/lib/python2.7/lib-dynload/_ctypes.so at 0x00007fb2c4b4f000
R10=0x00007ffe98050020 is pointing into the stack for thread: 0x000055777aaf1000
R11=0x00007fb2c43cb0e0: <offset 0x64b0e0> in /usr/lib/jvm/java-8-openjdk/jre/lib/amd64/server/libjvm.so at 0x00007fb2c3d80000
R12=0x0000000000000000 is an unknown value
R13=0x0000000000000000 is an unknown value
R14=0x0000000000000000 is an unknown value
R15=0x00007fb2c4af1320: <offset 0x7320> in /usr/lib/libffi.so.6 at 0x00007fb2c4aea000


Stack: [0x00007ffe97f53000,0x00007ffe98053000],  sp=0x00007ffe98050040,  free space=1012k
Native frames: (J=compiled Java code, j=interpreted, Vv=VM code, C=native code)
V  [libjvm.so+0x64b152]
C  [libffi.so.6+0x66d0]  ffi_call_unix64+0x4c
C  0x00007ffe98050210


---------------  P R O C E S S  ---------------

Java Threads: ( => current thread )
  0x000055777ac02000 JavaThread "Service Thread" daemon [_thread_blocked, id=31723, stack(0x00007fb24a2e3000,0x00007fb24a3e4000)]
  0x000055777abfe800 JavaThread "C1 CompilerThread11" daemon [_thread_blocked, id=31722, stack(0x00007fb24a3e5000,0x00007fb24a4e5000)]
  0x000055777abfd000 JavaThread "C1 CompilerThread10" daemon [_thread_blocked, id=31721, stack(0x00007fb24a4e6000,0x00007fb24a5e6000)]
  0x000055777abfa800 JavaThread "C1 CompilerThread9" daemon [_thread_blocked, id=31720, stack(0x00007fb24a5e7000,0x00007fb24a6e7000)]
  0x000055777abf9000 JavaThread "C1 CompilerThread8" daemon [_thread_blocked, id=31719, stack(0x00007fb24a6e8000,0x00007fb24a7e8000)]
  0x000055777abf6800 JavaThread "C2 CompilerThread7" daemon [_thread_blocked, id=31718, stack(0x00007fb24a7e9000,0x00007fb24a8e9000)]
  0x000055777abf4800 JavaThread "C2 CompilerThread6" daemon [_thread_blocked, id=31717, stack(0x00007fb24a8ea000,0x00007fb24a9ea000)]
  0x000055777abf2800 JavaThread "C2 CompilerThread5" daemon [_thread_blocked, id=31716, stack(0x00007fb24a9eb000,0x00007fb24aaeb000)]
  0x000055777abe8800 JavaThread "C2 CompilerThread4" daemon [_thread_blocked, id=31715, stack(0x00007fb24aaec000,0x00007fb24abec000)]
  0x000055777abe6800 JavaThread "C2 CompilerThread3" daemon [_thread_blocked, id=31714, stack(0x00007fb24abed000,0x00007fb24aced000)]
  0x000055777abe4800 JavaThread "C2 CompilerThread2" daemon [_thread_blocked, id=31713, stack(0x00007fb24acee000,0x00007fb24adee000)]
  0x000055777abe2800 JavaThread "C2 CompilerThread1" daemon [_thread_blocked, id=31712, stack(0x00007fb24adef000,0x00007fb24aeef000)]
  0x000055777abdf800 JavaThread "C2 CompilerThread0" daemon [_thread_blocked, id=31711, stack(0x00007fb24aef0000,0x00007fb24aff0000)]
  0x000055777abde800 JavaThread "Signal Dispatcher" daemon [_thread_blocked, id=31710, stack(0x00007fb24aff0000,0x00007fb24b0f1000)]
  0x000055777abad000 JavaThread "Finalizer" daemon [_thread_blocked, id=31709, stack(0x00007fb24b0f1000,0x00007fb24b1f2000)]
  0x000055777abaa800 JavaThread "Reference Handler" daemon [_thread_blocked, id=31708, stack(0x00007fb24b1f2000,0x00007fb24b2f3000)]
=>0x000055777aaf1000 JavaThread "main" [_thread_in_vm, id=31688, stack(0x00007ffe97f53000,0x00007ffe98053000)]

Other Threads:
  0x000055777aba1000 VMThread [stack: 0x00007fb24b2f4000,0x00007fb24b3f4000] [id=31707]
  0x000055777ac04000 WatcherThread [stack: 0x00007fb24a1e3000,0x00007fb24a2e3000] [id=31724]

VM state:not at safepoint (normal execution)

VM Mutex/Monitor currently owned by a thread: None

heap address: 0x00000004cdc00000, size: 12068 MB, Compressed Oops mode: Zero based, Oop shift amount: 3
Narrow klass base: 0x0000000000000000, Narrow klass shift: 3
Compressed class space size: 1073741824 Address: 0x00000007c0000000

Heap:
 PSYoungGen      total 225792K, used 3870K [0x00000006c4980000, 0x00000006d4580000, 0x00000007c0000000)
  eden space 193536K, 2% used [0x00000006c4980000,0x00000006c4d47af0,0x00000006d0680000)
  from space 32256K, 0% used [0x00000006d2600000,0x00000006d2600000,0x00000006d4580000)
  to   space 32256K, 0% used [0x00000006d0680000,0x00000006d0680000,0x00000006d2600000)
 ParOldGen       total 516096K, used 0K [0x00000004cdc00000, 0x00000004ed400000, 0x00000006c4980000)
  object space 516096K, 0% used [0x00000004cdc00000,0x00000004cdc00000,0x00000004ed400000)
 Metaspace       used 2253K, capacity 4480K, committed 4480K, reserved 1056768K
  class space    used 239K, capacity 384K, committed 384K, reserved 1048576K

Card table byte_map: [0x00007fb2b2fb1000,0x00007fb2b4744000] byte_map_base: 0x00007fb2b0943000

Marking Bits: (ParMarkBitMap*) 0x00007fb2c4a2bc40
 Begin Bits: [0x00007fb25c6e0000, 0x00007fb268370000)
 End Bits:   [0x00007fb268370000, 0x00007fb274000000)

Polling page: 0x00007fb2c559f000

CodeCache: size=245760Kb used=2760Kb max_used=2760Kb free=242999Kb
 bounds [0x00007fb2b4b04000, 0x00007fb2b4dc4000, 0x00007fb2c3b04000]
 total_blobs=234 nmethods=10 adapters=138
 compilation: enabled

Compilation events (10 events):
Event: 0.064 Thread 0x000055777abf9000 nmethod 4 0x00007fb2b4dacd10 code [0x00007fb2b4dace80, 0x00007fb2b4dad0e8]
Event: 0.064 Thread 0x000055777abfe800 nmethod 5 0x00007fb2b4dac810 code [0x00007fb2b4dac980, 0x00007fb2b4dacc10]
Event: 0.064 Thread 0x000055777abfd000    7       3       java.lang.Math::min (11 bytes)
Event: 0.064 Thread 0x000055777abfd000 nmethod 7 0x00007fb2b4dac490 code [0x00007fb2b4dac600, 0x00007fb2b4dac790]
Event: 0.064 Thread 0x000055777abfd000    8       3       java.lang.String::length (6 bytes)
Event: 0.065 Thread 0x000055777abfd000 nmethod 8 0x00007fb2b4dac110 code [0x00007fb2b4dac280, 0x00007fb2b4dac3f0]
Event: 0.065 Thread 0x000055777abfa800   10       1       java.lang.Object::<init> (1 bytes)
Event: 0.065 Thread 0x000055777abfe800    9       3       java.lang.AbstractStringBuilder::ensureCapacityInternal (27 bytes)
Event: 0.065 Thread 0x000055777abfa800 nmethod 10 0x00007fb2b4dabe50 code [0x00007fb2b4dabfa0, 0x00007fb2b4dac0b0]
Event: 0.065 Thread 0x000055777abfe800 nmethod 9 0x00007fb2b4db61d0 code [0x00007fb2b4db6360, 0x00007fb2b4db67d8]

GC Heap History (0 events):
No events

Deoptimization events (0 events):
No events

Classes redefined (0 events):
No events

Internal exceptions (6 events):
Event: 0.032 Thread 0x000055777aaf1000 Exception <a 'java/lang/NoSuchMethodError': Method sun.misc.Unsafe.defineClass(Ljava/lang/String;[BII)Ljava/lang/Class; name or signature does not match> (0x00000006c4987cb0) thrown at [/build/java8-openjdk/src/jdk8u-jdk8u222-b05/hotspot/src/share/vm/prim
Event: 0.032 Thread 0x000055777aaf1000 Exception <a 'java/lang/NoSuchMethodError': Method sun.misc.Unsafe.prefetchRead(Ljava/lang/Object;J)V name or signature does not match> (0x00000006c4987f98) thrown at [/build/java8-openjdk/src/jdk8u-jdk8u222-b05/hotspot/src/share/vm/prims/jni.cpp, line 40
Event: 0.065 Thread 0x000055777aaf1000 Exception <a 'java/lang/NoClassDefFoundError': Lbyte[];> (0x00000006c49d7060) thrown at [/build/java8-openjdk/src/jdk8u-jdk8u222-b05/hotspot/src/share/vm/classfile/systemDictionary.cpp, line 199]
Event: 0.066 Thread 0x000055777aaf1000 Exception <a 'java/lang/NoClassDefFoundError': Lint;> (0x00000006c49d8108) thrown at [/build/java8-openjdk/src/jdk8u-jdk8u222-b05/hotspot/src/share/vm/classfile/systemDictionary.cpp, line 199]
Event: 0.066 Thread 0x000055777aaf1000 Exception <a 'java/lang/NoClassDefFoundError': Lint;> (0x00000006c49d9170) thrown at [/build/java8-openjdk/src/jdk8u-jdk8u222-b05/hotspot/src/share/vm/classfile/systemDictionary.cpp, line 199]
Event: 0.066 Thread 0x000055777aaf1000 Exception <a 'java/lang/NullPointerException'> (0x00000006c49d9378) thrown at [/build/java8-openjdk/src/jdk8u-jdk8u222-b05/hotspot/src/share/vm/prims/jni.cpp, line 1342]

Events (10 events):
Event: 0.063 loading class java/util/zip/ZipFile$1
Event: 0.063 loading class sun/misc/JavaUtilZipFileAccess
Event: 0.063 loading class sun/misc/JavaUtilZipFileAccess done
Event: 0.063 loading class java/util/zip/ZipFile$1 done
Event: 0.065 loading class sun/misc/URLClassPath$FileLoader
Event: 0.065 loading class sun/misc/URLClassPath$FileLoader done
Event: 0.066 loading class int
Event: 0.066 loading class int done
Event: 0.066 loading class int
Event: 0.066 loading class int done


Dynamic libraries:
4cdc00000-4ed400000 rw-p 00000000 00:00 0 
4ed400000-6c4980000 ---p 00000000 00:00 0 
6c4980000-6d4580000 rw-p 00000000 00:00 0 
6d4580000-7c0000000 ---p 00000000 00:00 0 
7c0000000-7c0060000 rw-p 00000000 00:00 0 
7c0060000-800000000 ---p 00000000 00:00 0 
55777a54a000-55777a54b000 r--p 00000000 08:33 3978670                    /usr/bin/python2.7
55777a54b000-55777a54c000 r-xp 00001000 08:33 3978670                    /usr/bin/python2.7
55777a54c000-55777a54d000 r--p 00002000 08:33 3978670                    /usr/bin/python2.7
55777a54d000-55777a54e000 r--p 00002000 08:33 3978670                    /usr/bin/python2.7
55777a54e000-55777a54f000 rw-p 00003000 08:33 3978670                    /usr/bin/python2.7
55777a9e1000-55777ac2c000 rw-p 00000000 00:00 0                          [heap]
7fb1fc000000-7fb1fc021000 rw-p 00000000 00:00 0 
7fb1fc021000-7fb200000000 ---p 00000000 00:00 0 
7fb204000000-7fb204021000 rw-p 00000000 00:00 0 
7fb204021000-7fb208000000 ---p 00000000 00:00 0 
7fb208000000-7fb208021000 rw-p 00000000 00:00 0 
7fb208021000-7fb20c000000 ---p 00000000 00:00 0 
7fb20c000000-7fb20c021000 rw-p 00000000 00:00 0 
7fb20c021000-7fb210000000 ---p 00000000 00:00 0 
7fb210000000-7fb210021000 rw-p 00000000 00:00 0 
7fb210021000-7fb214000000 ---p 00000000 00:00 0 
7fb214000000-7fb214021000 rw-p 00000000 00:00 0 
7fb214021000-7fb218000000 ---p 00000000 00:00 0 
7fb218000000-7fb218021000 rw-p 00000000 00:00 0 
7fb218021000-7fb21c000000 ---p 00000000 00:00 0 
7fb21c000000-7fb21c021000 rw-p 00000000 00:00 0 
7fb21c021000-7fb220000000 ---p 00000000 00:00 0 
7fb220000000-7fb220021000 rw-p 00000000 00:00 0 
7fb220021000-7fb224000000 ---p 00000000 00:00 0 
7fb224000000-7fb224021000 rw-p 00000000 00:00 0 
7fb224021000-7fb228000000 ---p 00000000 00:00 0 
7fb228000000-7fb228021000 rw-p 00000000 00:00 0 
7fb228021000-7fb22c000000 ---p 00000000 00:00 0 
7fb22c000000-7fb22c021000 rw-p 00000000 00:00 0 
7fb22c021000-7fb230000000 ---p 00000000 00:00 0 
7fb230000000-7fb230021000 rw-p 00000000 00:00 0 
7fb230021000-7fb234000000 ---p 00000000 00:00 0 
7fb234000000-7fb234021000 rw-p 00000000 00:00 0 
7fb234021000-7fb238000000 ---p 00000000 00:00 0 
7fb238000000-7fb238078000 rw-p 00000000 00:00 0 
7fb238078000-7fb23c000000 ---p 00000000 00:00 0 
7fb23c000000-7fb23c021000 rw-p 00000000 00:00 0 
7fb23c021000-7fb240000000 ---p 00000000 00:00 0 
7fb240000000-7fb240021000 rw-p 00000000 00:00 0 
7fb240021000-7fb244000000 ---p 00000000 00:00 0 
7fb244000000-7fb244021000 rw-p 00000000 00:00 0 
7fb244021000-7fb248000000 ---p 00000000 00:00 0 
7fb24a1e2000-7fb24a1e3000 ---p 00000000 00:00 0 
7fb24a1e3000-7fb24a2e3000 rw-p 00000000 00:00 0 
7fb24a2e3000-7fb24a2e6000 ---p 00000000 00:00 0 
7fb24a2e6000-7fb24a3e4000 rw-p 00000000 00:00 0 
7fb24a3e4000-7fb24a3e5000 ---p 00000000 00:00 0 
7fb24a3e5000-7fb24a3e8000 ---p 00000000 00:00 0 
7fb24a3e8000-7fb24a4e5000 rw-p 00000000 00:00 0 
7fb24a4e5000-7fb24a4e6000 ---p 00000000 00:00 0 
7fb24a4e6000-7fb24a4e9000 ---p 00000000 00:00 0 
7fb24a4e9000-7fb24a5e6000 rw-p 00000000 00:00 0 
7fb24a5e6000-7fb24a5e7000 ---p 00000000 00:00 0 
7fb24a5e7000-7fb24a5ea000 ---p 00000000 00:00 0 
7fb24a5ea000-7fb24a6e7000 rw-p 00000000 00:00 0 
7fb24a6e7000-7fb24a6e8000 ---p 00000000 00:00 0 
7fb24a6e8000-7fb24a6eb000 ---p 00000000 00:00 0 
7fb24a6eb000-7fb24a7e8000 rw-p 00000000 00:00 0 
7fb24a7e8000-7fb24a7e9000 ---p 00000000 00:00 0 
7fb24a7e9000-7fb24a7ec000 ---p 00000000 00:00 0 
7fb24a7ec000-7fb24a8e9000 rw-p 00000000 00:00 0 
7fb24a8e9000-7fb24a8ea000 ---p 00000000 00:00 0 
7fb24a8ea000-7fb24a8ed000 ---p 00000000 00:00 0 
7fb24a8ed000-7fb24a9ea000 rw-p 00000000 00:00 0 
7fb24a9ea000-7fb24a9eb000 ---p 00000000 00:00 0 
7fb24a9eb000-7fb24a9ee000 ---p 00000000 00:00 0 
7fb24a9ee000-7fb24aaeb000 rw-p 00000000 00:00 0 
7fb24aaeb000-7fb24aaec000 ---p 00000000 00:00 0 
7fb24aaec000-7fb24aaef000 ---p 00000000 00:00 0 
7fb24aaef000-7fb24abec000 rw-p 00000000 00:00 0 
7fb24abec000-7fb24abed000 ---p 00000000 00:00 0 
7fb24abed000-7fb24abf0000 ---p 00000000 00:00 0 
7fb24abf0000-7fb24aced000 rw-p 00000000 00:00 0 
7fb24aced000-7fb24acee000 ---p 00000000 00:00 0 
7fb24acee000-7fb24acf1000 ---p 00000000 00:00 0 
7fb24acf1000-7fb24adee000 rw-p 00000000 00:00 0 
7fb24adee000-7fb24adef000 ---p 00000000 00:00 0 
7fb24adef000-7fb24adf2000 ---p 00000000 00:00 0 
7fb24adf2000-7fb24aeef000 rw-p 00000000 00:00 0 
7fb24aeef000-7fb24aef0000 ---p 00000000 00:00 0 
7fb24aef0000-7fb24aef3000 ---p 00000000 00:00 0 
7fb24aef3000-7fb24aff0000 rw-p 00000000 00:00 0 
7fb24aff0000-7fb24aff3000 ---p 00000000 00:00 0 
7fb24aff3000-7fb24b0f1000 rw-p 00000000 00:00 0 
7fb24b0f1000-7fb24b0f4000 ---p 00000000 00:00 0 
7fb24b0f4000-7fb24b1f2000 rw-p 00000000 00:00 0 
7fb24b1f2000-7fb24b1f5000 ---p 00000000 00:00 0 
7fb24b1f5000-7fb24b2f3000 rw-p 00000000 00:00 0 
7fb24b2f3000-7fb24b2f4000 ---p 00000000 00:00 0 
7fb24b2f4000-7fb24c000000 rw-p 00000000 00:00 0 
7fb24c000000-7fb24c021000 rw-p 00000000 00:00 0 
7fb24c021000-7fb250000000 ---p 00000000 00:00 0 
7fb250000000-7fb250021000 rw-p 00000000 00:00 0 
7fb250021000-7fb254000000 ---p 00000000 00:00 0 
7fb254000000-7fb254021000 rw-p 00000000 00:00 0 
7fb254021000-7fb258000000 ---p 00000000 00:00 0 
7fb258000000-7fb258021000 rw-p 00000000 00:00 0 
7fb258021000-7fb25c000000 ---p 00000000 00:00 0 
7fb25c0da000-7fb274000000 rw-p 00000000 00:00 0 
7fb274000000-7fb274021000 rw-p 00000000 00:00 0 
7fb274021000-7fb278000000 ---p 00000000 00:00 0 
7fb278000000-7fb278021000 rw-p 00000000 00:00 0 
7fb278021000-7fb27c000000 ---p 00000000 00:00 0 
7fb27c000000-7fb27c021000 rw-p 00000000 00:00 0 
7fb27c021000-7fb280000000 ---p 00000000 00:00 0 
7fb2800f7000-7fb284000000 rw-p 00000000 00:00 0 
7fb284000000-7fb284021000 rw-p 00000000 00:00 0 
7fb284021000-7fb288000000 ---p 00000000 00:00 0 
7fb288000000-7fb288021000 rw-p 00000000 00:00 0 
7fb288021000-7fb28c000000 ---p 00000000 00:00 0 
7fb28c000000-7fb28c021000 rw-p 00000000 00:00 0 
7fb28c021000-7fb290000000 ---p 00000000 00:00 0 
7fb290000000-7fb290021000 rw-p 00000000 00:00 0 
7fb290021000-7fb294000000 ---p 00000000 00:00 0 
7fb294000000-7fb294021000 rw-p 00000000 00:00 0 
7fb294021000-7fb298000000 ---p 00000000 00:00 0 
7fb298000000-7fb298021000 rw-p 00000000 00:00 0 
7fb298021000-7fb29c000000 ---p 00000000 00:00 0 
7fb29c000000-7fb29c021000 rw-p 00000000 00:00 0 
7fb29c021000-7fb2a0000000 ---p 00000000 00:00 0 
7fb2a0000000-7fb2a0021000 rw-p 00000000 00:00 0 
7fb2a0021000-7fb2a4000000 ---p 00000000 00:00 0 
7fb2a4000000-7fb2a4021000 rw-p 00000000 00:00 0 
7fb2a4021000-7fb2a8000000 ---p 00000000 00:00 0 
7fb2a8000000-7fb2a8021000 rw-p 00000000 00:00 0 
7fb2a8021000-7fb2ac000000 ---p 00000000 00:00 0 
7fb2ac000000-7fb2ac021000 rw-p 00000000 00:00 0 
7fb2ac021000-7fb2b0000000 ---p 00000000 00:00 0 
7fb2b000c000-7fb2b025c000 rw-p 00000000 00:00 0 
7fb2b025c000-7fb2b042b000 r--s 03c3d000 08:33 4597824                    /usr/lib/jvm/java-8-openjdk/jre/lib/rt.jar
7fb2b042b000-7fb2b08fc000 rw-p 00000000 00:00 0 
7fb2b08fc000-7fb2b0cfc000 ---p 00000000 00:00 0 
7fb2b0cfc000-7fb2b0de8000 rw-p 00000000 00:00 0 
7fb2b0de8000-7fb2b0de9000 ---p 00000000 00:00 0 
7fb2b0de9000-7fb2b0ee9000 rw-p 00000000 00:00 0 
7fb2b0ee9000-7fb2b0eea000 ---p 00000000 00:00 0 
7fb2b0eea000-7fb2b0fea000 rw-p 00000000 00:00 0 
7fb2b0fea000-7fb2b0feb000 ---p 00000000 00:00 0 
7fb2b0feb000-7fb2b10eb000 rw-p 00000000 00:00 0 
7fb2b10eb000-7fb2b10ec000 ---p 00000000 00:00 0 
7fb2b10ec000-7fb2b11ec000 rw-p 00000000 00:00 0 
7fb2b11ec000-7fb2b11ed000 ---p 00000000 00:00 0 
7fb2b11ed000-7fb2b12ed000 rw-p 00000000 00:00 0 
7fb2b12ed000-7fb2b12ee000 ---p 00000000 00:00 0 
7fb2b12ee000-7fb2b13ee000 rw-p 00000000 00:00 0 
7fb2b13ee000-7fb2b13ef000 ---p 00000000 00:00 0 
7fb2b13ef000-7fb2b14ef000 rw-p 00000000 00:00 0 
7fb2b14ef000-7fb2b14f0000 ---p 00000000 00:00 0 
7fb2b14f0000-7fb2b15f0000 rw-p 00000000 00:00 0 
7fb2b15f0000-7fb2b15f1000 ---p 00000000 00:00 0 
7fb2b15f1000-7fb2b16f1000 rw-p 00000000 00:00 0 
7fb2b16f1000-7fb2b16f2000 ---p 00000000 00:00 0 
7fb2b16f2000-7fb2b17f2000 rw-p 00000000 00:00 0 
7fb2b17f2000-7fb2b17f3000 ---p 00000000 00:00 0 
7fb2b17f3000-7fb2b18f3000 rw-p 00000000 00:00 0 
7fb2b18f3000-7fb2b18f4000 ---p 00000000 00:00 0 
7fb2b18f4000-7fb2b19f4000 rw-p 00000000 00:00 0 
7fb2b19f4000-7fb2b19f5000 ---p 00000000 00:00 0 
7fb2b19f5000-7fb2b1af5000 rw-p 00000000 00:00 0 
7fb2b1af5000-7fb2b1af6000 ---p 00000000 00:00 0 
7fb2b1af6000-7fb2b1bf6000 rw-p 00000000 00:00 0 
7fb2b1bf6000-7fb2b1bf7000 ---p 00000000 00:00 0 
7fb2b1bf7000-7fb2b1cf7000 rw-p 00000000 00:00 0 
7fb2b1cf7000-7fb2b1cf8000 ---p 00000000 00:00 0 
7fb2b1cf8000-7fb2b1df8000 rw-p 00000000 00:00 0 
7fb2b1df8000-7fb2b1df9000 ---p 00000000 00:00 0 
7fb2b1df9000-7fb2b1ef9000 rw-p 00000000 00:00 0 
7fb2b1ef9000-7fb2b1efa000 ---p 00000000 00:00 0 
7fb2b1efa000-7fb2b20f6000 rw-p 00000000 00:00 0 
7fb2b20f6000-7fb2b2fb1000 ---p 00000000 00:00 0 
7fb2b2fb1000-7fb2b30ad000 rw-p 00000000 00:00 0 
7fb2b30ad000-7fb2b3f67000 ---p 00000000 00:00 0 
7fb2b3f67000-7fb2b3fe6000 rw-p 00000000 00:00 0 
7fb2b3fe6000-7fb2b4743000 ---p 00000000 00:00 0 
7fb2b4743000-7fb2b474f000 rw-p 00000000 00:00 0 
7fb2b474f000-7fb2b4b04000 ---p 00000000 00:00 0 
7fb2b4b04000-7fb2b4dc4000 rwxp 00000000 00:00 0 
7fb2b4dc4000-7fb2c3b04000 ---p 00000000 00:00 0 
7fb2c3b04000-7fb2c3b1a000 r-xp 00000000 08:33 3983937                    /usr/lib/libz.so.1.2.11
7fb2c3b1a000-7fb2c3d19000 ---p 00016000 08:33 3983937                    /usr/lib/libz.so.1.2.11
7fb2c3d19000-7fb2c3d1a000 r--p 00015000 08:33 3983937                    /usr/lib/libz.so.1.2.11
7fb2c3d1a000-7fb2c3d1b000 rw-p 00016000 08:33 3983937                    /usr/lib/libz.so.1.2.11
7fb2c3d2c000-7fb2c3d75000 rw-p 00000000 00:00 0 
7fb2c3d75000-7fb2c3d78000 r--p 00000000 08:33 4597631                    /usr/lib/jvm/java-8-openjdk/jre/lib/amd64/libzip.so
7fb2c3d78000-7fb2c3d7c000 r-xp 00003000 08:33 4597631                    /usr/lib/jvm/java-8-openjdk/jre/lib/amd64/libzip.so
7fb2c3d7c000-7fb2c3d7e000 r--p 00007000 08:33 4597631                    /usr/lib/jvm/java-8-openjdk/jre/lib/amd64/libzip.so
7fb2c3d7e000-7fb2c3d7f000 r--p 00008000 08:33 4597631                    /usr/lib/jvm/java-8-openjdk/jre/lib/amd64/libzip.so
7fb2c3d7f000-7fb2c3d80000 rw-p 00009000 08:33 4597631                    /usr/lib/jvm/java-8-openjdk/jre/lib/amd64/libzip.so
7fb2c3d80000-7fb2c3f71000 r--p 00000000 08:33 4865635                    /usr/lib/jvm/java-8-openjdk/jre/lib/amd64/server/libjvm.so
7fb2c3f71000-7fb2c47b9000 r-xp 001f1000 08:33 4865635                    /usr/lib/jvm/java-8-openjdk/jre/lib/amd64/server/libjvm.so
7fb2c47b9000-7fb2c495b000 r--p 00a39000 08:33 4865635                    /usr/lib/jvm/java-8-openjdk/jre/lib/amd64/server/libjvm.so
7fb2c495b000-7fb2c49f0000 r--p 00bda000 08:33 4865635                    /usr/lib/jvm/java-8-openjdk/jre/lib/amd64/server/libjvm.so
7fb2c49f0000-7fb2c4a18000 rw-p 00c6f000 08:33 4865635                    /usr/lib/jvm/java-8-openjdk/jre/lib/amd64/server/libjvm.so
7fb2c4a18000-7fb2c4ac8000 rw-p 00000000 00:00 0 
7fb2c4ace000-7fb2c4ad6000 rw-s 00000000 00:2c 935562                     /tmp/hsperfdata_brock/31688
7fb2c4ad6000-7fb2c4ad9000 r--p 00000000 08:33 3935343                    /usr/lib/libnss_files-2.29.so
7fb2c4ad9000-7fb2c4ae0000 r-xp 00003000 08:33 3935343                    /usr/lib/libnss_files-2.29.so
7fb2c4ae0000-7fb2c4ae2000 r--p 0000a000 08:33 3935343                    /usr/lib/libnss_files-2.29.so
7fb2c4ae2000-7fb2c4ae3000 r--p 0000b000 08:33 3935343                    /usr/lib/libnss_files-2.29.so
7fb2c4ae3000-7fb2c4ae4000 rw-p 0000c000 08:33 3935343                    /usr/lib/libnss_files-2.29.so
7fb2c4ae4000-7fb2c4aea000 rw-p 00000000 00:00 0 
7fb2c4aea000-7fb2c4aec000 r--p 00000000 08:33 3945485                    /usr/lib/libffi.so.6.0.4
7fb2c4aec000-7fb2c4af1000 r-xp 00002000 08:33 3945485                    /usr/lib/libffi.so.6.0.4
7fb2c4af1000-7fb2c4af2000 r--p 00007000 08:33 3945485                    /usr/lib/libffi.so.6.0.4
7fb2c4af2000-7fb2c4af3000 ---p 00008000 08:33 3945485                    /usr/lib/libffi.so.6.0.4
7fb2c4af3000-7fb2c4af4000 r--p 00008000 08:33 3945485                    /usr/lib/libffi.so.6.0.4
7fb2c4af4000-7fb2c4af5000 rw-p 00009000 08:33 3945485                    /usr/lib/libffi.so.6.0.4
7fb2c4afb000-7fb2c4b08000 r--p 00000000 08:33 4597434                    /usr/lib/jvm/java-8-openjdk/jre/lib/amd64/libjava.so
7fb2c4b08000-7fb2c4b1e000 r-xp 0000d000 08:33 4597434                    /usr/lib/jvm/java-8-openjdk/jre/lib/amd64/libjava.so
7fb2c4b1e000-7fb2c4b25000 r--p 00023000 08:33 4597434                    /usr/lib/jvm/java-8-openjdk/jre/lib/amd64/libjava.so
7fb2c4b25000-7fb2c4b26000 r--p 00029000 08:33 4597434                    /usr/lib/jvm/java-8-openjdk/jre/lib/amd64/libjava.so
7fb2c4b26000-7fb2c4b27000 rw-p 0002a000 08:33 4597434                    /usr/lib/jvm/java-8-openjdk/jre/lib/amd64/libjava.so
7fb2c4b27000-7fb2c4b28000 rw-p 00000000 00:00 0 
7fb2c4b28000-7fb2c4b2d000 r--p 00000000 08:33 4597630                    /usr/lib/jvm/java-8-openjdk/jre/lib/amd64/libverify.so
7fb2c4b2d000-7fb2c4b34000 r-xp 00005000 08:33 4597630                    /usr/lib/jvm/java-8-openjdk/jre/lib/amd64/libverify.so
7fb2c4b34000-7fb2c4b36000 r--p 0000c000 08:33 4597630                    /usr/lib/jvm/java-8-openjdk/jre/lib/amd64/libverify.so
7fb2c4b36000-7fb2c4b38000 r--p 0000d000 08:33 4597630                    /usr/lib/jvm/java-8-openjdk/jre/lib/amd64/libverify.so
7fb2c4b38000-7fb2c4b39000 rw-p 0000f000 08:33 4597630                    /usr/lib/jvm/java-8-openjdk/jre/lib/amd64/libverify.so
7fb2c4b39000-7fb2c4b3c000 r--p 00000000 08:33 3935360                    /usr/lib/librt-2.29.so
7fb2c4b3c000-7fb2c4b40000 r-xp 00003000 08:33 3935360                    /usr/lib/librt-2.29.so
7fb2c4b40000-7fb2c4b42000 r--p 00007000 08:33 3935360                    /usr/lib/librt-2.29.so
7fb2c4b42000-7fb2c4b43000 r--p 00008000 08:33 3935360                    /usr/lib/librt-2.29.so
7fb2c4b43000-7fb2c4b44000 rw-p 00009000 08:33 3935360                    /usr/lib/librt-2.29.so
7fb2c4b44000-7fb2c4b47000 r--p 00000000 08:33 4463468                    /usr/lib/python2.7/lib-dynload/_struct.so
7fb2c4b47000-7fb2c4b4a000 r-xp 00003000 08:33 4463468                    /usr/lib/python2.7/lib-dynload/_struct.so
7fb2c4b4a000-7fb2c4b4c000 r--p 00006000 08:33 4463468                    /usr/lib/python2.7/lib-dynload/_struct.so
7fb2c4b4c000-7fb2c4b4d000 r--p 00007000 08:33 4463468                    /usr/lib/python2.7/lib-dynload/_struct.so
7fb2c4b4d000-7fb2c4b4f000 rw-p 00008000 08:33 4463468                    /usr/lib/python2.7/lib-dynload/_struct.so
7fb2c4b4f000-7fb2c4b56000 r--p 00000000 08:33 4463428                    /usr/lib/python2.7/lib-dynload/_ctypes.so
7fb2c4b56000-7fb2c4b64000 r-xp 00007000 08:33 4463428                    /usr/lib/python2.7/lib-dynload/_ctypes.so
7fb2c4b64000-7fb2c4b6a000 r--p 00015000 08:33 4463428                    /usr/lib/python2.7/lib-dynload/_ctypes.so
7fb2c4b6a000-7fb2c4b6b000 r--p 0001a000 08:33 4463428                    /usr/lib/python2.7/lib-dynload/_ctypes.so
7fb2c4b6b000-7fb2c4b6f000 rw-p 0001b000 08:33 4463428                    /usr/lib/python2.7/lib-dynload/_ctypes.so
7fb2c4b6f000-7fb2c4b71000 r--p 00000000 08:33 4463508                    /usr/lib/python2.7/lib-dynload/time.so
7fb2c4b71000-7fb2c4b73000 r-xp 00002000 08:33 4463508                    /usr/lib/python2.7/lib-dynload/time.so
7fb2c4b73000-7fb2c4b74000 r--p 00004000 08:33 4463508                    /usr/lib/python2.7/lib-dynload/time.so
7fb2c4b74000-7fb2c4b75000 r--p 00004000 08:33 4463508                    /usr/lib/python2.7/lib-dynload/time.so
7fb2c4b75000-7fb2c4b77000 rw-p 00005000 08:33 4463508                    /usr/lib/python2.7/lib-dynload/time.so
7fb2c4b77000-7fb2c4b7a000 r--p 00000000 08:33 4463492                    /usr/lib/python2.7/lib-dynload/itertools.so
7fb2c4b7a000-7fb2c4b7f000 r-xp 00003000 08:33 4463492                    /usr/lib/python2.7/lib-dynload/itertools.so
7fb2c4b7f000-7fb2c4b81000 r--p 00008000 08:33 4463492                    /usr/lib/python2.7/lib-dynload/itertools.so
7fb2c4b81000-7fb2c4b82000 ---p 0000a000 08:33 4463492                    /usr/lib/python2.7/lib-dynload/itertools.so
7fb2c4b82000-7fb2c4b83000 r--p 0000a000 08:33 4463492                    /usr/lib/python2.7/lib-dynload/itertools.so
7fb2c4b83000-7fb2c4b88000 rw-p 0000b000 08:33 4463492                    /usr/lib/python2.7/lib-dynload/itertools.so
7fb2c4b88000-7fb2c4c08000 rw-p 00000000 00:00 0 
7fb2c4c08000-7fb2c4eee000 r--p 00000000 08:33 3993396                    /usr/lib/locale/locale-archive
7fb2c4eee000-7fb2c5023000 rw-p 00000000 00:00 0 
7fb2c5023000-7fb2c5032000 r--p 00000000 08:33 3935311                    /usr/lib/libm-2.29.so
7fb2c5032000-7fb2c50ce000 r-xp 0000f000 08:33 3935311                    /usr/lib/libm-2.29.so
7fb2c50ce000-7fb2c5167000 r--p 000ab000 08:33 3935311                    /usr/lib/libm-2.29.so
7fb2c5167000-7fb2c5168000 r--p 00143000 08:33 3935311                    /usr/lib/libm-2.29.so
7fb2c5168000-7fb2c5169000 rw-p 00144000 08:33 3935311                    /usr/lib/libm-2.29.so
7fb2c5169000-7fb2c516a000 r--p 00000000 08:33 3935367                    /usr/lib/libutil-2.29.so
7fb2c516a000-7fb2c516b000 r-xp 00001000 08:33 3935367                    /usr/lib/libutil-2.29.so
7fb2c516b000-7fb2c516c000 r--p 00002000 08:33 3935367                    /usr/lib/libutil-2.29.so
7fb2c516c000-7fb2c516d000 r--p 00002000 08:33 3935367                    /usr/lib/libutil-2.29.so
7fb2c516d000-7fb2c516e000 rw-p 00003000 08:33 3935367                    /usr/lib/libutil-2.29.so
7fb2c516e000-7fb2c516f000 r--p 00000000 08:33 3935303                    /usr/lib/libdl-2.29.so
7fb2c516f000-7fb2c5170000 r-xp 00001000 08:33 3935303                    /usr/lib/libdl-2.29.so
7fb2c5170000-7fb2c5171000 r--p 00002000 08:33 3935303                    /usr/lib/libdl-2.29.so
7fb2c5171000-7fb2c5172000 r--p 00002000 08:33 3935303                    /usr/lib/libdl-2.29.so
7fb2c5172000-7fb2c5173000 rw-p 00003000 08:33 3935303                    /usr/lib/libdl-2.29.so
7fb2c5173000-7fb2c51b0000 r--p 00000000 08:33 3980765                    /usr/lib/libpython2.7.so.1.0
7fb2c51b0000-7fb2c52f8000 r-xp 0003d000 08:33 3980765                    /usr/lib/libpython2.7.so.1.0
7fb2c52f8000-7fb2c5357000 r--p 00185000 08:33 3980765                    /usr/lib/libpython2.7.so.1.0
7fb2c5357000-7fb2c535b000 r--p 001e3000 08:33 3980765                    /usr/lib/libpython2.7.so.1.0
7fb2c535b000-7fb2c5397000 rw-p 001e7000 08:33 3980765                    /usr/lib/libpython2.7.so.1.0
7fb2c5397000-7fb2c53b8000 rw-p 00000000 00:00 0 
7fb2c53b8000-7fb2c53dd000 r--p 00000000 08:33 3935291                    /usr/lib/libc-2.29.so
7fb2c53dd000-7fb2c5527000 r-xp 00025000 08:33 3935291                    /usr/lib/libc-2.29.so
7fb2c5527000-7fb2c5570000 r--p 0016f000 08:33 3935291                    /usr/lib/libc-2.29.so
7fb2c5570000-7fb2c5571000 ---p 001b8000 08:33 3935291                    /usr/lib/libc-2.29.so
7fb2c5571000-7fb2c5574000 r--p 001b8000 08:33 3935291                    /usr/lib/libc-2.29.so
7fb2c5574000-7fb2c5577000 rw-p 001bb000 08:33 3935291                    /usr/lib/libc-2.29.so
7fb2c5577000-7fb2c557b000 rw-p 00000000 00:00 0 
7fb2c557b000-7fb2c5582000 r--p 00000000 08:33 3935351                    /usr/lib/libpthread-2.29.so
7fb2c5582000-7fb2c5591000 r-xp 00007000 08:33 3935351                    /usr/lib/libpthread-2.29.so
7fb2c5591000-7fb2c5596000 r--p 00016000 08:33 3935351                    /usr/lib/libpthread-2.29.so
7fb2c5596000-7fb2c5597000 r--p 0001a000 08:33 3935351                    /usr/lib/libpthread-2.29.so
7fb2c5597000-7fb2c5598000 rw-p 0001b000 08:33 3935351                    /usr/lib/libpthread-2.29.so
7fb2c5598000-7fb2c559f000 rw-p 00000000 00:00 0 
7fb2c559f000-7fb2c55a0000 r--p 00000000 00:00 0 
7fb2c55a0000-7fb2c55a2000 r--p 00000000 08:33 4463483                    /usr/lib/python2.7/lib-dynload/cStringIO.so
7fb2c55a2000-7fb2c55a4000 r-xp 00002000 08:33 4463483                    /usr/lib/python2.7/lib-dynload/cStringIO.so
7fb2c55a4000-7fb2c55a5000 r--p 00004000 08:33 4463483                    /usr/lib/python2.7/lib-dynload/cStringIO.so
7fb2c55a5000-7fb2c55a6000 r--p 00004000 08:33 4463483                    /usr/lib/python2.7/lib-dynload/cStringIO.so
7fb2c55a6000-7fb2c55a8000 rw-p 00005000 08:33 4463483                    /usr/lib/python2.7/lib-dynload/cStringIO.so
7fb2c55a8000-7fb2c55aa000 r--p 00000000 08:33 4463505                    /usr/lib/python2.7/lib-dynload/strop.so
7fb2c55aa000-7fb2c55ad000 r-xp 00002000 08:33 4463505                    /usr/lib/python2.7/lib-dynload/strop.so
7fb2c55ad000-7fb2c55ae000 r--p 00005000 08:33 4463505                    /usr/lib/python2.7/lib-dynload/strop.so
7fb2c55ae000-7fb2c55af000 r--p 00005000 08:33 4463505                    /usr/lib/python2.7/lib-dynload/strop.so
7fb2c55af000-7fb2c55b1000 rw-p 00006000 08:33 4463505                    /usr/lib/python2.7/lib-dynload/strop.so
7fb2c55b1000-7fb2c55b3000 r--p 00000000 08:33 4463454                    /usr/lib/python2.7/lib-dynload/_locale.so
7fb2c55b3000-7fb2c55b5000 r-xp 00002000 08:33 4463454                    /usr/lib/python2.7/lib-dynload/_locale.so
7fb2c55b5000-7fb2c55b6000 r--p 00004000 08:33 4463454                    /usr/lib/python2.7/lib-dynload/_locale.so
7fb2c55b6000-7fb2c55b7000 r--p 00004000 08:33 4463454                    /usr/lib/python2.7/lib-dynload/_locale.so
7fb2c55b7000-7fb2c55b8000 rw-p 00005000 08:33 4463454                    /usr/lib/python2.7/lib-dynload/_locale.so
7fb2c55b8000-7fb2c55f8000 rw-p 00000000 00:00 0 
7fb2c55f8000-7fb2c55fa000 r--p 00000000 08:33 3935264                    /usr/lib/ld-2.29.so
7fb2c55fa000-7fb2c5619000 r-xp 00002000 08:33 3935264                    /usr/lib/ld-2.29.so
7fb2c5619000-7fb2c5621000 r--p 00021000 08:33 3935264                    /usr/lib/ld-2.29.so
7fb2c5621000-7fb2c5622000 rwxp 00000000 00:00 0 
7fb2c5622000-7fb2c5623000 r--p 00029000 08:33 3935264                    /usr/lib/ld-2.29.so
7fb2c5623000-7fb2c5624000 rw-p 0002a000 08:33 3935264                    /usr/lib/ld-2.29.so
7fb2c5624000-7fb2c5625000 rw-p 00000000 00:00 0 
7ffe97f53000-7ffe97f56000 ---p 00000000 00:00 0 
7ffe97f56000-7ffe98053000 rw-p 00000000 00:00 0                          [stack]
7ffe981a1000-7ffe981a4000 r--p 00000000 00:00 0                          [vvar]
7ffe981a4000-7ffe981a5000 r-xp 00000000 00:00 0                          [vdso]

VM Arguments:
java_command: <unknown>
java_class_path (initial): <not set>
Launcher Type: generic

Environment Variables:
PATH=/usr/local/bin:/usr/local/sbin:/usr/bin:/usr/lib/jvm/default/bin:/usr/bin/site_perl:/usr/bin/vendor_perl:/usr/bin/core_perl:/home/brock/.bin:/home/brock/.local/bin:/home/brock/010editor
USERNAME=brock
SHELL=/bin/bash
DISPLAY=:1

Signal Handlers:
SIGSEGV: [libjvm.so+0xa09100], sa_mask[0]=11111111011111111101111111111110, sa_flags=SA_RESTART|SA_SIGINFO
SIGBUS: [libjvm.so+0xa09100], sa_mask[0]=11111111011111111101111111111110, sa_flags=SA_RESTART|SA_SIGINFO
SIGFPE: [libjvm.so+0x86be80], sa_mask[0]=11111111011111111101111111111110, sa_flags=SA_RESTART|SA_SIGINFO
SIGPIPE: [libjvm.so+0x86be80], sa_mask[0]=11111111011111111101111111111110, sa_flags=SA_RESTART|SA_SIGINFO
SIGXFSZ: [libjvm.so+0x86be80], sa_mask[0]=11111111011111111101111111111110, sa_flags=SA_RESTART|SA_SIGINFO
SIGILL: [libjvm.so+0x86be80], sa_mask[0]=11111111011111111101111111111110, sa_flags=SA_RESTART|SA_SIGINFO
SIGUSR1: SIG_DFL, sa_mask[0]=00000000000000000000000000000000, sa_flags=none
SIGUSR2: [libjvm.so+0x86bd40], sa_mask[0]=00000000000000000000000000000000, sa_flags=SA_RESTART|SA_SIGINFO
SIGHUP: [libjvm.so+0x86c120], sa_mask[0]=11111111011111111101111111111110, sa_flags=SA_RESTART|SA_SIGINFO
SIGINT: [libjvm.so+0x86c120], sa_mask[0]=11111111011111111101111111111110, sa_flags=SA_RESTART|SA_SIGINFO
SIGTERM: [libjvm.so+0x86c120], sa_mask[0]=11111111011111111101111111111110, sa_flags=SA_RESTART|SA_SIGINFO
SIGQUIT: [libjvm.so+0x86c120], sa_mask[0]=11111111011111111101111111111110, sa_flags=SA_RESTART|SA_SIGINFO


---------------  S Y S T E M  ---------------

OS:LSB_VERSION=1.4
DISTRIB_ID=Arch
DISTRIB_RELEASE=rolling
DISTRIB_DESCRIPTION="Arch Linux"

uname:Linux 5.2.2-zen1-1-zen #1 ZEN SMP PREEMPT Sun Jul 21 19:18:42 UTC 2019 x86_64
libc:glibc 2.29 NPTL 2.29 
rlimit: STACK 8192k, CORE infinity, NPROC 193016, NOFILE 1048576, AS infinity
load average:0.65 0.40 0.31

/proc/meminfo:
MemTotal:       49429836 kB
MemFree:        31140288 kB
MemAvailable:   41890248 kB
Buffers:          526880 kB
Cached:         10728612 kB
SwapCached:            0 kB
Active:         10247648 kB
Inactive:        6884380 kB
Active(anon):    5890960 kB
Inactive(anon):   376892 kB
Active(file):    4356688 kB
Inactive(file):  6507488 kB
Unevictable:          64 kB
Mlocked:              64 kB
SwapTotal:       4194300 kB
SwapFree:        4194300 kB
Dirty:              1488 kB
Writeback:             0 kB
AnonPages:       5756868 kB
Mapped:          1207960 kB
Shmem:            391328 kB
KReclaimable:     452968 kB
Slab:             676428 kB
SReclaimable:     452968 kB
SUnreclaim:       223460 kB
KernelStack:       26356 kB
PageTables:        52312 kB
NFS_Unstable:          0 kB
Bounce:                0 kB
WritebackTmp:          0 kB
CommitLimit:    28909216 kB
Committed_AS:   15896120 kB
VmallocTotal:   34359738367 kB
VmallocUsed:           0 kB
VmallocChunk:          0 kB
Percpu:            22016 kB
HardwareCorrupted:     0 kB
AnonHugePages:   1849344 kB
ShmemHugePages:        0 kB
ShmemPmdMapped:        0 kB
HugePages_Total:       0
HugePages_Free:        0
HugePages_Rsvd:        0
HugePages_Surp:        0
Hugepagesize:       2048 kB
Hugetlb:               0 kB
DirectMap4k:      673428 kB
DirectMap2M:    20281344 kB
DirectMap1G:    29360128 kB

container (cgroup) information:
container_type: cgroupv1
cpu_cpuset_cpus: 0-23
cpu_memory_nodes: 0-1
active_processor_count: 24
cpu_quota: -1
cpu_period: 100000
cpu_shares: -1
memory_limit_in_bytes: -1
memory_and_swap_limit_in_bytes: -1
memory_soft_limit_in_bytes: -1
memory_usage_in_bytes: 769286144
memory_max_usage_in_bytes: 838811648


CPU:total 24 (initial active 24) (6 cores per cpu, 2 threads per core) family 6 model 44 stepping 2, cmov, cx8, fxsr, mmx, sse, sse2, sse3, ssse3, sse4.1, sse4.2, popcnt, aes, clmul, ht, tsc, tscinvbit, tscinv

/proc/cpuinfo:
processor	: 0
vendor_id	: GenuineIntel
cpu family	: 6
model		: 44
model name	: Intel(R) Xeon(R) CPU           X5660  @ 2.80GHz
stepping	: 2
microcode	: 0x1f
cpu MHz		: 1660.040
cache size	: 12288 KB
physical id	: 0
siblings	: 12
core id		: 0
cpu cores	: 6
apicid		: 0
initial apicid	: 0
fpu		: yes
fpu_exception	: yes
cpuid level	: 11
wp		: yes
flags		: fpu vme de pse tsc msr pae mce cx8 apic sep mtrr pge mca cmov pat pse36 clflush dts acpi mmx fxsr sse sse2 ss ht tm pbe syscall nx pdpe1gb rdtscp lm constant_tsc arch_perfmon pebs bts rep_good nopl xtopology nonstop_tsc cpuid aperfmperf pni pclmulqdq dtes64 monitor ds_cpl vmx smx est tm2 ssse3 cx16 xtpr pdcm pcid dca sse4_1 sse4_2 popcnt aes lahf_lm epb pti ssbd ibrs ibpb stibp tpr_shadow vnmi flexpriority ept vpid dtherm ida arat flush_l1d
bugs		: cpu_meltdown spectre_v1 spectre_v2 spec_store_bypass l1tf mds
bogomips	: 5588.70
clflush size	: 64
cache_alignment	: 64
address sizes	: 40 bits physical, 48 bits virtual
power management:

processor	: 1
vendor_id	: GenuineIntel
cpu family	: 6
model		: 44
model name	: Intel(R) Xeon(R) CPU           X5660  @ 2.80GHz
stepping	: 2
microcode	: 0x1f
cpu MHz		: 1669.510
cache size	: 12288 KB
physical id	: 0
siblings	: 12
core id		: 1
cpu cores	: 6
apicid		: 2
initial apicid	: 2
fpu		: yes
fpu_exception	: yes
cpuid level	: 11
wp		: yes
flags		: fpu vme de pse tsc msr pae mce cx8 apic sep mtrr pge mca cmov pat pse36 clflush dts acpi mmx fxsr sse sse2 ss ht tm pbe syscall nx pdpe1gb rdtscp lm constant_tsc arch_perfmon pebs bts rep_good nopl xtopology nonstop_tsc cpuid aperfmperf pni pclmulqdq dtes64 monitor ds_cpl vmx smx est tm2 ssse3 cx16 xtpr pdcm pcid dca sse4_1 sse4_2 popcnt aes lahf_lm epb pti ssbd ibrs ibpb stibp tpr_shadow vnmi flexpriority ept vpid dtherm ida arat flush_l1d
bugs		: cpu_meltdown spectre_v1 spectre_v2 spec_store_bypass l1tf mds
bogomips	: 5588.70
clflush size	: 64
cache_alignment	: 64
address sizes	: 40 bits physical, 48 bits virtual
power management:

processor	: 2
vendor_id	: GenuineIntel
cpu family	: 6
model		: 44
model name	: Intel(R) Xeon(R) CPU           X5660  @ 2.80GHz
stepping	: 2
microcode	: 0x1f
cpu MHz		: 2005.632
cache size	: 12288 KB
physical id	: 0
siblings	: 12
core id		: 2
cpu cores	: 6
apicid		: 4
initial apicid	: 4
fpu		: yes
fpu_exception	: yes
cpuid level	: 11
wp		: yes
flags		: fpu vme de pse tsc msr pae mce cx8 apic sep mtrr pge mca cmov pat pse36 clflush dts acpi mmx fxsr sse sse2 ss ht tm pbe syscall nx pdpe1gb rdtscp lm constant_tsc arch_perfmon pebs bts rep_good nopl xtopology nonstop_tsc cpuid aperfmperf pni pclmulqdq dtes64 monitor ds_cpl vmx smx est tm2 ssse3 cx16 xtpr pdcm pcid dca sse4_1 sse4_2 popcnt aes lahf_lm epb pti ssbd ibrs ibpb stibp tpr_shadow vnmi flexpriority ept vpid dtherm ida arat flush_l1d
bugs		: cpu_meltdown spectre_v1 spectre_v2 spec_store_bypass l1tf mds
bogomips	: 5588.70
clflush size	: 64
cache_alignment	: 64
address sizes	: 40 bits physical, 48 bits virtual
power management:

processor	: 3
vendor_id	: GenuineIntel
cpu family	: 6
model		: 44
model name	: Intel(R) Xeon(R) CPU           X5660  @ 2.80GHz
stepping	: 2
microcode	: 0x1f
cpu MHz		: 1673.965
cache size	: 12288 KB
physical id	: 0
siblings	: 12
core id		: 8
cpu cores	: 6
apicid		: 16
initial apicid	: 16
fpu		: yes
fpu_exception	: yes
cpuid level	: 11
wp		: yes
flags		: fpu vme de pse tsc msr pae mce cx8 apic sep mtrr pge mca cmov pat pse36 clflush dts acpi mmx fxsr sse sse2 ss ht tm pbe syscall nx pdpe1gb rdtscp lm constant_tsc arch_perfmon pebs bts rep_good nopl xtopology nonstop_tsc cpuid aperfmperf pni pclmulqdq dtes64 monitor ds_cpl vmx smx est tm2 ssse3 cx16 xtpr pdcm pcid dca sse4_1 sse4_2 popcnt aes lahf_lm epb pti ssbd ibrs ibpb stibp tpr_shadow vnmi flexpriority ept vpid dtherm ida arat flush_l1d
bugs		: cpu_meltdown spectre_v1 spectre_v2 spec_store_bypass l1tf mds
bogomips	: 5588.70
clflush size	: 64
cache_alignment	: 64
address sizes	: 40 bits physical, 48 bits virtual
power management:

processor	: 4
vendor_id	: GenuineIntel
cpu family	: 6
model		: 44
model name	: Intel(R) Xeon(R) CPU           X5660  @ 2.80GHz
stepping	: 2
microcode	: 0x1f
cpu MHz		: 1677.660
cache size	: 12288 KB
physical id	: 0
siblings	: 12
core id		: 9
cpu cores	: 6
apicid		: 18
initial apicid	: 18
fpu		: yes
fpu_exception	: yes
cpuid level	: 11
wp		: yes
flags		: fpu vme de pse tsc msr pae mce cx8 apic sep mtrr pge mca cmov pat pse36 clflush dts acpi mmx fxsr sse sse2 ss ht tm pbe syscall nx pdpe1gb rdtscp lm constant_tsc arch_perfmon pebs bts rep_good nopl xtopology nonstop_tsc cpuid aperfmperf pni pclmulqdq dtes64 monitor ds_cpl vmx smx est tm2 ssse3 cx16 xtpr pdcm pcid dca sse4_1 sse4_2 popcnt aes lahf_lm epb pti ssbd ibrs ibpb stibp tpr_shadow vnmi flexpriority ept vpid dtherm ida arat flush_l1d
bugs		: cpu_meltdown spectre_v1 spectre_v2 spec_store_bypass l1tf mds
bogomips	: 5588.70
clflush size	: 64
cache_alignment	: 64
address sizes	: 40 bits physical, 48 bits virtual
power management:

processor	: 5
vendor_id	: GenuineIntel
cpu family	: 6
model		: 44
model name	: Intel(R) Xeon(R) CPU           X5660  @ 2.80GHz
stepping	: 2
microcode	: 0x1f
cpu MHz		: 1705.628
cache size	: 12288 KB
physical id	: 0
siblings	: 12
core id		: 10
cpu cores	: 6
apicid		: 20
initial apicid	: 20
fpu		: yes
fpu_exception	: yes
cpuid level	: 11
wp		: yes
flags		: fpu vme de pse tsc msr pae mce cx8 apic sep mtrr pge mca cmov pat pse36 clflush dts acpi mmx fxsr sse sse2 ss ht tm pbe syscall nx pdpe1gb rdtscp lm constant_tsc arch_perfmon pebs bts rep_good nopl xtopology nonstop_tsc cpuid aperfmperf pni pclmulqdq dtes64 monitor ds_cpl vmx smx est tm2 ssse3 cx16 xtpr pdcm pcid dca sse4_1 sse4_2 popcnt aes lahf_lm epb pti ssbd ibrs ibpb stibp tpr_shadow vnmi flexpriority ept vpid dtherm ida arat flush_l1d
bugs		: cpu_meltdown spectre_v1 spectre_v2 spec_store_bypass l1tf mds
bogomips	: 5588.70
clflush size	: 64
cache_alignment	: 64
address sizes	: 40 bits physical, 48 bits virtual
power management:

processor	: 6
vendor_id	: GenuineIntel
cpu family	: 6
model		: 44
model name	: Intel(R) Xeon(R) CPU           X5660  @ 2.80GHz
stepping	: 2
microcode	: 0x1f
cpu MHz		: 2458.333
cache size	: 12288 KB
physical id	: 1
siblings	: 12
core id		: 0
cpu cores	: 6
apicid		: 32
initial apicid	: 32
fpu		: yes
fpu_exception	: yes
cpuid level	: 11
wp		: yes
flags		: fpu vme de pse tsc msr pae mce cx8 apic sep mtrr pge mca cmov pat pse36 clflush dts acpi mmx fxsr sse sse2 ss ht tm pbe syscall nx pdpe1gb rdtscp lm constant_tsc arch_perfmon pebs bts rep_good nopl xtopology nonstop_tsc cpuid aperfmperf pni pclmulqdq dtes64 monitor ds_cpl vmx smx est tm2 ssse3 cx16 xtpr pdcm pcid dca sse4_1 sse4_2 popcnt aes lahf_lm epb pti ssbd ibrs ibpb stibp tpr_shadow vnmi flexpriority ept vpid dtherm ida arat flush_l1d
bugs		: cpu_meltdown spectre_v1 spectre_v2 spec_store_bypass l1tf mds
bogomips	: 5588.79
clflush size	: 64
cache_alignment	: 64
address sizes	: 40 bits physical, 48 bits virtual
power management:

processor	: 7
vendor_id	: GenuineIntel
cpu family	: 6
model		: 44
model name	: Intel(R) Xeon(R) CPU           X5660  @ 2.80GHz
stepping	: 2
microcode	: 0x1f
cpu MHz		: 2006.422
cache size	: 12288 KB
physical id	: 1
siblings	: 12
core id		: 1
cpu cores	: 6
apicid		: 34
initial apicid	: 34
fpu		: yes
fpu_exception	: yes
cpuid level	: 11
wp		: yes
flags		: fpu vme de pse tsc msr pae mce cx8 apic sep mtrr pge mca cmov pat pse36 clflush dts acpi mmx fxsr sse sse2 ss ht tm pbe syscall nx pdpe1gb rdtscp lm constant_tsc arch_perfmon pebs bts rep_good nopl xtopology nonstop_tsc cpuid aperfmperf pni pclmulqdq dtes64 monitor ds_cpl vmx smx est tm2 ssse3 cx16 xtpr pdcm pcid dca sse4_1 sse4_2 popcnt aes lahf_lm epb pti ssbd ibrs ibpb stibp tpr_shadow vnmi flexpriority ept vpid dtherm ida arat flush_l1d
bugs		: cpu_meltdown spectre_v1 spectre_v2 spec_store_bypass l1tf mds
bogomips	: 5588.79
clflush size	: 64
cache_alignment	: 64
address sizes	: 40 bits physical, 48 bits virtual
power management:

processor	: 8
vendor_id	: GenuineIntel
cpu family	: 6
model		: 44
model name	: Intel(R) Xeon(R) CPU           X5660  @ 2.80GHz
stepping	: 2
microcode	: 0x1f
cpu MHz		: 2277.587
cache size	: 12288 KB
physical id	: 1
siblings	: 12
core id		: 2
cpu cores	: 6
apicid		: 36
initial apicid	: 36
fpu		: yes
fpu_exception	: yes
cpuid level	: 11
wp		: yes
flags		: fpu vme de pse tsc msr pae mce cx8 apic sep mtrr pge mca cmov pat pse36 clflush dts acpi mmx fxsr sse sse2 ss ht tm pbe syscall nx pdpe1gb rdtscp lm constant_tsc arch_perfmon pebs bts rep_good nopl xtopology nonstop_tsc cpuid aperfmperf pni pclmulqdq dtes64 monitor ds_cpl vmx smx est tm2 ssse3 cx16 xtpr pdcm pcid dca sse4_1 sse4_2 popcnt aes lahf_lm epb pti ssbd ibrs ibpb stibp tpr_shadow vnmi flexpriority ept vpid dtherm ida arat flush_l1d
bugs		: cpu_meltdown spectre_v1 spectre_v2 spec_store_bypass l1tf mds
bogomips	: 5588.79
clflush size	: 64
cache_alignment	: 64
address sizes	: 40 bits physical, 48 bits virtual
power management:

processor	: 9
vendor_id	: GenuineIntel
cpu family	: 6
model		: 44
model name	: Intel(R) Xeon(R) CPU           X5660  @ 2.80GHz
stepping	: 2
microcode	: 0x1f
cpu MHz		: 2131.470
cache size	: 12288 KB
physical id	: 1
siblings	: 12
core id		: 8
cpu cores	: 6
apicid		: 48
initial apicid	: 48
fpu		: yes
fpu_exception	: yes
cpuid level	: 11
wp		: yes
flags		: fpu vme de pse tsc msr pae mce cx8 apic sep mtrr pge mca cmov pat pse36 clflush dts acpi mmx fxsr sse sse2 ss ht tm pbe syscall nx pdpe1gb rdtscp lm constant_tsc arch_perfmon pebs bts rep_good nopl xtopology nonstop_tsc cpuid aperfmperf pni pclmulqdq dtes64 monitor ds_cpl vmx smx est tm2 ssse3 cx16 xtpr pdcm pcid dca sse4_1 sse4_2 popcnt aes lahf_lm epb pti ssbd ibrs ibpb stibp tpr_shadow vnmi flexpriority ept vpid dtherm ida arat flush_l1d
bugs		: cpu_meltdown spectre_v1 spectre_v2 spec_store_bypass l1tf mds
bogomips	: 5588.79
clflush size	: 64
cache_alignment	: 64
address sizes	: 40 bits physical, 48 bits virtual
power management:

processor	: 10
vendor_id	: GenuineIntel
cpu family	: 6
model		: 44
model name	: Intel(R) Xeon(R) CPU           X5660  @ 2.80GHz
stepping	: 2
microcode	: 0x1f
cpu MHz		: 2105.125
cache size	: 12288 KB
physical id	: 1
siblings	: 12
core id		: 9
cpu cores	: 6
apicid		: 50
initial apicid	: 50
fpu		: yes
fpu_exception	: yes
cpuid level	: 11
wp		: yes
flags		: fpu vme de pse tsc msr pae mce cx8 apic sep mtrr pge mca cmov pat pse36 clflush dts acpi mmx fxsr sse sse2 ss ht tm pbe syscall nx pdpe1gb rdtscp lm constant_tsc arch_perfmon pebs bts rep_good nopl xtopology nonstop_tsc cpuid aperfmperf pni pclmulqdq dtes64 monitor ds_cpl vmx smx est tm2 ssse3 cx16 xtpr pdcm pcid dca sse4_1 sse4_2 popcnt aes lahf_lm epb pti ssbd ibrs ibpb stibp tpr_shadow vnmi flexpriority ept vpid dtherm ida arat flush_l1d
bugs		: cpu_meltdown spectre_v1 spectre_v2 spec_store_bypass l1tf mds
bogomips	: 5588.79
clflush size	: 64
cache_alignment	: 64
address sizes	: 40 bits physical, 48 bits virtual
power management:

processor	: 11
vendor_id	: GenuineIntel
cpu family	: 6
model		: 44
model name	: Intel(R) Xeon(R) CPU           X5660  @ 2.80GHz
stepping	: 2
microcode	: 0x1f
cpu MHz		: 2024.504
cache size	: 12288 KB
physical id	: 1
siblings	: 12
core id		: 10
cpu cores	: 6
apicid		: 52
initial apicid	: 52
fpu		: yes
fpu_exception	: yes
cpuid level	: 11
wp		: yes
flags		: fpu vme de pse tsc msr pae mce cx8 apic sep mtrr pge mca cmov pat pse36 clflush dts acpi mmx fxsr sse sse2 ss ht tm pbe syscall nx pdpe1gb rdtscp lm constant_tsc arch_perfmon pebs bts rep_good nopl xtopology nonstop_tsc cpuid aperfmperf pni pclmulqdq dtes64 monitor ds_cpl vmx smx est tm2 ssse3 cx16 xtpr pdcm pcid dca sse4_1 sse4_2 popcnt aes lahf_lm epb pti ssbd ibrs ibpb stibp tpr_shadow vnmi flexpriority ept vpid dtherm ida arat flush_l1d
bugs		: cpu_meltdown spectre_v1 spectre_v2 spec_store_bypass l1tf mds
bogomips	: 5588.79
clflush size	: 64
cache_alignment	: 64
address sizes	: 40 bits physical, 48 bits virtual
power management:

processor	: 12
vendor_id	: GenuineIntel
cpu family	: 6
model		: 44
model name	: Intel(R) Xeon(R) CPU           X5660  @ 2.80GHz
stepping	: 2
microcode	: 0x1f
cpu MHz		: 1750.652
cache size	: 12288 KB
physical id	: 0
siblings	: 12
core id		: 0
cpu cores	: 6
apicid		: 1
initial apicid	: 1
fpu		: yes
fpu_exception	: yes
cpuid level	: 11
wp		: yes
flags		: fpu vme de pse tsc msr pae mce cx8 apic sep mtrr pge mca cmov pat pse36 clflush dts acpi mmx fxsr sse sse2 ss ht tm pbe syscall nx pdpe1gb rdtscp lm constant_tsc arch_perfmon pebs bts rep_good nopl xtopology nonstop_tsc cpuid aperfmperf pni pclmulqdq dtes64 monitor ds_cpl vmx smx est tm2 ssse3 cx16 xtpr pdcm pcid dca sse4_1 sse4_2 popcnt aes lahf_lm epb pti ssbd ibrs ibpb stibp tpr_shadow vnmi flexpriority ept vpid dtherm ida arat flush_l1d
bugs		: cpu_meltdown spectre_v1 spectre_v2 spec_store_bypass l1tf mds
bogomips	: 5588.70
clflush size	: 64
cache_alignment	: 64
address sizes	: 40 bits physical, 48 bits virtual
power management:

processor	: 13
vendor_id	: GenuineIntel
cpu family	: 6
model		: 44
model name	: Intel(R) Xeon(R) CPU           X5660  @ 2.80GHz
stepping	: 2
microcode	: 0x1f
cpu MHz		: 1731.791
cache size	: 12288 KB
physical id	: 0
siblings	: 12
core id		: 1
cpu cores	: 6
apicid		: 3
initial apicid	: 3
fpu		: yes
fpu_exception	: yes
cpuid level	: 11
wp		: yes
flags		: fpu vme de pse tsc msr pae mce cx8 apic sep mtrr pge mca cmov pat pse36 clflush dts acpi mmx fxsr sse sse2 ss ht tm pbe syscall nx pdpe1gb rdtscp lm constant_tsc arch_perfmon pebs bts rep_good nopl xtopology nonstop_tsc cpuid aperfmperf pni pclmulqdq dtes64 monitor ds_cpl vmx smx est tm2 ssse3 cx16 xtpr pdcm pcid dca sse4_1 sse4_2 popcnt aes lahf_lm epb pti ssbd ibrs ibpb stibp tpr_shadow vnmi flexpriority ept vpid dtherm ida arat flush_l1d
bugs		: cpu_meltdown spectre_v1 spectre_v2 spec_store_bypass l1tf mds
bogomips	: 5588.70
clflush size	: 64
cache_alignment	: 64
address sizes	: 40 bits physical, 48 bits virtual
power management:

processor	: 14
vendor_id	: GenuineIntel
cpu family	: 6
model		: 44
model name	: Intel(R) Xeon(R) CPU           X5660  @ 2.80GHz
stepping	: 2
microcode	: 0x1f
cpu MHz		: 1644.900
cache size	: 12288 KB
physical id	: 0
siblings	: 12
core id		: 2
cpu cores	: 6
apicid		: 5
initial apicid	: 5
fpu		: yes
fpu_exception	: yes
cpuid level	: 11
wp		: yes
flags		: fpu vme de pse tsc msr pae mce cx8 apic sep mtrr pge mca cmov pat pse36 clflush dts acpi mmx fxsr sse sse2 ss ht tm pbe syscall nx pdpe1gb rdtscp lm constant_tsc arch_perfmon pebs bts rep_good nopl xtopology nonstop_tsc cpuid aperfmperf pni pclmulqdq dtes64 monitor ds_cpl vmx smx est tm2 ssse3 cx16 xtpr pdcm pcid dca sse4_1 sse4_2 popcnt aes lahf_lm epb pti ssbd ibrs ibpb stibp tpr_shadow vnmi flexpriority ept vpid dtherm ida arat flush_l1d
bugs		: cpu_meltdown spectre_v1 spectre_v2 spec_store_bypass l1tf mds
bogomips	: 5588.70
clflush size	: 64
cache_alignment	: 64
address sizes	: 40 bits physical, 48 bits virtual
power management:

processor	: 15
vendor_id	: GenuineIntel
cpu family	: 6
model		: 44
model name	: Intel(R) Xeon(R) CPU           X5660  @ 2.80GHz
stepping	: 2
microcode	: 0x1f
cpu MHz		: 1650.634
cache size	: 12288 KB
physical id	: 0
siblings	: 12
core id		: 8
cpu cores	: 6
apicid		: 17
initial apicid	: 17
fpu		: yes
fpu_exception	: yes
cpuid level	: 11
wp		: yes
flags		: fpu vme de pse tsc msr pae mce cx8 apic sep mtrr pge mca cmov pat pse36 clflush dts acpi mmx fxsr sse sse2 ss ht tm pbe syscall nx pdpe1gb rdtscp lm constant_tsc arch_perfmon pebs bts rep_good nopl xtopology nonstop_tsc cpuid aperfmperf pni pclmulqdq dtes64 monitor ds_cpl vmx smx est tm2 ssse3 cx16 xtpr pdcm pcid dca sse4_1 sse4_2 popcnt aes lahf_lm epb pti ssbd ibrs ibpb stibp tpr_shadow vnmi flexpriority ept vpid dtherm ida arat flush_l1d
bugs		: cpu_meltdown spectre_v1 spectre_v2 spec_store_bypass l1tf mds
bogomips	: 5588.70
clflush size	: 64
cache_alignment	: 64
address sizes	: 40 bits physical, 48 bits virtual
power management:

processor	: 16
vendor_id	: GenuineIntel
cpu family	: 6
model		: 44
model name	: Intel(R) Xeon(R) CPU           X5660  @ 2.80GHz
stepping	: 2
microcode	: 0x1f
cpu MHz		: 1624.412
cache size	: 12288 KB
physical id	: 0
siblings	: 12
core id		: 9
cpu cores	: 6
apicid		: 19
initial apicid	: 19
fpu		: yes
fpu_exception	: yes
cpuid level	: 11
wp		: yes
flags		: fpu vme de pse tsc msr pae mce cx8 apic sep mtrr pge mca cmov pat pse36 clflush dts acpi mmx fxsr sse sse2 ss ht tm pbe syscall nx pdpe1gb rdtscp lm constant_tsc arch_perfmon pebs bts rep_good nopl xtopology nonstop_tsc cpuid aperfmperf pni pclmulqdq dtes64 monitor ds_cpl vmx smx est tm2 ssse3 cx16 xtpr pdcm pcid dca sse4_1 sse4_2 popcnt aes lahf_lm epb pti ssbd ibrs ibpb stibp tpr_shadow vnmi flexpriority ept vpid dtherm ida arat flush_l1d
bugs		: cpu_meltdown spectre_v1 spectre_v2 spec_store_bypass l1tf mds
bogomips	: 5588.70
clflush size	: 64
cache_alignment	: 64
address sizes	: 40 bits physical, 48 bits virtual
power management:

processor	: 17
vendor_id	: GenuineIntel
cpu family	: 6
model		: 44
model name	: Intel(R) Xeon(R) CPU           X5660  @ 2.80GHz
stepping	: 2
microcode	: 0x1f
cpu MHz		: 1639.813
cache size	: 12288 KB
physical id	: 0
siblings	: 12
core id		: 10
cpu cores	: 6
apicid		: 21
initial apicid	: 21
fpu		: yes
fpu_exception	: yes
cpuid level	: 11
wp		: yes
flags		: fpu vme de pse tsc msr pae mce cx8 apic sep mtrr pge mca cmov pat pse36 clflush dts acpi mmx fxsr sse sse2 ss ht tm pbe syscall nx pdpe1gb rdtscp lm constant_tsc arch_perfmon pebs bts rep_good nopl xtopology nonstop_tsc cpuid aperfmperf pni pclmulqdq dtes64 monitor ds_cpl vmx smx est tm2 ssse3 cx16 xtpr pdcm pcid dca sse4_1 sse4_2 popcnt aes lahf_lm epb pti ssbd ibrs ibpb stibp tpr_shadow vnmi flexpriority ept vpid dtherm ida arat flush_l1d
bugs		: cpu_meltdown spectre_v1 spectre_v2 spec_store_bypass l1tf mds
bogomips	: 5588.70
clflush size	: 64
cache_alignment	: 64
address sizes	: 40 bits physical, 48 bits virtual
power management:

processor	: 18
vendor_id	: GenuineIntel
cpu family	: 6
model		: 44
model name	: Intel(R) Xeon(R) CPU           X5660  @ 2.80GHz
stepping	: 2
microcode	: 0x1f
cpu MHz		: 2164.057
cache size	: 12288 KB
physical id	: 1
siblings	: 12
core id		: 0
cpu cores	: 6
apicid		: 33
initial apicid	: 33
fpu		: yes
fpu_exception	: yes
cpuid level	: 11
wp		: yes
flags		: fpu vme de pse tsc msr pae mce cx8 apic sep mtrr pge mca cmov pat pse36 clflush dts acpi mmx fxsr sse sse2 ss ht tm pbe syscall nx pdpe1gb rdtscp lm constant_tsc arch_perfmon pebs bts rep_good nopl xtopology nonstop_tsc cpuid aperfmperf pni pclmulqdq dtes64 monitor ds_cpl vmx smx est tm2 ssse3 cx16 xtpr pdcm pcid dca sse4_1 sse4_2 popcnt aes lahf_lm epb pti ssbd ibrs ibpb stibp tpr_shadow vnmi flexpriority ept vpid dtherm ida arat flush_l1d
bugs		: cpu_meltdown spectre_v1 spectre_v2 spec_store_bypass l1tf mds
bogomips	: 5588.79
clflush size	: 64
cache_alignment	: 64
address sizes	: 40 bits physical, 48 bits virtual
power management:

processor	: 19
vendor_id	: GenuineIntel
cpu family	: 6
model		: 44
model name	: Intel(R) Xeon(R) CPU           X5660  @ 2.80GHz
stepping	: 2
microcode	: 0x1f
cpu MHz		: 2372.301
cache size	: 12288 KB
physical id	: 1
siblings	: 12
core id		: 1
cpu cores	: 6
apicid		: 35
initial apicid	: 35
fpu		: yes
fpu_exception	: yes
cpuid level	: 11
wp		: yes
flags		: fpu vme de pse tsc msr pae mce cx8 apic sep mtrr pge mca cmov pat pse36 clflush dts acpi mmx fxsr sse sse2 ss ht tm pbe syscall nx pdpe1gb rdtscp lm constant_tsc arch_perfmon pebs bts rep_good nopl xtopology nonstop_tsc cpuid aperfmperf pni pclmulqdq dtes64 monitor ds_cpl vmx smx est tm2 ssse3 cx16 xtpr pdcm pcid dca sse4_1 sse4_2 popcnt aes lahf_lm epb pti ssbd ibrs ibpb stibp tpr_shadow vnmi flexpriority ept vpid dtherm ida arat flush_l1d
bugs		: cpu_meltdown spectre_v1 spectre_v2 spec_store_bypass l1tf mds
bogomips	: 5588.79
clflush size	: 64
cache_alignment	: 64
address sizes	: 40 bits physical, 48 bits virtual
power management:

processor	: 20
vendor_id	: GenuineIntel
cpu family	: 6
model		: 44
model name	: Intel(R) Xeon(R) CPU           X5660  @ 2.80GHz
stepping	: 2
microcode	: 0x1f
cpu MHz		: 2270.998
cache size	: 12288 KB
physical id	: 1
siblings	: 12
core id		: 2
cpu cores	: 6
apicid		: 37
initial apicid	: 37
fpu		: yes
fpu_exception	: yes
cpuid level	: 11
wp		: yes
flags		: fpu vme de pse tsc msr pae mce cx8 apic sep mtrr pge mca cmov pat pse36 clflush dts acpi mmx fxsr sse sse2 ss ht tm pbe syscall nx pdpe1gb rdtscp lm constant_tsc arch_perfmon pebs bts rep_good nopl xtopology nonstop_tsc cpuid aperfmperf pni pclmulqdq dtes64 monitor ds_cpl vmx smx est tm2 ssse3 cx16 xtpr pdcm pcid dca sse4_1 sse4_2 popcnt aes lahf_lm epb pti ssbd ibrs ibpb stibp tpr_shadow vnmi flexpriority ept vpid dtherm ida arat flush_l1d
bugs		: cpu_meltdown spectre_v1 spectre_v2 spec_store_bypass l1tf mds
bogomips	: 5588.79
clflush size	: 64
cache_alignment	: 64
address sizes	: 40 bits physical, 48 bits virtual
power management:

processor	: 21
vendor_id	: GenuineIntel
cpu family	: 6
model		: 44
model name	: Intel(R) Xeon(R) CPU           X5660  @ 2.80GHz
stepping	: 2
microcode	: 0x1f
cpu MHz		: 2164.125
cache size	: 12288 KB
physical id	: 1
siblings	: 12
core id		: 8
cpu cores	: 6
apicid		: 49
initial apicid	: 49
fpu		: yes
fpu_exception	: yes
cpuid level	: 11
wp		: yes
flags		: fpu vme de pse tsc msr pae mce cx8 apic sep mtrr pge mca cmov pat pse36 clflush dts acpi mmx fxsr sse sse2 ss ht tm pbe syscall nx pdpe1gb rdtscp lm constant_tsc arch_perfmon pebs bts rep_good nopl xtopology nonstop_tsc cpuid aperfmperf pni pclmulqdq dtes64 monitor ds_cpl vmx smx est tm2 ssse3 cx16 xtpr pdcm pcid dca sse4_1 sse4_2 popcnt aes lahf_lm epb pti ssbd ibrs ibpb stibp tpr_shadow vnmi flexpriority ept vpid dtherm ida arat flush_l1d
bugs		: cpu_meltdown spectre_v1 spectre_v2 spec_store_bypass l1tf mds
bogomips	: 5588.79
clflush size	: 64
cache_alignment	: 64
address sizes	: 40 bits physical, 48 bits virtual
power management:

processor	: 22
vendor_id	: GenuineIntel
cpu family	: 6
model		: 44
model name	: Intel(R) Xeon(R) CPU           X5660  @ 2.80GHz
stepping	: 2
microcode	: 0x1f
cpu MHz		: 2416.350
cache size	: 12288 KB
physical id	: 1
siblings	: 12
core id		: 9
cpu cores	: 6
apicid		: 51
initial apicid	: 51
fpu		: yes
fpu_exception	: yes
cpuid level	: 11
wp		: yes
flags		: fpu vme de pse tsc msr pae mce cx8 apic sep mtrr pge mca cmov pat pse36 clflush dts acpi mmx fxsr sse sse2 ss ht tm pbe syscall nx pdpe1gb rdtscp lm constant_tsc arch_perfmon pebs bts rep_good nopl xtopology nonstop_tsc cpuid aperfmperf pni pclmulqdq dtes64 monitor ds_cpl vmx smx est tm2 ssse3 cx16 xtpr pdcm pcid dca sse4_1 sse4_2 popcnt aes lahf_lm epb pti ssbd ibrs ibpb stibp tpr_shadow vnmi flexpriority ept vpid dtherm ida arat flush_l1d
bugs		: cpu_meltdown spectre_v1 spectre_v2 spec_store_bypass l1tf mds
bogomips	: 5588.79
clflush size	: 64
cache_alignment	: 64
address sizes	: 40 bits physical, 48 bits virtual
power management:

processor	: 23
vendor_id	: GenuineIntel
cpu family	: 6
model		: 44
model name	: Intel(R) Xeon(R) CPU           X5660  @ 2.80GHz
stepping	: 2
microcode	: 0x1f
cpu MHz		: 2132.108
cache size	: 12288 KB
physical id	: 1
siblings	: 12
core id		: 10
cpu cores	: 6
apicid		: 53
initial apicid	: 53
fpu		: yes
fpu_exception	: yes
cpuid level	: 11
wp		: yes
flags		: fpu vme de pse tsc msr pae mce cx8 apic sep mtrr pge mca cmov pat pse36 clflush dts acpi mmx fxsr sse sse2 ss ht tm pbe syscall nx pdpe1gb rdtscp lm constant_tsc arch_perfmon pebs bts rep_good nopl xtopology nonstop_tsc cpuid aperfmperf pni pclmulqdq dtes64 monitor ds_cpl vmx smx est tm2 ssse3 cx16 xtpr pdcm pcid dca sse4_1 sse4_2 popcnt aes lahf_lm epb pti ssbd ibrs ibpb stibp tpr_shadow vnmi flexpriority ept vpid dtherm ida arat flush_l1d
bugs		: cpu_meltdown spectre_v1 spectre_v2 spec_store_bypass l1tf mds
bogomips	: 5588.79
clflush size	: 64
cache_alignment	: 64
address sizes	: 40 bits physical, 48 bits virtual
power management:



Memory: 4k page, physical 49429836k(31140288k free), swap 4194300k(4194300k free)

vm_info: OpenJDK 64-Bit Server VM (25.222-b05) for linux-amd64 JRE (1.8.0_222-b05), built on Jun 18 2019 08:19:03 by "builduser" with gcc 8.3.0

time: Thu Aug  8 21:20:00 2019
timezone: AEST
elapsed time: 0 seconds (0d 0h 0m 0s)

