#
# A fatal error has been detected by the Java Runtime Environment:
#
#  SIGSEGV (0xb) at pc=0x00007fd395e76476, pid=31304, tid=0x00007fd396ac45c0
#
# JRE version: OpenJDK Runtime Environment (8.0_222-b05) (build 1.8.0_222-b05)
# Java VM: OpenJDK 64-Bit Server VM (25.222-b05 mixed mode linux-amd64 compressed oops)
# Problematic frame:
# V  [libjvm.so+0x654476]
#
# Core dump written. Default location: /media/storage/home/code/libnji/tools/njic/core or core.31304
#
# If you would like to submit a bug report, please visit:
#   http://bugreport.java.com/bugreport/crash.jsp
#

---------------  T H R E A D  ---------------

Current thread (0x000055da190fe000):  JavaThread "main" [_thread_in_vm, id=31304, stack(0x00007ffd3e2dd000,0x00007ffd3e3dd000)]

siginfo: si_signo: 11 (SIGSEGV), si_code: 1 (SEGV_MAPERR), si_addr: 0x0000000000000000

Registers:
RAX=0x00007ffd3e3db0b0, RBX=0x000055da190fe000, RCX=0x000055da190bca40, RDX=0x000055da1904fc18
RSP=0x00007ffd3e3db020, RBP=0x00007ffd3e3db190, RSI=0x000055da190fe000, RDI=0x00007ffd3e3db070
R8 =0x00007fd396e38f68, R9 =0x000055da190bca40, R10=0x00007ffd3e3db0f0, R11=0x00007fd395e76390
R12=0x00007ffd3e3db070, R13=0x000055da190fe1e0, R14=0x0000000000000000, R15=0x000055da190be6a8
RIP=0x00007fd395e76476, EFLAGS=0x0000000000010202, CSGSFS=0x002b000000000033, ERR=0x0000000000000004
  TRAPNO=0x000000000000000e

Top of Stack: (sp=0x00007ffd3e3db020)
0x00007ffd3e3db020:   00007ffd3e3db050 000055da191002a0
0x00007ffd3e3db030:   0000003000000008 00007ffd00000018
0x00007ffd3e3db040:   00007ffd3e3db1a0 00007ffd3e3db0b0
0x00007ffd3e3db050:   000055da190fe000 000055da1904fc10
0x00007ffd3e3db060:   000000000000062f 00007fd39629ca88
0x00007ffd3e3db070:   00007fd396693470 30214252b4921b00
0x00007ffd3e3db080:   00007fd39666d280 0000000000000000
0x00007ffd3e3db090:   00007ffd3e3db23c 00007ffd3e3db238
0x00007ffd3e3db0a0:   00007ffd3e3db240 00007ffd3e3db2b0
0x00007ffd3e3db0b0:   0000000000000008 00007fd396591bdc
0x00007ffd3e3db0c0:   00007fd3966936e0 000055da190bca40
0x00007ffd3e3db0d0:   00007fd396e38f68 000055da190bca40
0x00007ffd3e3db0e0:   00007ffd3e3db1a0 00007fd3965920a0
0x00007ffd3e3db0f0:   000055da190fe1e0 000055da190be6a8
0x00007ffd3e3db100:   0000000000000000 000055da190bca40
0x00007ffd3e3db110:   00007fd396e38f68 000055da190bca40
0x00007ffd3e3db120:   00007fd396670550 00007fd39660fb40
0x00007ffd3e3db130:   000055da19105728 00007fd396610350
0x00007ffd3e3db140:   00007ffd3e3db210 00007fd396e13220
0x00007ffd3e3db150:   00007fd396693710 00007fd396604676
0x00007ffd3e3db160:   00007fd3966936f0 00007ffd3e3db240
0x00007ffd3e3db170:   00007ffd3e3db2d8 00007ffd3e3db1a0
0x00007ffd3e3db180:   0000000000000000 00007ffd3e3db348
0x00007ffd3e3db190:   00007ffd3e3db1a0 00007fd3965926d0
0x00007ffd3e3db1a0:   000000000000000e 00007ffd3e3db2e0
0x00007ffd3e3db1b0:   00007ffd3e3db290 00007fd3965920a0
0x00007ffd3e3db1c0:   0000000000000001 0000000000000000
0x00007ffd3e3db1d0:   00007ffd3e3db3c0 00007fd395e76390
0x00007ffd3e3db1e0:   00007ffd3e3db2d0 00007ffd3e3db1a0
0x00007ffd3e3db1f0:   00007ffd3e3db2e0 00007ffd3e3db0f0
0x00007ffd3e3db200:   00007ffd3e3db3c0 0000000000000000
0x00007ffd3e3db210:   00007fd300000003 00007ffd3e3db23c 

Instructions: (pc=0x00007fd395e76476)
0x00007fd395e76456:   a8 fe ff ff 18 00 00 00 48 89 85 b0 fe ff ff 4c
0x00007fd395e76466:   89 e7 48 8d 85 20 ff ff ff 48 89 85 b8 fe ff ff
0x00007fd395e76476:   49 8b 06 c7 85 ac fe ff ff 30 00 00 00 c7 85 90
0x00007fd395e76486:   fe ff ff 0c 00 00 00 48 8b 40 08 0f b7 50 24 48 

Register to memory mapping:

RAX=0x00007ffd3e3db0b0 is pointing into the stack for thread: 0x000055da190fe000
RBX=0x000055da190fe000 is a thread
RCX=0x000055da190bca40 is an unknown value
RDX=0x000055da1904fc18 is an unknown value
RSP=0x00007ffd3e3db020 is pointing into the stack for thread: 0x000055da190fe000
RBP=0x00007ffd3e3db190 is pointing into the stack for thread: 0x000055da190fe000
RSI=0x000055da190fe000 is a thread
RDI=0x00007ffd3e3db070 is pointing into the stack for thread: 0x000055da190fe000
R8 =0x00007fd396e38f68: _PyThreadState_Current+0 in /usr/lib/libpython2.7.so.1.0 at 0x00007fd396c15000
R9 =0x000055da190bca40 is an unknown value
R10=0x00007ffd3e3db0f0 is pointing into the stack for thread: 0x000055da190fe000
R11=0x00007fd395e76390: <offset 0x654390> in /usr/lib/jvm/java-8-openjdk/jre/lib/amd64/server/libjvm.so at 0x00007fd395822000
R12=0x00007ffd3e3db070 is pointing into the stack for thread: 0x000055da190fe000
R13=0x000055da190fe1e0 is an unknown value
R14=0x0000000000000000 is an unknown value
R15=0x000055da190be6a8 is an unknown value


Stack: [0x00007ffd3e2dd000,0x00007ffd3e3dd000],  sp=0x00007ffd3e3db020,  free space=1016k
Native frames: (J=compiled Java code, j=interpreted, Vv=VM code, C=native code)
V  [libjvm.so+0x654476]
C  [libffi.so.6+0x66d0]  ffi_call_unix64+0x4c
C  0x00007ffd3e3db2e0


---------------  P R O C E S S  ---------------

Java Threads: ( => current thread )
  0x000055da19205800 JavaThread "Service Thread" daemon [_thread_blocked, id=31339, stack(0x00007fd333eff000,0x00007fd334000000)]
  0x000055da19202800 JavaThread "C1 CompilerThread11" daemon [_thread_blocked, id=31338, stack(0x00007fd338037000,0x00007fd338137000)]
  0x000055da19200800 JavaThread "C1 CompilerThread10" daemon [_thread_blocked, id=31337, stack(0x00007fd338138000,0x00007fd338238000)]
  0x000055da191fe800 JavaThread "C1 CompilerThread9" daemon [_thread_blocked, id=31336, stack(0x00007fd338239000,0x00007fd338339000)]
  0x000055da191fc800 JavaThread "C1 CompilerThread8" daemon [_thread_blocked, id=31335, stack(0x00007fd33833a000,0x00007fd33843a000)]
  0x000055da191fa800 JavaThread "C2 CompilerThread7" daemon [_thread_blocked, id=31334, stack(0x00007fd33843b000,0x00007fd33853b000)]
  0x000055da191f8800 JavaThread "C2 CompilerThread6" daemon [_thread_blocked, id=31333, stack(0x00007fd33853c000,0x00007fd33863c000)]
  0x000055da191f7000 JavaThread "C2 CompilerThread5" daemon [_thread_blocked, id=31332, stack(0x00007fd33863d000,0x00007fd33873d000)]
  0x000055da191f4800 JavaThread "C2 CompilerThread4" daemon [_thread_blocked, id=31331, stack(0x00007fd33873e000,0x00007fd33883e000)]
  0x000055da191f2800 JavaThread "C2 CompilerThread3" daemon [_thread_blocked, id=31330, stack(0x00007fd33883f000,0x00007fd33893f000)]
  0x000055da191f0800 JavaThread "C2 CompilerThread2" daemon [_thread_blocked, id=31329, stack(0x00007fd338940000,0x00007fd338a40000)]
  0x000055da191ee800 JavaThread "C2 CompilerThread1" daemon [_thread_blocked, id=31328, stack(0x00007fd338a41000,0x00007fd338b41000)]
  0x000055da191eb800 JavaThread "C2 CompilerThread0" daemon [_thread_blocked, id=31327, stack(0x00007fd338b42000,0x00007fd338c42000)]
  0x000055da191ea000 JavaThread "Signal Dispatcher" daemon [_thread_blocked, id=31326, stack(0x00007fd338c42000,0x00007fd338d43000)]
  0x000055da191b9000 JavaThread "Finalizer" daemon [_thread_blocked, id=31325, stack(0x00007fd338d43000,0x00007fd338e44000)]
  0x000055da191b6800 JavaThread "Reference Handler" daemon [_thread_blocked, id=31324, stack(0x00007fd338e44000,0x00007fd338f45000)]
=>0x000055da190fe000 JavaThread "main" [_thread_in_vm, id=31304, stack(0x00007ffd3e2dd000,0x00007ffd3e3dd000)]

Other Threads:
  0x000055da191ad000 VMThread [stack: 0x00007fd338f46000,0x00007fd339046000] [id=31323]
  0x000055da19208000 WatcherThread [stack: 0x00007fd333dff000,0x00007fd333eff000] [id=31340]

VM state:not at safepoint (normal execution)

VM Mutex/Monitor currently owned by a thread: None

heap address: 0x00000004cdc00000, size: 12068 MB, Compressed Oops mode: Zero based, Oop shift amount: 3
Narrow klass base: 0x0000000000000000, Narrow klass shift: 3
Compressed class space size: 1073741824 Address: 0x00000007c0000000

Heap:
 PSYoungGen      total 225792K, used 3870K [0x00000006c4980000, 0x00000006d4580000, 0x00000007c0000000)
  eden space 193536K, 2% used [0x00000006c4980000,0x00000006c4d47af0,0x00000006d0680000)
  from space 32256K, 0% used [0x00000006d2600000,0x00000006d2600000,0x00000006d4580000)
  to   space 32256K, 0% used [0x00000006d0680000,0x00000006d0680000,0x00000006d2600000)
 ParOldGen       total 516096K, used 0K [0x00000004cdc00000, 0x00000004ed400000, 0x00000006c4980000)
  object space 516096K, 0% used [0x00000004cdc00000,0x00000004cdc00000,0x00000004ed400000)
 Metaspace       used 2188K, capacity 4480K, committed 4480K, reserved 1056768K
  class space    used 232K, capacity 384K, committed 384K, reserved 1048576K

Card table byte_map: [0x00007fd384a53000,0x00007fd3861e6000] byte_map_base: 0x00007fd3823e5000

Marking Bits: (ParMarkBitMap*) 0x00007fd3964cdc40
 Begin Bits: [0x00007fd3406e0000, 0x00007fd34c370000)
 End Bits:   [0x00007fd34c370000, 0x00007fd358000000)

Polling page: 0x00007fd397041000

CodeCache: size=245760Kb used=2751Kb max_used=2758Kb free=243008Kb
 bounds [0x00007fd3865a6000, 0x00007fd386866000, 0x00007fd3955a6000]
 total_blobs=225 nmethods=3 adapters=136
 compilation: enabled

Compilation events (5 events):
Event: 0.062 Thread 0x000055da191fc800    1       3       java.lang.String::equals (81 bytes)
Event: 0.062 Thread 0x000055da191fe800    2       3       java.lang.Object::<init> (1 bytes)
Event: 0.062 Thread 0x000055da191fc800 nmethod 1 0x00007fd38684f150 code [0x00007fd38684f2e0, 0x00007fd38684f830]
Event: 0.063 Thread 0x000055da191fe800 nmethod 2 0x00007fd38684ee10 code [0x00007fd38684ef80, 0x00007fd38684f0d0]
Event: 0.063 Thread 0x000055da19202800    3       3       java.lang.String::indexOf (70 bytes)

GC Heap History (0 events):
No events

Deoptimization events (0 events):
No events

Classes redefined (0 events):
No events

Internal exceptions (3 events):
Event: 0.032 Thread 0x000055da190fe000 Exception <a 'java/lang/NoSuchMethodError': Method sun.misc.Unsafe.defineClass(Ljava/lang/String;[BII)Ljava/lang/Class; name or signature does not match> (0x00000006c4987cb0) thrown at [/build/java8-openjdk/src/jdk8u-jdk8u222-b05/hotspot/src/share/vm/prim
Event: 0.032 Thread 0x000055da190fe000 Exception <a 'java/lang/NoSuchMethodError': Method sun.misc.Unsafe.prefetchRead(Ljava/lang/Object;J)V name or signature does not match> (0x00000006c4987f98) thrown at [/build/java8-openjdk/src/jdk8u-jdk8u222-b05/hotspot/src/share/vm/prims/jni.cpp, line 40
Event: 0.063 Thread 0x000055da190fe000 Exception <a 'java/lang/NoSuchMethodError': getName> (0x00000006c49d0188) thrown at [/build/java8-openjdk/src/jdk8u-jdk8u222-b05/hotspot/src/share/vm/prims/jni.cpp, line 1583]

Events (10 events):
Event: 0.061 loading class java/lang/invoke/MemberName$Factory done
Event: 0.061 loading class java/lang/invoke/MethodHandleStatics
Event: 0.061 loading class java/lang/invoke/MethodHandleStatics done
Event: 0.061 loading class java/lang/invoke/MethodHandleStatics$1
Event: 0.062 loading class java/lang/invoke/MethodHandleStatics$1 done
Event: 0.062 Thread 0x000055da19205800 Thread added: 0x000055da19205800
Event: 0.062 loading class sun/misc/PostVMInitHook
Event: 0.062 loading class sun/misc/PostVMInitHook done
Event: 0.063 loading class java/lang/Void
Event: 0.063 loading class java/lang/Void done


Dynamic libraries:
4cdc00000-4ed400000 rw-p 00000000 00:00 0 
4ed400000-6c4980000 ---p 00000000 00:00 0 
6c4980000-6d4580000 rw-p 00000000 00:00 0 
6d4580000-7c0000000 ---p 00000000 00:00 0 
7c0000000-7c0060000 rw-p 00000000 00:00 0 
7c0060000-800000000 ---p 00000000 00:00 0 
55da17510000-55da17511000 r--p 00000000 08:33 3978670                    /usr/bin/python2.7
55da17511000-55da17512000 r-xp 00001000 08:33 3978670                    /usr/bin/python2.7
55da17512000-55da17513000 r--p 00002000 08:33 3978670                    /usr/bin/python2.7
55da17513000-55da17514000 r--p 00002000 08:33 3978670                    /usr/bin/python2.7
55da17514000-55da17515000 rw-p 00003000 08:33 3978670                    /usr/bin/python2.7
55da18fec000-55da19218000 rw-p 00000000 00:00 0                          [heap]
7fd2bc000000-7fd2bc021000 rw-p 00000000 00:00 0 
7fd2bc021000-7fd2c0000000 ---p 00000000 00:00 0 
7fd2c4000000-7fd2c4021000 rw-p 00000000 00:00 0 
7fd2c4021000-7fd2c8000000 ---p 00000000 00:00 0 
7fd2c8000000-7fd2c8021000 rw-p 00000000 00:00 0 
7fd2c8021000-7fd2cc000000 ---p 00000000 00:00 0 
7fd2cc000000-7fd2cc021000 rw-p 00000000 00:00 0 
7fd2cc021000-7fd2d0000000 ---p 00000000 00:00 0 
7fd2d0000000-7fd2d0021000 rw-p 00000000 00:00 0 
7fd2d0021000-7fd2d4000000 ---p 00000000 00:00 0 
7fd2d4000000-7fd2d4021000 rw-p 00000000 00:00 0 
7fd2d4021000-7fd2d8000000 ---p 00000000 00:00 0 
7fd2d8000000-7fd2d8021000 rw-p 00000000 00:00 0 
7fd2d8021000-7fd2dc000000 ---p 00000000 00:00 0 
7fd2dc000000-7fd2dc021000 rw-p 00000000 00:00 0 
7fd2dc021000-7fd2e0000000 ---p 00000000 00:00 0 
7fd2e0000000-7fd2e0021000 rw-p 00000000 00:00 0 
7fd2e0021000-7fd2e4000000 ---p 00000000 00:00 0 
7fd2e4000000-7fd2e4021000 rw-p 00000000 00:00 0 
7fd2e4021000-7fd2e8000000 ---p 00000000 00:00 0 
7fd2e8000000-7fd2e8021000 rw-p 00000000 00:00 0 
7fd2e8021000-7fd2ec000000 ---p 00000000 00:00 0 
7fd2ec000000-7fd2ec021000 rw-p 00000000 00:00 0 
7fd2ec021000-7fd2f0000000 ---p 00000000 00:00 0 
7fd2f0000000-7fd2f0021000 rw-p 00000000 00:00 0 
7fd2f0021000-7fd2f4000000 ---p 00000000 00:00 0 
7fd2f4000000-7fd2f4021000 rw-p 00000000 00:00 0 
7fd2f4021000-7fd2f8000000 ---p 00000000 00:00 0 
7fd2f8000000-7fd2f807f000 rw-p 00000000 00:00 0 
7fd2f807f000-7fd2fc000000 ---p 00000000 00:00 0 
7fd2fc000000-7fd2fc021000 rw-p 00000000 00:00 0 
7fd2fc021000-7fd300000000 ---p 00000000 00:00 0 
7fd300000000-7fd300021000 rw-p 00000000 00:00 0 
7fd300021000-7fd304000000 ---p 00000000 00:00 0 
7fd304000000-7fd304021000 rw-p 00000000 00:00 0 
7fd304021000-7fd308000000 ---p 00000000 00:00 0 
7fd308000000-7fd308021000 rw-p 00000000 00:00 0 
7fd308021000-7fd30c000000 ---p 00000000 00:00 0 
7fd30c000000-7fd30c021000 rw-p 00000000 00:00 0 
7fd30c021000-7fd310000000 ---p 00000000 00:00 0 
7fd314000000-7fd314021000 rw-p 00000000 00:00 0 
7fd314021000-7fd318000000 ---p 00000000 00:00 0 
7fd31c000000-7fd31c021000 rw-p 00000000 00:00 0 
7fd31c021000-7fd320000000 ---p 00000000 00:00 0 
7fd324000000-7fd324021000 rw-p 00000000 00:00 0 
7fd324021000-7fd328000000 ---p 00000000 00:00 0 
7fd32c000000-7fd32c021000 rw-p 00000000 00:00 0 
7fd32c021000-7fd330000000 ---p 00000000 00:00 0 
7fd333dfe000-7fd333dff000 ---p 00000000 00:00 0 
7fd333dff000-7fd333eff000 rw-p 00000000 00:00 0 
7fd333eff000-7fd333f02000 ---p 00000000 00:00 0 
7fd333f02000-7fd334000000 rw-p 00000000 00:00 0 
7fd334000000-7fd334021000 rw-p 00000000 00:00 0 
7fd334021000-7fd338000000 ---p 00000000 00:00 0 
7fd338036000-7fd338037000 ---p 00000000 00:00 0 
7fd338037000-7fd33803a000 ---p 00000000 00:00 0 
7fd33803a000-7fd338137000 rw-p 00000000 00:00 0 
7fd338137000-7fd338138000 ---p 00000000 00:00 0 
7fd338138000-7fd33813b000 ---p 00000000 00:00 0 
7fd33813b000-7fd338238000 rw-p 00000000 00:00 0 
7fd338238000-7fd338239000 ---p 00000000 00:00 0 
7fd338239000-7fd33823c000 ---p 00000000 00:00 0 
7fd33823c000-7fd338339000 rw-p 00000000 00:00 0 
7fd338339000-7fd33833a000 ---p 00000000 00:00 0 
7fd33833a000-7fd33833d000 ---p 00000000 00:00 0 
7fd33833d000-7fd33843a000 rw-p 00000000 00:00 0 
7fd33843a000-7fd33843b000 ---p 00000000 00:00 0 
7fd33843b000-7fd33843e000 ---p 00000000 00:00 0 
7fd33843e000-7fd33853b000 rw-p 00000000 00:00 0 
7fd33853b000-7fd33853c000 ---p 00000000 00:00 0 
7fd33853c000-7fd33853f000 ---p 00000000 00:00 0 
7fd33853f000-7fd33863c000 rw-p 00000000 00:00 0 
7fd33863c000-7fd33863d000 ---p 00000000 00:00 0 
7fd33863d000-7fd338640000 ---p 00000000 00:00 0 
7fd338640000-7fd33873d000 rw-p 00000000 00:00 0 
7fd33873d000-7fd33873e000 ---p 00000000 00:00 0 
7fd33873e000-7fd338741000 ---p 00000000 00:00 0 
7fd338741000-7fd33883e000 rw-p 00000000 00:00 0 
7fd33883e000-7fd33883f000 ---p 00000000 00:00 0 
7fd33883f000-7fd338842000 ---p 00000000 00:00 0 
7fd338842000-7fd33893f000 rw-p 00000000 00:00 0 
7fd33893f000-7fd338940000 ---p 00000000 00:00 0 
7fd338940000-7fd338943000 ---p 00000000 00:00 0 
7fd338943000-7fd338a40000 rw-p 00000000 00:00 0 
7fd338a40000-7fd338a41000 ---p 00000000 00:00 0 
7fd338a41000-7fd338a44000 ---p 00000000 00:00 0 
7fd338a44000-7fd338b41000 rw-p 00000000 00:00 0 
7fd338b41000-7fd338b42000 ---p 00000000 00:00 0 
7fd338b42000-7fd338b45000 ---p 00000000 00:00 0 
7fd338b45000-7fd338c42000 rw-p 00000000 00:00 0 
7fd338c42000-7fd338c45000 ---p 00000000 00:00 0 
7fd338c45000-7fd338d43000 rw-p 00000000 00:00 0 
7fd338d43000-7fd338d46000 ---p 00000000 00:00 0 
7fd338d46000-7fd338e44000 rw-p 00000000 00:00 0 
7fd338e44000-7fd338e47000 ---p 00000000 00:00 0 
7fd338e47000-7fd338f45000 rw-p 00000000 00:00 0 
7fd338f45000-7fd338f46000 ---p 00000000 00:00 0 
7fd338f46000-7fd33c000000 rw-p 00000000 00:00 0 
7fd33c000000-7fd33c021000 rw-p 00000000 00:00 0 
7fd33c021000-7fd340000000 ---p 00000000 00:00 0 
7fd340014000-7fd358000000 rw-p 00000000 00:00 0 
7fd358000000-7fd358021000 rw-p 00000000 00:00 0 
7fd358021000-7fd35c000000 ---p 00000000 00:00 0 
7fd35c000000-7fd35c021000 rw-p 00000000 00:00 0 
7fd35c021000-7fd360000000 ---p 00000000 00:00 0 
7fd360000000-7fd360021000 rw-p 00000000 00:00 0 
7fd360021000-7fd364000000 ---p 00000000 00:00 0 
7fd364000000-7fd364021000 rw-p 00000000 00:00 0 
7fd364021000-7fd368000000 ---p 00000000 00:00 0 
7fd368000000-7fd368021000 rw-p 00000000 00:00 0 
7fd368021000-7fd36c000000 ---p 00000000 00:00 0 
7fd36c000000-7fd36c021000 rw-p 00000000 00:00 0 
7fd36c021000-7fd370000000 ---p 00000000 00:00 0 
7fd370000000-7fd370021000 rw-p 00000000 00:00 0 
7fd370021000-7fd374000000 ---p 00000000 00:00 0 
7fd374000000-7fd374021000 rw-p 00000000 00:00 0 
7fd374021000-7fd378000000 ---p 00000000 00:00 0 
7fd378000000-7fd378021000 rw-p 00000000 00:00 0 
7fd378021000-7fd37c000000 ---p 00000000 00:00 0 
7fd37c000000-7fd37c021000 rw-p 00000000 00:00 0 
7fd37c021000-7fd380000000 ---p 00000000 00:00 0 
7fd380019000-7fd38056c000 rw-p 00000000 00:00 0 
7fd38056c000-7fd38073b000 r--s 03c3d000 08:33 4597824                    /usr/lib/jvm/java-8-openjdk/jre/lib/rt.jar
7fd38073b000-7fd380c0c000 rw-p 00000000 00:00 0 
7fd380c0c000-7fd38100c000 ---p 00000000 00:00 0 
7fd38100c000-7fd38288a000 rw-p 00000000 00:00 0 
7fd38288a000-7fd38288b000 ---p 00000000 00:00 0 
7fd38288b000-7fd38298b000 rw-p 00000000 00:00 0 
7fd38298b000-7fd38298c000 ---p 00000000 00:00 0 
7fd38298c000-7fd382a8c000 rw-p 00000000 00:00 0 
7fd382a8c000-7fd382a8d000 ---p 00000000 00:00 0 
7fd382a8d000-7fd382b8d000 rw-p 00000000 00:00 0 
7fd382b8d000-7fd382b8e000 ---p 00000000 00:00 0 
7fd382b8e000-7fd382c8e000 rw-p 00000000 00:00 0 
7fd382c8e000-7fd382c8f000 ---p 00000000 00:00 0 
7fd382c8f000-7fd382d8f000 rw-p 00000000 00:00 0 
7fd382d8f000-7fd382d90000 ---p 00000000 00:00 0 
7fd382d90000-7fd382e90000 rw-p 00000000 00:00 0 
7fd382e90000-7fd382e91000 ---p 00000000 00:00 0 
7fd382e91000-7fd382f91000 rw-p 00000000 00:00 0 
7fd382f91000-7fd382f92000 ---p 00000000 00:00 0 
7fd382f92000-7fd383092000 rw-p 00000000 00:00 0 
7fd383092000-7fd383093000 ---p 00000000 00:00 0 
7fd383093000-7fd383193000 rw-p 00000000 00:00 0 
7fd383193000-7fd383194000 ---p 00000000 00:00 0 
7fd383194000-7fd383294000 rw-p 00000000 00:00 0 
7fd383294000-7fd383295000 ---p 00000000 00:00 0 
7fd383295000-7fd383395000 rw-p 00000000 00:00 0 
7fd383395000-7fd383396000 ---p 00000000 00:00 0 
7fd383396000-7fd383496000 rw-p 00000000 00:00 0 
7fd383496000-7fd383497000 ---p 00000000 00:00 0 
7fd383497000-7fd383597000 rw-p 00000000 00:00 0 
7fd383597000-7fd383598000 ---p 00000000 00:00 0 
7fd383598000-7fd383698000 rw-p 00000000 00:00 0 
7fd383698000-7fd383699000 ---p 00000000 00:00 0 
7fd383699000-7fd383799000 rw-p 00000000 00:00 0 
7fd383799000-7fd38379a000 ---p 00000000 00:00 0 
7fd38379a000-7fd38389a000 rw-p 00000000 00:00 0 
7fd38389a000-7fd38389b000 ---p 00000000 00:00 0 
7fd38389b000-7fd38399b000 rw-p 00000000 00:00 0 
7fd38399b000-7fd38399c000 ---p 00000000 00:00 0 
7fd38399c000-7fd383b98000 rw-p 00000000 00:00 0 
7fd383b98000-7fd384a53000 ---p 00000000 00:00 0 
7fd384a53000-7fd384b4f000 rw-p 00000000 00:00 0 
7fd384b4f000-7fd385a09000 ---p 00000000 00:00 0 
7fd385a09000-7fd385a88000 rw-p 00000000 00:00 0 
7fd385a88000-7fd3861e5000 ---p 00000000 00:00 0 
7fd3861e5000-7fd3861f1000 rw-p 00000000 00:00 0 
7fd3861f1000-7fd3865a6000 ---p 00000000 00:00 0 
7fd3865a6000-7fd386866000 rwxp 00000000 00:00 0 
7fd386866000-7fd3955a6000 ---p 00000000 00:00 0 
7fd3955a6000-7fd3955bc000 r-xp 00000000 08:33 3983937                    /usr/lib/libz.so.1.2.11
7fd3955bc000-7fd3957bb000 ---p 00016000 08:33 3983937                    /usr/lib/libz.so.1.2.11
7fd3957bb000-7fd3957bc000 r--p 00015000 08:33 3983937                    /usr/lib/libz.so.1.2.11
7fd3957bc000-7fd3957bd000 rw-p 00016000 08:33 3983937                    /usr/lib/libz.so.1.2.11
7fd3957ce000-7fd395817000 rw-p 00000000 00:00 0 
7fd395817000-7fd39581a000 r--p 00000000 08:33 4597631                    /usr/lib/jvm/java-8-openjdk/jre/lib/amd64/libzip.so
7fd39581a000-7fd39581e000 r-xp 00003000 08:33 4597631                    /usr/lib/jvm/java-8-openjdk/jre/lib/amd64/libzip.so
7fd39581e000-7fd395820000 r--p 00007000 08:33 4597631                    /usr/lib/jvm/java-8-openjdk/jre/lib/amd64/libzip.so
7fd395820000-7fd395821000 r--p 00008000 08:33 4597631                    /usr/lib/jvm/java-8-openjdk/jre/lib/amd64/libzip.so
7fd395821000-7fd395822000 rw-p 00009000 08:33 4597631                    /usr/lib/jvm/java-8-openjdk/jre/lib/amd64/libzip.so
7fd395822000-7fd395a13000 r--p 00000000 08:33 4865635                    /usr/lib/jvm/java-8-openjdk/jre/lib/amd64/server/libjvm.so
7fd395a13000-7fd39625b000 r-xp 001f1000 08:33 4865635                    /usr/lib/jvm/java-8-openjdk/jre/lib/amd64/server/libjvm.so
7fd39625b000-7fd3963fd000 r--p 00a39000 08:33 4865635                    /usr/lib/jvm/java-8-openjdk/jre/lib/amd64/server/libjvm.so
7fd3963fd000-7fd396492000 r--p 00bda000 08:33 4865635                    /usr/lib/jvm/java-8-openjdk/jre/lib/amd64/server/libjvm.so
7fd396492000-7fd3964ba000 rw-p 00c6f000 08:33 4865635                    /usr/lib/jvm/java-8-openjdk/jre/lib/amd64/server/libjvm.so
7fd3964ba000-7fd39656a000 rw-p 00000000 00:00 0 
7fd396570000-7fd396578000 rw-s 00000000 00:2c 933723                     /tmp/hsperfdata_brock/31304
7fd396578000-7fd39657b000 r--p 00000000 08:33 3935343                    /usr/lib/libnss_files-2.29.so
7fd39657b000-7fd396582000 r-xp 00003000 08:33 3935343                    /usr/lib/libnss_files-2.29.so
7fd396582000-7fd396584000 r--p 0000a000 08:33 3935343                    /usr/lib/libnss_files-2.29.so
7fd396584000-7fd396585000 r--p 0000b000 08:33 3935343                    /usr/lib/libnss_files-2.29.so
7fd396585000-7fd396586000 rw-p 0000c000 08:33 3935343                    /usr/lib/libnss_files-2.29.so
7fd396586000-7fd39658c000 rw-p 00000000 00:00 0 
7fd39658c000-7fd39658e000 r--p 00000000 08:33 3945485                    /usr/lib/libffi.so.6.0.4
7fd39658e000-7fd396593000 r-xp 00002000 08:33 3945485                    /usr/lib/libffi.so.6.0.4
7fd396593000-7fd396594000 r--p 00007000 08:33 3945485                    /usr/lib/libffi.so.6.0.4
7fd396594000-7fd396595000 ---p 00008000 08:33 3945485                    /usr/lib/libffi.so.6.0.4
7fd396595000-7fd396596000 r--p 00008000 08:33 3945485                    /usr/lib/libffi.so.6.0.4
7fd396596000-7fd396597000 rw-p 00009000 08:33 3945485                    /usr/lib/libffi.so.6.0.4
7fd39659d000-7fd3965aa000 r--p 00000000 08:33 4597434                    /usr/lib/jvm/java-8-openjdk/jre/lib/amd64/libjava.so
7fd3965aa000-7fd3965c0000 r-xp 0000d000 08:33 4597434                    /usr/lib/jvm/java-8-openjdk/jre/lib/amd64/libjava.so
7fd3965c0000-7fd3965c7000 r--p 00023000 08:33 4597434                    /usr/lib/jvm/java-8-openjdk/jre/lib/amd64/libjava.so
7fd3965c7000-7fd3965c8000 r--p 00029000 08:33 4597434                    /usr/lib/jvm/java-8-openjdk/jre/lib/amd64/libjava.so
7fd3965c8000-7fd3965c9000 rw-p 0002a000 08:33 4597434                    /usr/lib/jvm/java-8-openjdk/jre/lib/amd64/libjava.so
7fd3965c9000-7fd3965ca000 rw-p 00000000 00:00 0 
7fd3965ca000-7fd3965cf000 r--p 00000000 08:33 4597630                    /usr/lib/jvm/java-8-openjdk/jre/lib/amd64/libverify.so
7fd3965cf000-7fd3965d6000 r-xp 00005000 08:33 4597630                    /usr/lib/jvm/java-8-openjdk/jre/lib/amd64/libverify.so
7fd3965d6000-7fd3965d8000 r--p 0000c000 08:33 4597630                    /usr/lib/jvm/java-8-openjdk/jre/lib/amd64/libverify.so
7fd3965d8000-7fd3965da000 r--p 0000d000 08:33 4597630                    /usr/lib/jvm/java-8-openjdk/jre/lib/amd64/libverify.so
7fd3965da000-7fd3965db000 rw-p 0000f000 08:33 4597630                    /usr/lib/jvm/java-8-openjdk/jre/lib/amd64/libverify.so
7fd3965db000-7fd3965de000 r--p 00000000 08:33 3935360                    /usr/lib/librt-2.29.so
7fd3965de000-7fd3965e2000 r-xp 00003000 08:33 3935360                    /usr/lib/librt-2.29.so
7fd3965e2000-7fd3965e4000 r--p 00007000 08:33 3935360                    /usr/lib/librt-2.29.so
7fd3965e4000-7fd3965e5000 r--p 00008000 08:33 3935360                    /usr/lib/librt-2.29.so
7fd3965e5000-7fd3965e6000 rw-p 00009000 08:33 3935360                    /usr/lib/librt-2.29.so
7fd3965e6000-7fd3965e9000 r--p 00000000 08:33 4463468                    /usr/lib/python2.7/lib-dynload/_struct.so
7fd3965e9000-7fd3965ec000 r-xp 00003000 08:33 4463468                    /usr/lib/python2.7/lib-dynload/_struct.so
7fd3965ec000-7fd3965ee000 r--p 00006000 08:33 4463468                    /usr/lib/python2.7/lib-dynload/_struct.so
7fd3965ee000-7fd3965ef000 r--p 00007000 08:33 4463468                    /usr/lib/python2.7/lib-dynload/_struct.so
7fd3965ef000-7fd3965f1000 rw-p 00008000 08:33 4463468                    /usr/lib/python2.7/lib-dynload/_struct.so
7fd3965f1000-7fd3965f8000 r--p 00000000 08:33 4463428                    /usr/lib/python2.7/lib-dynload/_ctypes.so
7fd3965f8000-7fd396606000 r-xp 00007000 08:33 4463428                    /usr/lib/python2.7/lib-dynload/_ctypes.so
7fd396606000-7fd39660c000 r--p 00015000 08:33 4463428                    /usr/lib/python2.7/lib-dynload/_ctypes.so
7fd39660c000-7fd39660d000 r--p 0001a000 08:33 4463428                    /usr/lib/python2.7/lib-dynload/_ctypes.so
7fd39660d000-7fd396611000 rw-p 0001b000 08:33 4463428                    /usr/lib/python2.7/lib-dynload/_ctypes.so
7fd396611000-7fd396613000 r--p 00000000 08:33 4463508                    /usr/lib/python2.7/lib-dynload/time.so
7fd396613000-7fd396615000 r-xp 00002000 08:33 4463508                    /usr/lib/python2.7/lib-dynload/time.so
7fd396615000-7fd396616000 r--p 00004000 08:33 4463508                    /usr/lib/python2.7/lib-dynload/time.so
7fd396616000-7fd396617000 r--p 00004000 08:33 4463508                    /usr/lib/python2.7/lib-dynload/time.so
7fd396617000-7fd396619000 rw-p 00005000 08:33 4463508                    /usr/lib/python2.7/lib-dynload/time.so
7fd396619000-7fd39661c000 r--p 00000000 08:33 4463492                    /usr/lib/python2.7/lib-dynload/itertools.so
7fd39661c000-7fd396621000 r-xp 00003000 08:33 4463492                    /usr/lib/python2.7/lib-dynload/itertools.so
7fd396621000-7fd396623000 r--p 00008000 08:33 4463492                    /usr/lib/python2.7/lib-dynload/itertools.so
7fd396623000-7fd396624000 ---p 0000a000 08:33 4463492                    /usr/lib/python2.7/lib-dynload/itertools.so
7fd396624000-7fd396625000 r--p 0000a000 08:33 4463492                    /usr/lib/python2.7/lib-dynload/itertools.so
7fd396625000-7fd39662a000 rw-p 0000b000 08:33 4463492                    /usr/lib/python2.7/lib-dynload/itertools.so
7fd39662a000-7fd3966aa000 rw-p 00000000 00:00 0 
7fd3966aa000-7fd396990000 r--p 00000000 08:33 3993396                    /usr/lib/locale/locale-archive
7fd396990000-7fd396ac5000 rw-p 00000000 00:00 0 
7fd396ac5000-7fd396ad4000 r--p 00000000 08:33 3935311                    /usr/lib/libm-2.29.so
7fd396ad4000-7fd396b70000 r-xp 0000f000 08:33 3935311                    /usr/lib/libm-2.29.so
7fd396b70000-7fd396c09000 r--p 000ab000 08:33 3935311                    /usr/lib/libm-2.29.so
7fd396c09000-7fd396c0a000 r--p 00143000 08:33 3935311                    /usr/lib/libm-2.29.so
7fd396c0a000-7fd396c0b000 rw-p 00144000 08:33 3935311                    /usr/lib/libm-2.29.so
7fd396c0b000-7fd396c0c000 r--p 00000000 08:33 3935367                    /usr/lib/libutil-2.29.so
7fd396c0c000-7fd396c0d000 r-xp 00001000 08:33 3935367                    /usr/lib/libutil-2.29.so
7fd396c0d000-7fd396c0e000 r--p 00002000 08:33 3935367                    /usr/lib/libutil-2.29.so
7fd396c0e000-7fd396c0f000 r--p 00002000 08:33 3935367                    /usr/lib/libutil-2.29.so
7fd396c0f000-7fd396c10000 rw-p 00003000 08:33 3935367                    /usr/lib/libutil-2.29.so
7fd396c10000-7fd396c11000 r--p 00000000 08:33 3935303                    /usr/lib/libdl-2.29.so
7fd396c11000-7fd396c12000 r-xp 00001000 08:33 3935303                    /usr/lib/libdl-2.29.so
7fd396c12000-7fd396c13000 r--p 00002000 08:33 3935303                    /usr/lib/libdl-2.29.so
7fd396c13000-7fd396c14000 r--p 00002000 08:33 3935303                    /usr/lib/libdl-2.29.so
7fd396c14000-7fd396c15000 rw-p 00003000 08:33 3935303                    /usr/lib/libdl-2.29.so
7fd396c15000-7fd396c52000 r--p 00000000 08:33 3980765                    /usr/lib/libpython2.7.so.1.0
7fd396c52000-7fd396d9a000 r-xp 0003d000 08:33 3980765                    /usr/lib/libpython2.7.so.1.0
7fd396d9a000-7fd396df9000 r--p 00185000 08:33 3980765                    /usr/lib/libpython2.7.so.1.0
7fd396df9000-7fd396dfd000 r--p 001e3000 08:33 3980765                    /usr/lib/libpython2.7.so.1.0
7fd396dfd000-7fd396e39000 rw-p 001e7000 08:33 3980765                    /usr/lib/libpython2.7.so.1.0
7fd396e39000-7fd396e5a000 rw-p 00000000 00:00 0 
7fd396e5a000-7fd396e7f000 r--p 00000000 08:33 3935291                    /usr/lib/libc-2.29.so
7fd396e7f000-7fd396fc9000 r-xp 00025000 08:33 3935291                    /usr/lib/libc-2.29.so
7fd396fc9000-7fd397012000 r--p 0016f000 08:33 3935291                    /usr/lib/libc-2.29.so
7fd397012000-7fd397013000 ---p 001b8000 08:33 3935291                    /usr/lib/libc-2.29.so
7fd397013000-7fd397016000 r--p 001b8000 08:33 3935291                    /usr/lib/libc-2.29.so
7fd397016000-7fd397019000 rw-p 001bb000 08:33 3935291                    /usr/lib/libc-2.29.so
7fd397019000-7fd39701d000 rw-p 00000000 00:00 0 
7fd39701d000-7fd397024000 r--p 00000000 08:33 3935351                    /usr/lib/libpthread-2.29.so
7fd397024000-7fd397033000 r-xp 00007000 08:33 3935351                    /usr/lib/libpthread-2.29.so
7fd397033000-7fd397038000 r--p 00016000 08:33 3935351                    /usr/lib/libpthread-2.29.so
7fd397038000-7fd397039000 r--p 0001a000 08:33 3935351                    /usr/lib/libpthread-2.29.so
7fd397039000-7fd39703a000 rw-p 0001b000 08:33 3935351                    /usr/lib/libpthread-2.29.so
7fd39703a000-7fd397041000 rw-p 00000000 00:00 0 
7fd397041000-7fd397042000 r--p 00000000 00:00 0 
7fd397042000-7fd397044000 r--p 00000000 08:33 4463483                    /usr/lib/python2.7/lib-dynload/cStringIO.so
7fd397044000-7fd397046000 r-xp 00002000 08:33 4463483                    /usr/lib/python2.7/lib-dynload/cStringIO.so
7fd397046000-7fd397047000 r--p 00004000 08:33 4463483                    /usr/lib/python2.7/lib-dynload/cStringIO.so
7fd397047000-7fd397048000 r--p 00004000 08:33 4463483                    /usr/lib/python2.7/lib-dynload/cStringIO.so
7fd397048000-7fd39704a000 rw-p 00005000 08:33 4463483                    /usr/lib/python2.7/lib-dynload/cStringIO.so
7fd39704a000-7fd39704c000 r--p 00000000 08:33 4463505                    /usr/lib/python2.7/lib-dynload/strop.so
7fd39704c000-7fd39704f000 r-xp 00002000 08:33 4463505                    /usr/lib/python2.7/lib-dynload/strop.so
7fd39704f000-7fd397050000 r--p 00005000 08:33 4463505                    /usr/lib/python2.7/lib-dynload/strop.so
7fd397050000-7fd397051000 r--p 00005000 08:33 4463505                    /usr/lib/python2.7/lib-dynload/strop.so
7fd397051000-7fd397053000 rw-p 00006000 08:33 4463505                    /usr/lib/python2.7/lib-dynload/strop.so
7fd397053000-7fd397055000 r--p 00000000 08:33 4463454                    /usr/lib/python2.7/lib-dynload/_locale.so
7fd397055000-7fd397057000 r-xp 00002000 08:33 4463454                    /usr/lib/python2.7/lib-dynload/_locale.so
7fd397057000-7fd397058000 r--p 00004000 08:33 4463454                    /usr/lib/python2.7/lib-dynload/_locale.so
7fd397058000-7fd397059000 r--p 00004000 08:33 4463454                    /usr/lib/python2.7/lib-dynload/_locale.so
7fd397059000-7fd39705a000 rw-p 00005000 08:33 4463454                    /usr/lib/python2.7/lib-dynload/_locale.so
7fd39705a000-7fd39709a000 rw-p 00000000 00:00 0 
7fd39709a000-7fd39709c000 r--p 00000000 08:33 3935264                    /usr/lib/ld-2.29.so
7fd39709c000-7fd3970bb000 r-xp 00002000 08:33 3935264                    /usr/lib/ld-2.29.so
7fd3970bb000-7fd3970c3000 r--p 00021000 08:33 3935264                    /usr/lib/ld-2.29.so
7fd3970c3000-7fd3970c4000 rwxp 00000000 00:00 0 
7fd3970c4000-7fd3970c5000 r--p 00029000 08:33 3935264                    /usr/lib/ld-2.29.so
7fd3970c5000-7fd3970c6000 rw-p 0002a000 08:33 3935264                    /usr/lib/ld-2.29.so
7fd3970c6000-7fd3970c7000 rw-p 00000000 00:00 0 
7ffd3e2dd000-7ffd3e2e0000 ---p 00000000 00:00 0 
7ffd3e2e0000-7ffd3e3dd000 rw-p 00000000 00:00 0                          [stack]
7ffd3e3f1000-7ffd3e3f4000 r--p 00000000 00:00 0                          [vvar]
7ffd3e3f4000-7ffd3e3f5000 r-xp 00000000 00:00 0                          [vdso]

VM Arguments:
java_command: <unknown>
java_class_path (initial): <not set>
Launcher Type: generic

Environment Variables:
PATH=/usr/local/bin:/usr/local/sbin:/usr/bin:/usr/lib/jvm/default/bin:/usr/bin/site_perl:/usr/bin/vendor_perl:/usr/bin/core_perl:/home/brock/.bin:/home/brock/.local/bin:/home/brock/010editor
USERNAME=brock
SHELL=/bin/bash
DISPLAY=:1

Signal Handlers:
SIGSEGV: [libjvm.so+0xa09100], sa_mask[0]=11111111011111111101111111111110, sa_flags=SA_RESTART|SA_SIGINFO
SIGBUS: [libjvm.so+0xa09100], sa_mask[0]=11111111011111111101111111111110, sa_flags=SA_RESTART|SA_SIGINFO
SIGFPE: [libjvm.so+0x86be80], sa_mask[0]=11111111011111111101111111111110, sa_flags=SA_RESTART|SA_SIGINFO
SIGPIPE: [libjvm.so+0x86be80], sa_mask[0]=11111111011111111101111111111110, sa_flags=SA_RESTART|SA_SIGINFO
SIGXFSZ: [libjvm.so+0x86be80], sa_mask[0]=11111111011111111101111111111110, sa_flags=SA_RESTART|SA_SIGINFO
SIGILL: [libjvm.so+0x86be80], sa_mask[0]=11111111011111111101111111111110, sa_flags=SA_RESTART|SA_SIGINFO
SIGUSR1: SIG_DFL, sa_mask[0]=00000000000000000000000000000000, sa_flags=none
SIGUSR2: [libjvm.so+0x86bd40], sa_mask[0]=00000000000000000000000000000000, sa_flags=SA_RESTART|SA_SIGINFO
SIGHUP: [libjvm.so+0x86c120], sa_mask[0]=11111111011111111101111111111110, sa_flags=SA_RESTART|SA_SIGINFO
SIGINT: [libjvm.so+0x86c120], sa_mask[0]=11111111011111111101111111111110, sa_flags=SA_RESTART|SA_SIGINFO
SIGTERM: [libjvm.so+0x86c120], sa_mask[0]=11111111011111111101111111111110, sa_flags=SA_RESTART|SA_SIGINFO
SIGQUIT: [libjvm.so+0x86c120], sa_mask[0]=11111111011111111101111111111110, sa_flags=SA_RESTART|SA_SIGINFO


---------------  S Y S T E M  ---------------

OS:LSB_VERSION=1.4
DISTRIB_ID=Arch
DISTRIB_RELEASE=rolling
DISTRIB_DESCRIPTION="Arch Linux"

uname:Linux 5.2.2-zen1-1-zen #1 ZEN SMP PREEMPT Sun Jul 21 19:18:42 UTC 2019 x86_64
libc:glibc 2.29 NPTL 2.29 
rlimit: STACK 8192k, CORE infinity, NPROC 193016, NOFILE 1048576, AS infinity
load average:0.32 0.31 0.27

/proc/meminfo:
MemTotal:       49429836 kB
MemFree:        31208304 kB
MemAvailable:   41950476 kB
Buffers:          526456 kB
Cached:         10700620 kB
SwapCached:            0 kB
Active:         10210580 kB
Inactive:        6856044 kB
Active(anon):    5853944 kB
Inactive(anon):   356004 kB
Active(file):    4356636 kB
Inactive(file):  6500040 kB
Unevictable:          64 kB
Mlocked:              64 kB
SwapTotal:       4194300 kB
SwapFree:        4194300 kB
Dirty:              1716 kB
Writeback:             0 kB
AnonPages:       5719340 kB
Mapped:          1187172 kB
Shmem:            370404 kB
KReclaimable:     452680 kB
Slab:             675868 kB
SReclaimable:     452680 kB
SUnreclaim:       223188 kB
KernelStack:       26320 kB
PageTables:        52272 kB
NFS_Unstable:          0 kB
Bounce:                0 kB
WritebackTmp:          0 kB
CommitLimit:    28909216 kB
Committed_AS:   15933892 kB
VmallocTotal:   34359738367 kB
VmallocUsed:           0 kB
VmallocChunk:          0 kB
Percpu:            21632 kB
HardwareCorrupted:     0 kB
AnonHugePages:   1849344 kB
ShmemHugePages:        0 kB
ShmemPmdMapped:        0 kB
HugePages_Total:       0
HugePages_Free:        0
HugePages_Rsvd:        0
HugePages_Surp:        0
Hugepagesize:       2048 kB
Hugetlb:               0 kB
DirectMap4k:      673428 kB
DirectMap2M:    20281344 kB
DirectMap1G:    29360128 kB

container (cgroup) information:
container_type: cgroupv1
cpu_cpuset_cpus: 0-23
cpu_memory_nodes: 0-1
active_processor_count: 24
cpu_quota: -1
cpu_period: 100000
cpu_shares: -1
memory_limit_in_bytes: -1
memory_and_swap_limit_in_bytes: -1
memory_soft_limit_in_bytes: -1
memory_usage_in_bytes: 765079552
memory_max_usage_in_bytes: 838811648


CPU:total 24 (initial active 24) (6 cores per cpu, 2 threads per core) family 6 model 44 stepping 2, cmov, cx8, fxsr, mmx, sse, sse2, sse3, ssse3, sse4.1, sse4.2, popcnt, aes, clmul, ht, tsc, tscinvbit, tscinv

/proc/cpuinfo:
processor	: 0
vendor_id	: GenuineIntel
cpu family	: 6
model		: 44
model name	: Intel(R) Xeon(R) CPU           X5660  @ 2.80GHz
stepping	: 2
microcode	: 0x1f
cpu MHz		: 1705.204
cache size	: 12288 KB
physical id	: 0
siblings	: 12
core id		: 0
cpu cores	: 6
apicid		: 0
initial apicid	: 0
fpu		: yes
fpu_exception	: yes
cpuid level	: 11
wp		: yes
flags		: fpu vme de pse tsc msr pae mce cx8 apic sep mtrr pge mca cmov pat pse36 clflush dts acpi mmx fxsr sse sse2 ss ht tm pbe syscall nx pdpe1gb rdtscp lm constant_tsc arch_perfmon pebs bts rep_good nopl xtopology nonstop_tsc cpuid aperfmperf pni pclmulqdq dtes64 monitor ds_cpl vmx smx est tm2 ssse3 cx16 xtpr pdcm pcid dca sse4_1 sse4_2 popcnt aes lahf_lm epb pti ssbd ibrs ibpb stibp tpr_shadow vnmi flexpriority ept vpid dtherm ida arat flush_l1d
bugs		: cpu_meltdown spectre_v1 spectre_v2 spec_store_bypass l1tf mds
bogomips	: 5588.70
clflush size	: 64
cache_alignment	: 64
address sizes	: 40 bits physical, 48 bits virtual
power management:

processor	: 1
vendor_id	: GenuineIntel
cpu family	: 6
model		: 44
model name	: Intel(R) Xeon(R) CPU           X5660  @ 2.80GHz
stepping	: 2
microcode	: 0x1f
cpu MHz		: 1689.630
cache size	: 12288 KB
physical id	: 0
siblings	: 12
core id		: 1
cpu cores	: 6
apicid		: 2
initial apicid	: 2
fpu		: yes
fpu_exception	: yes
cpuid level	: 11
wp		: yes
flags		: fpu vme de pse tsc msr pae mce cx8 apic sep mtrr pge mca cmov pat pse36 clflush dts acpi mmx fxsr sse sse2 ss ht tm pbe syscall nx pdpe1gb rdtscp lm constant_tsc arch_perfmon pebs bts rep_good nopl xtopology nonstop_tsc cpuid aperfmperf pni pclmulqdq dtes64 monitor ds_cpl vmx smx est tm2 ssse3 cx16 xtpr pdcm pcid dca sse4_1 sse4_2 popcnt aes lahf_lm epb pti ssbd ibrs ibpb stibp tpr_shadow vnmi flexpriority ept vpid dtherm ida arat flush_l1d
bugs		: cpu_meltdown spectre_v1 spectre_v2 spec_store_bypass l1tf mds
bogomips	: 5588.70
clflush size	: 64
cache_alignment	: 64
address sizes	: 40 bits physical, 48 bits virtual
power management:

processor	: 2
vendor_id	: GenuineIntel
cpu family	: 6
model		: 44
model name	: Intel(R) Xeon(R) CPU           X5660  @ 2.80GHz
stepping	: 2
microcode	: 0x1f
cpu MHz		: 1647.435
cache size	: 12288 KB
physical id	: 0
siblings	: 12
core id		: 2
cpu cores	: 6
apicid		: 4
initial apicid	: 4
fpu		: yes
fpu_exception	: yes
cpuid level	: 11
wp		: yes
flags		: fpu vme de pse tsc msr pae mce cx8 apic sep mtrr pge mca cmov pat pse36 clflush dts acpi mmx fxsr sse sse2 ss ht tm pbe syscall nx pdpe1gb rdtscp lm constant_tsc arch_perfmon pebs bts rep_good nopl xtopology nonstop_tsc cpuid aperfmperf pni pclmulqdq dtes64 monitor ds_cpl vmx smx est tm2 ssse3 cx16 xtpr pdcm pcid dca sse4_1 sse4_2 popcnt aes lahf_lm epb pti ssbd ibrs ibpb stibp tpr_shadow vnmi flexpriority ept vpid dtherm ida arat flush_l1d
bugs		: cpu_meltdown spectre_v1 spectre_v2 spec_store_bypass l1tf mds
bogomips	: 5588.70
clflush size	: 64
cache_alignment	: 64
address sizes	: 40 bits physical, 48 bits virtual
power management:

processor	: 3
vendor_id	: GenuineIntel
cpu family	: 6
model		: 44
model name	: Intel(R) Xeon(R) CPU           X5660  @ 2.80GHz
stepping	: 2
microcode	: 0x1f
cpu MHz		: 1638.730
cache size	: 12288 KB
physical id	: 0
siblings	: 12
core id		: 8
cpu cores	: 6
apicid		: 16
initial apicid	: 16
fpu		: yes
fpu_exception	: yes
cpuid level	: 11
wp		: yes
flags		: fpu vme de pse tsc msr pae mce cx8 apic sep mtrr pge mca cmov pat pse36 clflush dts acpi mmx fxsr sse sse2 ss ht tm pbe syscall nx pdpe1gb rdtscp lm constant_tsc arch_perfmon pebs bts rep_good nopl xtopology nonstop_tsc cpuid aperfmperf pni pclmulqdq dtes64 monitor ds_cpl vmx smx est tm2 ssse3 cx16 xtpr pdcm pcid dca sse4_1 sse4_2 popcnt aes lahf_lm epb pti ssbd ibrs ibpb stibp tpr_shadow vnmi flexpriority ept vpid dtherm ida arat flush_l1d
bugs		: cpu_meltdown spectre_v1 spectre_v2 spec_store_bypass l1tf mds
bogomips	: 5588.70
clflush size	: 64
cache_alignment	: 64
address sizes	: 40 bits physical, 48 bits virtual
power management:

processor	: 4
vendor_id	: GenuineIntel
cpu family	: 6
model		: 44
model name	: Intel(R) Xeon(R) CPU           X5660  @ 2.80GHz
stepping	: 2
microcode	: 0x1f
cpu MHz		: 1619.824
cache size	: 12288 KB
physical id	: 0
siblings	: 12
core id		: 9
cpu cores	: 6
apicid		: 18
initial apicid	: 18
fpu		: yes
fpu_exception	: yes
cpuid level	: 11
wp		: yes
flags		: fpu vme de pse tsc msr pae mce cx8 apic sep mtrr pge mca cmov pat pse36 clflush dts acpi mmx fxsr sse sse2 ss ht tm pbe syscall nx pdpe1gb rdtscp lm constant_tsc arch_perfmon pebs bts rep_good nopl xtopology nonstop_tsc cpuid aperfmperf pni pclmulqdq dtes64 monitor ds_cpl vmx smx est tm2 ssse3 cx16 xtpr pdcm pcid dca sse4_1 sse4_2 popcnt aes lahf_lm epb pti ssbd ibrs ibpb stibp tpr_shadow vnmi flexpriority ept vpid dtherm ida arat flush_l1d
bugs		: cpu_meltdown spectre_v1 spectre_v2 spec_store_bypass l1tf mds
bogomips	: 5588.70
clflush size	: 64
cache_alignment	: 64
address sizes	: 40 bits physical, 48 bits virtual
power management:

processor	: 5
vendor_id	: GenuineIntel
cpu family	: 6
model		: 44
model name	: Intel(R) Xeon(R) CPU           X5660  @ 2.80GHz
stepping	: 2
microcode	: 0x1f
cpu MHz		: 1606.168
cache size	: 12288 KB
physical id	: 0
siblings	: 12
core id		: 10
cpu cores	: 6
apicid		: 20
initial apicid	: 20
fpu		: yes
fpu_exception	: yes
cpuid level	: 11
wp		: yes
flags		: fpu vme de pse tsc msr pae mce cx8 apic sep mtrr pge mca cmov pat pse36 clflush dts acpi mmx fxsr sse sse2 ss ht tm pbe syscall nx pdpe1gb rdtscp lm constant_tsc arch_perfmon pebs bts rep_good nopl xtopology nonstop_tsc cpuid aperfmperf pni pclmulqdq dtes64 monitor ds_cpl vmx smx est tm2 ssse3 cx16 xtpr pdcm pcid dca sse4_1 sse4_2 popcnt aes lahf_lm epb pti ssbd ibrs ibpb stibp tpr_shadow vnmi flexpriority ept vpid dtherm ida arat flush_l1d
bugs		: cpu_meltdown spectre_v1 spectre_v2 spec_store_bypass l1tf mds
bogomips	: 5588.70
clflush size	: 64
cache_alignment	: 64
address sizes	: 40 bits physical, 48 bits virtual
power management:

processor	: 6
vendor_id	: GenuineIntel
cpu family	: 6
model		: 44
model name	: Intel(R) Xeon(R) CPU           X5660  @ 2.80GHz
stepping	: 2
microcode	: 0x1f
cpu MHz		: 1726.510
cache size	: 12288 KB
physical id	: 1
siblings	: 12
core id		: 0
cpu cores	: 6
apicid		: 32
initial apicid	: 32
fpu		: yes
fpu_exception	: yes
cpuid level	: 11
wp		: yes
flags		: fpu vme de pse tsc msr pae mce cx8 apic sep mtrr pge mca cmov pat pse36 clflush dts acpi mmx fxsr sse sse2 ss ht tm pbe syscall nx pdpe1gb rdtscp lm constant_tsc arch_perfmon pebs bts rep_good nopl xtopology nonstop_tsc cpuid aperfmperf pni pclmulqdq dtes64 monitor ds_cpl vmx smx est tm2 ssse3 cx16 xtpr pdcm pcid dca sse4_1 sse4_2 popcnt aes lahf_lm epb pti ssbd ibrs ibpb stibp tpr_shadow vnmi flexpriority ept vpid dtherm ida arat flush_l1d
bugs		: cpu_meltdown spectre_v1 spectre_v2 spec_store_bypass l1tf mds
bogomips	: 5588.79
clflush size	: 64
cache_alignment	: 64
address sizes	: 40 bits physical, 48 bits virtual
power management:

processor	: 7
vendor_id	: GenuineIntel
cpu family	: 6
model		: 44
model name	: Intel(R) Xeon(R) CPU           X5660  @ 2.80GHz
stepping	: 2
microcode	: 0x1f
cpu MHz		: 1793.647
cache size	: 12288 KB
physical id	: 1
siblings	: 12
core id		: 1
cpu cores	: 6
apicid		: 34
initial apicid	: 34
fpu		: yes
fpu_exception	: yes
cpuid level	: 11
wp		: yes
flags		: fpu vme de pse tsc msr pae mce cx8 apic sep mtrr pge mca cmov pat pse36 clflush dts acpi mmx fxsr sse sse2 ss ht tm pbe syscall nx pdpe1gb rdtscp lm constant_tsc arch_perfmon pebs bts rep_good nopl xtopology nonstop_tsc cpuid aperfmperf pni pclmulqdq dtes64 monitor ds_cpl vmx smx est tm2 ssse3 cx16 xtpr pdcm pcid dca sse4_1 sse4_2 popcnt aes lahf_lm epb pti ssbd ibrs ibpb stibp tpr_shadow vnmi flexpriority ept vpid dtherm ida arat flush_l1d
bugs		: cpu_meltdown spectre_v1 spectre_v2 spec_store_bypass l1tf mds
bogomips	: 5588.79
clflush size	: 64
cache_alignment	: 64
address sizes	: 40 bits physical, 48 bits virtual
power management:

processor	: 8
vendor_id	: GenuineIntel
cpu family	: 6
model		: 44
model name	: Intel(R) Xeon(R) CPU           X5660  @ 2.80GHz
stepping	: 2
microcode	: 0x1f
cpu MHz		: 2282.146
cache size	: 12288 KB
physical id	: 1
siblings	: 12
core id		: 2
cpu cores	: 6
apicid		: 36
initial apicid	: 36
fpu		: yes
fpu_exception	: yes
cpuid level	: 11
wp		: yes
flags		: fpu vme de pse tsc msr pae mce cx8 apic sep mtrr pge mca cmov pat pse36 clflush dts acpi mmx fxsr sse sse2 ss ht tm pbe syscall nx pdpe1gb rdtscp lm constant_tsc arch_perfmon pebs bts rep_good nopl xtopology nonstop_tsc cpuid aperfmperf pni pclmulqdq dtes64 monitor ds_cpl vmx smx est tm2 ssse3 cx16 xtpr pdcm pcid dca sse4_1 sse4_2 popcnt aes lahf_lm epb pti ssbd ibrs ibpb stibp tpr_shadow vnmi flexpriority ept vpid dtherm ida arat flush_l1d
bugs		: cpu_meltdown spectre_v1 spectre_v2 spec_store_bypass l1tf mds
bogomips	: 5588.79
clflush size	: 64
cache_alignment	: 64
address sizes	: 40 bits physical, 48 bits virtual
power management:

processor	: 9
vendor_id	: GenuineIntel
cpu family	: 6
model		: 44
model name	: Intel(R) Xeon(R) CPU           X5660  @ 2.80GHz
stepping	: 2
microcode	: 0x1f
cpu MHz		: 1797.124
cache size	: 12288 KB
physical id	: 1
siblings	: 12
core id		: 8
cpu cores	: 6
apicid		: 48
initial apicid	: 48
fpu		: yes
fpu_exception	: yes
cpuid level	: 11
wp		: yes
flags		: fpu vme de pse tsc msr pae mce cx8 apic sep mtrr pge mca cmov pat pse36 clflush dts acpi mmx fxsr sse sse2 ss ht tm pbe syscall nx pdpe1gb rdtscp lm constant_tsc arch_perfmon pebs bts rep_good nopl xtopology nonstop_tsc cpuid aperfmperf pni pclmulqdq dtes64 monitor ds_cpl vmx smx est tm2 ssse3 cx16 xtpr pdcm pcid dca sse4_1 sse4_2 popcnt aes lahf_lm epb pti ssbd ibrs ibpb stibp tpr_shadow vnmi flexpriority ept vpid dtherm ida arat flush_l1d
bugs		: cpu_meltdown spectre_v1 spectre_v2 spec_store_bypass l1tf mds
bogomips	: 5588.79
clflush size	: 64
cache_alignment	: 64
address sizes	: 40 bits physical, 48 bits virtual
power management:

processor	: 10
vendor_id	: GenuineIntel
cpu family	: 6
model		: 44
model name	: Intel(R) Xeon(R) CPU           X5660  @ 2.80GHz
stepping	: 2
microcode	: 0x1f
cpu MHz		: 1818.960
cache size	: 12288 KB
physical id	: 1
siblings	: 12
core id		: 9
cpu cores	: 6
apicid		: 50
initial apicid	: 50
fpu		: yes
fpu_exception	: yes
cpuid level	: 11
wp		: yes
flags		: fpu vme de pse tsc msr pae mce cx8 apic sep mtrr pge mca cmov pat pse36 clflush dts acpi mmx fxsr sse sse2 ss ht tm pbe syscall nx pdpe1gb rdtscp lm constant_tsc arch_perfmon pebs bts rep_good nopl xtopology nonstop_tsc cpuid aperfmperf pni pclmulqdq dtes64 monitor ds_cpl vmx smx est tm2 ssse3 cx16 xtpr pdcm pcid dca sse4_1 sse4_2 popcnt aes lahf_lm epb pti ssbd ibrs ibpb stibp tpr_shadow vnmi flexpriority ept vpid dtherm ida arat flush_l1d
bugs		: cpu_meltdown spectre_v1 spectre_v2 spec_store_bypass l1tf mds
bogomips	: 5588.79
clflush size	: 64
cache_alignment	: 64
address sizes	: 40 bits physical, 48 bits virtual
power management:

processor	: 11
vendor_id	: GenuineIntel
cpu family	: 6
model		: 44
model name	: Intel(R) Xeon(R) CPU           X5660  @ 2.80GHz
stepping	: 2
microcode	: 0x1f
cpu MHz		: 1909.590
cache size	: 12288 KB
physical id	: 1
siblings	: 12
core id		: 10
cpu cores	: 6
apicid		: 52
initial apicid	: 52
fpu		: yes
fpu_exception	: yes
cpuid level	: 11
wp		: yes
flags		: fpu vme de pse tsc msr pae mce cx8 apic sep mtrr pge mca cmov pat pse36 clflush dts acpi mmx fxsr sse sse2 ss ht tm pbe syscall nx pdpe1gb rdtscp lm constant_tsc arch_perfmon pebs bts rep_good nopl xtopology nonstop_tsc cpuid aperfmperf pni pclmulqdq dtes64 monitor ds_cpl vmx smx est tm2 ssse3 cx16 xtpr pdcm pcid dca sse4_1 sse4_2 popcnt aes lahf_lm epb pti ssbd ibrs ibpb stibp tpr_shadow vnmi flexpriority ept vpid dtherm ida arat flush_l1d
bugs		: cpu_meltdown spectre_v1 spectre_v2 spec_store_bypass l1tf mds
bogomips	: 5588.79
clflush size	: 64
cache_alignment	: 64
address sizes	: 40 bits physical, 48 bits virtual
power management:

processor	: 12
vendor_id	: GenuineIntel
cpu family	: 6
model		: 44
model name	: Intel(R) Xeon(R) CPU           X5660  @ 2.80GHz
stepping	: 2
microcode	: 0x1f
cpu MHz		: 1914.526
cache size	: 12288 KB
physical id	: 0
siblings	: 12
core id		: 0
cpu cores	: 6
apicid		: 1
initial apicid	: 1
fpu		: yes
fpu_exception	: yes
cpuid level	: 11
wp		: yes
flags		: fpu vme de pse tsc msr pae mce cx8 apic sep mtrr pge mca cmov pat pse36 clflush dts acpi mmx fxsr sse sse2 ss ht tm pbe syscall nx pdpe1gb rdtscp lm constant_tsc arch_perfmon pebs bts rep_good nopl xtopology nonstop_tsc cpuid aperfmperf pni pclmulqdq dtes64 monitor ds_cpl vmx smx est tm2 ssse3 cx16 xtpr pdcm pcid dca sse4_1 sse4_2 popcnt aes lahf_lm epb pti ssbd ibrs ibpb stibp tpr_shadow vnmi flexpriority ept vpid dtherm ida arat flush_l1d
bugs		: cpu_meltdown spectre_v1 spectre_v2 spec_store_bypass l1tf mds
bogomips	: 5588.70
clflush size	: 64
cache_alignment	: 64
address sizes	: 40 bits physical, 48 bits virtual
power management:

processor	: 13
vendor_id	: GenuineIntel
cpu family	: 6
model		: 44
model name	: Intel(R) Xeon(R) CPU           X5660  @ 2.80GHz
stepping	: 2
microcode	: 0x1f
cpu MHz		: 1612.303
cache size	: 12288 KB
physical id	: 0
siblings	: 12
core id		: 1
cpu cores	: 6
apicid		: 3
initial apicid	: 3
fpu		: yes
fpu_exception	: yes
cpuid level	: 11
wp		: yes
flags		: fpu vme de pse tsc msr pae mce cx8 apic sep mtrr pge mca cmov pat pse36 clflush dts acpi mmx fxsr sse sse2 ss ht tm pbe syscall nx pdpe1gb rdtscp lm constant_tsc arch_perfmon pebs bts rep_good nopl xtopology nonstop_tsc cpuid aperfmperf pni pclmulqdq dtes64 monitor ds_cpl vmx smx est tm2 ssse3 cx16 xtpr pdcm pcid dca sse4_1 sse4_2 popcnt aes lahf_lm epb pti ssbd ibrs ibpb stibp tpr_shadow vnmi flexpriority ept vpid dtherm ida arat flush_l1d
bugs		: cpu_meltdown spectre_v1 spectre_v2 spec_store_bypass l1tf mds
bogomips	: 5588.70
clflush size	: 64
cache_alignment	: 64
address sizes	: 40 bits physical, 48 bits virtual
power management:

processor	: 14
vendor_id	: GenuineIntel
cpu family	: 6
model		: 44
model name	: Intel(R) Xeon(R) CPU           X5660  @ 2.80GHz
stepping	: 2
microcode	: 0x1f
cpu MHz		: 1611.286
cache size	: 12288 KB
physical id	: 0
siblings	: 12
core id		: 2
cpu cores	: 6
apicid		: 5
initial apicid	: 5
fpu		: yes
fpu_exception	: yes
cpuid level	: 11
wp		: yes
flags		: fpu vme de pse tsc msr pae mce cx8 apic sep mtrr pge mca cmov pat pse36 clflush dts acpi mmx fxsr sse sse2 ss ht tm pbe syscall nx pdpe1gb rdtscp lm constant_tsc arch_perfmon pebs bts rep_good nopl xtopology nonstop_tsc cpuid aperfmperf pni pclmulqdq dtes64 monitor ds_cpl vmx smx est tm2 ssse3 cx16 xtpr pdcm pcid dca sse4_1 sse4_2 popcnt aes lahf_lm epb pti ssbd ibrs ibpb stibp tpr_shadow vnmi flexpriority ept vpid dtherm ida arat flush_l1d
bugs		: cpu_meltdown spectre_v1 spectre_v2 spec_store_bypass l1tf mds
bogomips	: 5588.70
clflush size	: 64
cache_alignment	: 64
address sizes	: 40 bits physical, 48 bits virtual
power management:

processor	: 15
vendor_id	: GenuineIntel
cpu family	: 6
model		: 44
model name	: Intel(R) Xeon(R) CPU           X5660  @ 2.80GHz
stepping	: 2
microcode	: 0x1f
cpu MHz		: 1642.215
cache size	: 12288 KB
physical id	: 0
siblings	: 12
core id		: 8
cpu cores	: 6
apicid		: 17
initial apicid	: 17
fpu		: yes
fpu_exception	: yes
cpuid level	: 11
wp		: yes
flags		: fpu vme de pse tsc msr pae mce cx8 apic sep mtrr pge mca cmov pat pse36 clflush dts acpi mmx fxsr sse sse2 ss ht tm pbe syscall nx pdpe1gb rdtscp lm constant_tsc arch_perfmon pebs bts rep_good nopl xtopology nonstop_tsc cpuid aperfmperf pni pclmulqdq dtes64 monitor ds_cpl vmx smx est tm2 ssse3 cx16 xtpr pdcm pcid dca sse4_1 sse4_2 popcnt aes lahf_lm epb pti ssbd ibrs ibpb stibp tpr_shadow vnmi flexpriority ept vpid dtherm ida arat flush_l1d
bugs		: cpu_meltdown spectre_v1 spectre_v2 spec_store_bypass l1tf mds
bogomips	: 5588.70
clflush size	: 64
cache_alignment	: 64
address sizes	: 40 bits physical, 48 bits virtual
power management:

processor	: 16
vendor_id	: GenuineIntel
cpu family	: 6
model		: 44
model name	: Intel(R) Xeon(R) CPU           X5660  @ 2.80GHz
stepping	: 2
microcode	: 0x1f
cpu MHz		: 1665.341
cache size	: 12288 KB
physical id	: 0
siblings	: 12
core id		: 9
cpu cores	: 6
apicid		: 19
initial apicid	: 19
fpu		: yes
fpu_exception	: yes
cpuid level	: 11
wp		: yes
flags		: fpu vme de pse tsc msr pae mce cx8 apic sep mtrr pge mca cmov pat pse36 clflush dts acpi mmx fxsr sse sse2 ss ht tm pbe syscall nx pdpe1gb rdtscp lm constant_tsc arch_perfmon pebs bts rep_good nopl xtopology nonstop_tsc cpuid aperfmperf pni pclmulqdq dtes64 monitor ds_cpl vmx smx est tm2 ssse3 cx16 xtpr pdcm pcid dca sse4_1 sse4_2 popcnt aes lahf_lm epb pti ssbd ibrs ibpb stibp tpr_shadow vnmi flexpriority ept vpid dtherm ida arat flush_l1d
bugs		: cpu_meltdown spectre_v1 spectre_v2 spec_store_bypass l1tf mds
bogomips	: 5588.70
clflush size	: 64
cache_alignment	: 64
address sizes	: 40 bits physical, 48 bits virtual
power management:

processor	: 17
vendor_id	: GenuineIntel
cpu family	: 6
model		: 44
model name	: Intel(R) Xeon(R) CPU           X5660  @ 2.80GHz
stepping	: 2
microcode	: 0x1f
cpu MHz		: 1621.746
cache size	: 12288 KB
physical id	: 0
siblings	: 12
core id		: 10
cpu cores	: 6
apicid		: 21
initial apicid	: 21
fpu		: yes
fpu_exception	: yes
cpuid level	: 11
wp		: yes
flags		: fpu vme de pse tsc msr pae mce cx8 apic sep mtrr pge mca cmov pat pse36 clflush dts acpi mmx fxsr sse sse2 ss ht tm pbe syscall nx pdpe1gb rdtscp lm constant_tsc arch_perfmon pebs bts rep_good nopl xtopology nonstop_tsc cpuid aperfmperf pni pclmulqdq dtes64 monitor ds_cpl vmx smx est tm2 ssse3 cx16 xtpr pdcm pcid dca sse4_1 sse4_2 popcnt aes lahf_lm epb pti ssbd ibrs ibpb stibp tpr_shadow vnmi flexpriority ept vpid dtherm ida arat flush_l1d
bugs		: cpu_meltdown spectre_v1 spectre_v2 spec_store_bypass l1tf mds
bogomips	: 5588.70
clflush size	: 64
cache_alignment	: 64
address sizes	: 40 bits physical, 48 bits virtual
power management:

processor	: 18
vendor_id	: GenuineIntel
cpu family	: 6
model		: 44
model name	: Intel(R) Xeon(R) CPU           X5660  @ 2.80GHz
stepping	: 2
microcode	: 0x1f
cpu MHz		: 1799.471
cache size	: 12288 KB
physical id	: 1
siblings	: 12
core id		: 0
cpu cores	: 6
apicid		: 33
initial apicid	: 33
fpu		: yes
fpu_exception	: yes
cpuid level	: 11
wp		: yes
flags		: fpu vme de pse tsc msr pae mce cx8 apic sep mtrr pge mca cmov pat pse36 clflush dts acpi mmx fxsr sse sse2 ss ht tm pbe syscall nx pdpe1gb rdtscp lm constant_tsc arch_perfmon pebs bts rep_good nopl xtopology nonstop_tsc cpuid aperfmperf pni pclmulqdq dtes64 monitor ds_cpl vmx smx est tm2 ssse3 cx16 xtpr pdcm pcid dca sse4_1 sse4_2 popcnt aes lahf_lm epb pti ssbd ibrs ibpb stibp tpr_shadow vnmi flexpriority ept vpid dtherm ida arat flush_l1d
bugs		: cpu_meltdown spectre_v1 spectre_v2 spec_store_bypass l1tf mds
bogomips	: 5588.79
clflush size	: 64
cache_alignment	: 64
address sizes	: 40 bits physical, 48 bits virtual
power management:

processor	: 19
vendor_id	: GenuineIntel
cpu family	: 6
model		: 44
model name	: Intel(R) Xeon(R) CPU           X5660  @ 2.80GHz
stepping	: 2
microcode	: 0x1f
cpu MHz		: 2289.409
cache size	: 12288 KB
physical id	: 1
siblings	: 12
core id		: 1
cpu cores	: 6
apicid		: 35
initial apicid	: 35
fpu		: yes
fpu_exception	: yes
cpuid level	: 11
wp		: yes
flags		: fpu vme de pse tsc msr pae mce cx8 apic sep mtrr pge mca cmov pat pse36 clflush dts acpi mmx fxsr sse sse2 ss ht tm pbe syscall nx pdpe1gb rdtscp lm constant_tsc arch_perfmon pebs bts rep_good nopl xtopology nonstop_tsc cpuid aperfmperf pni pclmulqdq dtes64 monitor ds_cpl vmx smx est tm2 ssse3 cx16 xtpr pdcm pcid dca sse4_1 sse4_2 popcnt aes lahf_lm epb pti ssbd ibrs ibpb stibp tpr_shadow vnmi flexpriority ept vpid dtherm ida arat flush_l1d
bugs		: cpu_meltdown spectre_v1 spectre_v2 spec_store_bypass l1tf mds
bogomips	: 5588.79
clflush size	: 64
cache_alignment	: 64
address sizes	: 40 bits physical, 48 bits virtual
power management:

processor	: 20
vendor_id	: GenuineIntel
cpu family	: 6
model		: 44
model name	: Intel(R) Xeon(R) CPU           X5660  @ 2.80GHz
stepping	: 2
microcode	: 0x1f
cpu MHz		: 1663.427
cache size	: 12288 KB
physical id	: 1
siblings	: 12
core id		: 2
cpu cores	: 6
apicid		: 37
initial apicid	: 37
fpu		: yes
fpu_exception	: yes
cpuid level	: 11
wp		: yes
flags		: fpu vme de pse tsc msr pae mce cx8 apic sep mtrr pge mca cmov pat pse36 clflush dts acpi mmx fxsr sse sse2 ss ht tm pbe syscall nx pdpe1gb rdtscp lm constant_tsc arch_perfmon pebs bts rep_good nopl xtopology nonstop_tsc cpuid aperfmperf pni pclmulqdq dtes64 monitor ds_cpl vmx smx est tm2 ssse3 cx16 xtpr pdcm pcid dca sse4_1 sse4_2 popcnt aes lahf_lm epb pti ssbd ibrs ibpb stibp tpr_shadow vnmi flexpriority ept vpid dtherm ida arat flush_l1d
bugs		: cpu_meltdown spectre_v1 spectre_v2 spec_store_bypass l1tf mds
bogomips	: 5588.79
clflush size	: 64
cache_alignment	: 64
address sizes	: 40 bits physical, 48 bits virtual
power management:

processor	: 21
vendor_id	: GenuineIntel
cpu family	: 6
model		: 44
model name	: Intel(R) Xeon(R) CPU           X5660  @ 2.80GHz
stepping	: 2
microcode	: 0x1f
cpu MHz		: 1882.149
cache size	: 12288 KB
physical id	: 1
siblings	: 12
core id		: 8
cpu cores	: 6
apicid		: 49
initial apicid	: 49
fpu		: yes
fpu_exception	: yes
cpuid level	: 11
wp		: yes
flags		: fpu vme de pse tsc msr pae mce cx8 apic sep mtrr pge mca cmov pat pse36 clflush dts acpi mmx fxsr sse sse2 ss ht tm pbe syscall nx pdpe1gb rdtscp lm constant_tsc arch_perfmon pebs bts rep_good nopl xtopology nonstop_tsc cpuid aperfmperf pni pclmulqdq dtes64 monitor ds_cpl vmx smx est tm2 ssse3 cx16 xtpr pdcm pcid dca sse4_1 sse4_2 popcnt aes lahf_lm epb pti ssbd ibrs ibpb stibp tpr_shadow vnmi flexpriority ept vpid dtherm ida arat flush_l1d
bugs		: cpu_meltdown spectre_v1 spectre_v2 spec_store_bypass l1tf mds
bogomips	: 5588.79
clflush size	: 64
cache_alignment	: 64
address sizes	: 40 bits physical, 48 bits virtual
power management:

processor	: 22
vendor_id	: GenuineIntel
cpu family	: 6
model		: 44
model name	: Intel(R) Xeon(R) CPU           X5660  @ 2.80GHz
stepping	: 2
microcode	: 0x1f
cpu MHz		: 2064.837
cache size	: 12288 KB
physical id	: 1
siblings	: 12
core id		: 9
cpu cores	: 6
apicid		: 51
initial apicid	: 51
fpu		: yes
fpu_exception	: yes
cpuid level	: 11
wp		: yes
flags		: fpu vme de pse tsc msr pae mce cx8 apic sep mtrr pge mca cmov pat pse36 clflush dts acpi mmx fxsr sse sse2 ss ht tm pbe syscall nx pdpe1gb rdtscp lm constant_tsc arch_perfmon pebs bts rep_good nopl xtopology nonstop_tsc cpuid aperfmperf pni pclmulqdq dtes64 monitor ds_cpl vmx smx est tm2 ssse3 cx16 xtpr pdcm pcid dca sse4_1 sse4_2 popcnt aes lahf_lm epb pti ssbd ibrs ibpb stibp tpr_shadow vnmi flexpriority ept vpid dtherm ida arat flush_l1d
bugs		: cpu_meltdown spectre_v1 spectre_v2 spec_store_bypass l1tf mds
bogomips	: 5588.79
clflush size	: 64
cache_alignment	: 64
address sizes	: 40 bits physical, 48 bits virtual
power management:

processor	: 23
vendor_id	: GenuineIntel
cpu family	: 6
model		: 44
model name	: Intel(R) Xeon(R) CPU           X5660  @ 2.80GHz
stepping	: 2
microcode	: 0x1f
cpu MHz		: 1802.609
cache size	: 12288 KB
physical id	: 1
siblings	: 12
core id		: 10
cpu cores	: 6
apicid		: 53
initial apicid	: 53
fpu		: yes
fpu_exception	: yes
cpuid level	: 11
wp		: yes
flags		: fpu vme de pse tsc msr pae mce cx8 apic sep mtrr pge mca cmov pat pse36 clflush dts acpi mmx fxsr sse sse2 ss ht tm pbe syscall nx pdpe1gb rdtscp lm constant_tsc arch_perfmon pebs bts rep_good nopl xtopology nonstop_tsc cpuid aperfmperf pni pclmulqdq dtes64 monitor ds_cpl vmx smx est tm2 ssse3 cx16 xtpr pdcm pcid dca sse4_1 sse4_2 popcnt aes lahf_lm epb pti ssbd ibrs ibpb stibp tpr_shadow vnmi flexpriority ept vpid dtherm ida arat flush_l1d
bugs		: cpu_meltdown spectre_v1 spectre_v2 spec_store_bypass l1tf mds
bogomips	: 5588.79
clflush size	: 64
cache_alignment	: 64
address sizes	: 40 bits physical, 48 bits virtual
power management:



Memory: 4k page, physical 49429836k(31208304k free), swap 4194300k(4194300k free)

vm_info: OpenJDK 64-Bit Server VM (25.222-b05) for linux-amd64 JRE (1.8.0_222-b05), built on Jun 18 2019 08:19:03 by "builduser" with gcc 8.3.0

time: Thu Aug  8 21:12:54 2019
timezone: AEST
elapsed time: 0 seconds (0d 0h 0m 0s)

